<?xml version="1.0" encoding="UTF-8"?>
<TestRun id="39a61a1b-806b-414d-aaa9-46ebe28942c3" name="SYSTEM@DESKTOP-5AJ0SB3 2020-12-31 12:26:23" runUser="NT AUTHORITY\SYSTEM" xmlns="http://microsoft.com/schemas/VisualStudio/TeamTest/2010">
  <TestSettings name="Default Test Settings" id="b5f99ed6-27e7-4909-99bc-6e92ffd802c1">
    <Deployment userDeploymentRoot="E:\Automation\Automation_API_Windows\Monetization_Automation\Monetization_Automation\Monetization_Automation\AutomationAPIExecutionResultsFiles" useDefaultDeploymentRoot="false" runDeploymentRoot="SYSTEM_DESKTOP-5AJ0SB3 2020-12-31 12_26_23" />
    <Execution>
      <TestTypeSpecific />
      <AgentRule name="Execution Agents">
      </AgentRule>
    </Execution>
    <Properties />
  </TestSettings>
  <Times creation="2020-12-31T12:26:23.7710904+05:00" queuing="2020-12-31T12:26:35.4728021+05:00" start="2020-12-31T12:26:35.6909940+05:00" finish="2020-12-31T12:38:00.9381528+05:00" />
  <ResultSummary outcome="Warning">
    <Counters total="7" executed="7" passed="7" error="0" failed="0" timeout="0" aborted="0" inconclusive="0" passedButRunAborted="0" notRunnable="0" notExecuted="0" disconnected="0" warning="0" completed="0" inProgress="0" pending="0" />
    <RunInfos>
      <RunInfo computerName="DESKTOP-5AJ0SB3" outcome="Warning" timestamp="2020-12-31T12:26:35.4368258+05:00">
        <Text>Warning: conflict during test run deployment: deployment item 'E:\Automation\Automation_API_Windows\Monetization_Automation\Monetization_Automation\Monetization_Automation\Monetization_Automation.Utils\Monetization_Automation.Utils\bin\Debug\Monetization_Automation.Utils.dll' specified by the test 'Monetization_Automation.Test.F_SyncAppUnityAPIInputGenerator.G_SyncAppunityMainMethodCodeGenerator' cannot be deployed to 'Google.Protobuf.dll' because otherwise the file 'E:\Automation\Automation_API_Windows\Monetization_Automation\Monetization_Automation\Monetization_Automation\Monetization_Automation.Utils\Monetization_Automation.Utils\bin\Debug\Google.Protobuf.dll' would overwrite deployment item 'e:\automation\automation_api_windows\monetization_automation\monetization_automation\monetization_automation\testingapi\bin\debug\Google.Protobuf.dll' directly or indirectly referenced by the test container 'e:\automation\automation_api_windows\monetization_automation\monetization_automation\monetization_automation\testingapi\bin\debug\monetization_automation.test.dll'.</Text>
      </RunInfo>
      <RunInfo computerName="DESKTOP-5AJ0SB3" outcome="Warning" timestamp="2020-12-31T12:26:35.4368258+05:00">
        <Text>Warning: conflict during test run deployment: deployment item 'E:\Automation\Automation_API_Windows\Monetization_Automation\Monetization_Automation\Monetization_Automation\Monetization_Automation.Utils\Monetization_Automation.Utils\bin\Debug\Monetization_Automation.Utils.dll' specified by the test 'Monetization_Automation.Test.F_SyncAppUnityAPIInputGenerator.G_SyncAppunityMainMethodCodeGenerator' cannot be deployed to 'K4os.Compression.LZ4.Streams.dll' because otherwise the file 'E:\Automation\Automation_API_Windows\Monetization_Automation\Monetization_Automation\Monetization_Automation\Monetization_Automation.Utils\Monetization_Automation.Utils\bin\Debug\K4os.Compression.LZ4.Streams.dll' would overwrite deployment item 'e:\automation\automation_api_windows\monetization_automation\monetization_automation\monetization_automation\testingapi\bin\debug\K4os.Compression.LZ4.Streams.dll' directly or indirectly referenced by the test container 'e:\automation\automation_api_windows\monetization_automation\monetization_automation\monetization_automation\testingapi\bin\debug\monetization_automation.test.dll'.</Text>
      </RunInfo>
      <RunInfo computerName="DESKTOP-5AJ0SB3" outcome="Warning" timestamp="2020-12-31T12:26:35.4368258+05:00">
        <Text>Warning: conflict during test run deployment: deployment item 'E:\Automation\Automation_API_Windows\Monetization_Automation\Monetization_Automation\Monetization_Automation\Monetization_Automation.Utils\Monetization_Automation.Utils\bin\Debug\Monetization_Automation.Utils.dll' specified by the test 'Monetization_Automation.Test.F_SyncAppUnityAPIInputGenerator.G_SyncAppunityMainMethodCodeGenerator' cannot be deployed to 'K4os.Compression.LZ4.dll' because otherwise the file 'E:\Automation\Automation_API_Windows\Monetization_Automation\Monetization_Automation\Monetization_Automation\Monetization_Automation.Utils\Monetization_Automation.Utils\bin\Debug\K4os.Compression.LZ4.dll' would overwrite deployment item 'e:\automation\automation_api_windows\monetization_automation\monetization_automation\monetization_automation\testingapi\bin\debug\K4os.Compression.LZ4.dll' directly or indirectly referenced by the test container 'e:\automation\automation_api_windows\monetization_automation\monetization_automation\monetization_automation\testingapi\bin\debug\monetization_automation.test.dll'.</Text>
      </RunInfo>
      <RunInfo computerName="DESKTOP-5AJ0SB3" outcome="Warning" timestamp="2020-12-31T12:26:35.4368258+05:00">
        <Text>Warning: conflict during test run deployment: deployment item 'E:\Automation\Automation_API_Windows\Monetization_Automation\Monetization_Automation\Monetization_Automation\Monetization_Automation.Utils\Monetization_Automation.Utils\bin\Debug\Monetization_Automation.Utils.dll' specified by the test 'Monetization_Automation.Test.F_SyncAppUnityAPIInputGenerator.G_SyncAppunityMainMethodCodeGenerator' cannot be deployed to 'System.Memory.dll' because otherwise the file 'E:\Automation\Automation_API_Windows\Monetization_Automation\Monetization_Automation\Monetization_Automation\Monetization_Automation.Utils\Monetization_Automation.Utils\bin\Debug\System.Memory.dll' would overwrite deployment item 'e:\automation\automation_api_windows\monetization_automation\monetization_automation\monetization_automation\testingapi\bin\debug\System.Memory.dll' directly or indirectly referenced by the test container 'e:\automation\automation_api_windows\monetization_automation\monetization_automation\monetization_automation\testingapi\bin\debug\monetization_automation.test.dll'.</Text>
      </RunInfo>
      <RunInfo computerName="DESKTOP-5AJ0SB3" outcome="Warning" timestamp="2020-12-31T12:26:35.4368258+05:00">
        <Text>Warning: conflict during test run deployment: deployment item 'E:\Automation\Automation_API_Windows\Monetization_Automation\Monetization_Automation\Monetization_Automation\Monetization_Automation.Utils\Monetization_Automation.Utils\bin\Debug\Monetization_Automation.Utils.dll' specified by the test 'Monetization_Automation.Test.F_SyncAppUnityAPIInputGenerator.G_SyncAppunityMainMethodCodeGenerator' cannot be deployed to 'System.Numerics.Vectors.dll' because otherwise the file 'E:\Automation\Automation_API_Windows\Monetization_Automation\Monetization_Automation\Monetization_Automation\Monetization_Automation.Utils\Monetization_Automation.Utils\bin\Debug\System.Numerics.Vectors.dll' would overwrite deployment item 'e:\automation\automation_api_windows\monetization_automation\monetization_automation\monetization_automation\testingapi\bin\debug\System.Numerics.Vectors.dll' directly or indirectly referenced by the test container 'e:\automation\automation_api_windows\monetization_automation\monetization_automation\monetization_automation\testingapi\bin\debug\monetization_automation.test.dll'.</Text>
      </RunInfo>
      <RunInfo computerName="DESKTOP-5AJ0SB3" outcome="Warning" timestamp="2020-12-31T12:26:35.4378254+05:00">
        <Text>Warning: conflict during test run deployment: deployment item 'E:\Automation\Automation_API_Windows\Monetization_Automation\Monetization_Automation\Monetization_Automation\Monetization_Automation.Utils\Monetization_Automation.Utils\bin\Debug\Monetization_Automation.Utils.dll' specified by the test 'Monetization_Automation.Test.F_SyncAppUnityAPIInputGenerator.G_SyncAppunityMainMethodCodeGenerator' cannot be deployed to 'BouncyCastle.Crypto.dll' because otherwise the file 'E:\Automation\Automation_API_Windows\Monetization_Automation\Monetization_Automation\Monetization_Automation\Monetization_Automation.Utils\Monetization_Automation.Utils\bin\Debug\BouncyCastle.Crypto.dll' would overwrite deployment item 'e:\automation\automation_api_windows\monetization_automation\monetization_automation\monetization_automation\testingapi\bin\debug\BouncyCastle.Crypto.dll' directly or indirectly referenced by the test container 'e:\automation\automation_api_windows\monetization_automation\monetization_automation\monetization_automation\testingapi\bin\debug\monetization_automation.test.dll'.</Text>
      </RunInfo>
      <RunInfo computerName="DESKTOP-5AJ0SB3" outcome="Warning" timestamp="2020-12-31T12:26:35.4378254+05:00">
        <Text>Warning: Test Run deployment issue: The assembly or module 'office' directly or indirectly referenced by the test container 'e:\automation\automation_api_windows\monetization_automation\monetization_automation\monetization_automation\testingapi\bin\debug\monetization_automation.test.dll' was not found.</Text>
      </RunInfo>
      <RunInfo computerName="DESKTOP-5AJ0SB3" outcome="Warning" timestamp="2020-12-31T12:26:35.4378254+05:00">
        <Text>Warning: Test Run deployment issue: The assembly or module 'Microsoft.Vbe.Interop' directly or indirectly referenced by the test container 'e:\automation\automation_api_windows\monetization_automation\monetization_automation\monetization_automation\testingapi\bin\debug\monetization_automation.test.dll' was not found.</Text>
      </RunInfo>
      <RunInfo computerName="DESKTOP-5AJ0SB3" outcome="Warning" timestamp="2020-12-31T12:26:35.4378254+05:00">
        <Text>Warning: Test Run deployment issue: The assembly or module 'System.Memory' directly or indirectly referenced by deployment item 'E:\Automation\Automation_API_Windows\Monetization_Automation\Monetization_Automation\Monetization_Automation\Monetization_Automation.Utils\Monetization_Automation.Utils\bin\Debug\Monetization_Automation.Utils.dll' specified by the test 'Monetization_Automation.Test.F_SyncAppUnityAPIInputGenerator.G_SyncAppunityMainMethodCodeGenerator' was not found.</Text>
      </RunInfo>
      <RunInfo computerName="DESKTOP-5AJ0SB3" outcome="Warning" timestamp="2020-12-31T12:26:35.4378254+05:00">
        <Text>Warning: Test Run deployment issue: The assembly or module 'System.Runtime.CompilerServices.Unsafe' directly or indirectly referenced by deployment item 'E:\Automation\Automation_API_Windows\Monetization_Automation\Monetization_Automation\Monetization_Automation\Monetization_Automation.Utils\Monetization_Automation.Utils\bin\Debug\Monetization_Automation.Utils.dll' specified by the test 'Monetization_Automation.Test.F_SyncAppUnityAPIInputGenerator.G_SyncAppunityMainMethodCodeGenerator' was not found.</Text>
      </RunInfo>
      <RunInfo computerName="DESKTOP-5AJ0SB3" outcome="Warning" timestamp="2020-12-31T12:26:35.4378254+05:00">
        <Text>Warning: Test Run deployment issue: The assembly or module 'System.Buffers' directly or indirectly referenced by deployment item 'E:\Automation\Automation_API_Windows\Monetization_Automation\Monetization_Automation\Monetization_Automation\Monetization_Automation.Utils\Monetization_Automation.Utils\bin\Debug\Monetization_Automation.Utils.dll' specified by the test 'Monetization_Automation.Test.F_SyncAppUnityAPIInputGenerator.G_SyncAppunityMainMethodCodeGenerator' was not found.</Text>
      </RunInfo>
    </RunInfos>
  </ResultSummary>
  <TestDefinitions>
    <UnitTest name="G_SyncAppunityMainMethodCodeGenerator" storage="e:\automation\automation_api_windows\monetization_automation\monetization_automation\monetization_automation\testingapi\bin\debug\monetization_automation.test.dll" id="f70c910a-cc07-24cb-0d1c-bc2c00fc396f">
      <DeploymentItems>
        <DeploymentItem filename="E:\Automation\Automation_API_Windows\Monetization_Automation\Monetization_Automation\Monetization_Automation\Monetization_Automation.Utils\Monetization_Automation.Utils\bin\Debug\Monetization_Automation.Utils.dll" />
      </DeploymentItems>
      <Execution id="6caedb84-b5f6-4982-9c62-b293b41ca593" />
      <TestMethod codeBase="E:/Automation/Automation_API_Windows/Monetization_Automation/Monetization_Automation/Monetization_Automation/TestingAPI/bin/Debug/Monetization_Automation.Test.DLL" adapterTypeName="Microsoft.VisualStudio.TestTools.TestTypes.Unit.UnitTestAdapter, Microsoft.VisualStudio.QualityTools.Tips.UnitTest.Adapter, Version=16.0.0.0, Culture=neutral, PublicKeyToken=b03f5f7f11d50a3a" className="Monetization_Automation.Test.F_SyncAppUnityAPIInputGenerator, Monetization_Automation.Test, Version=1.0.0.0, Culture=neutral, PublicKeyToken=null" name="G_SyncAppunityMainMethodCodeGenerator" />
    </UnitTest>
    <UnitTest name="B_CampaignLogSummaryMainMethodCodeGenerator" storage="e:\automation\automation_api_windows\monetization_automation\monetization_automation\monetization_automation\testingapi\bin\debug\monetization_automation.test.dll" id="04151d7f-9c61-1489-4cc0-5cc1dc07baee">
      <DeploymentItems>
        <DeploymentItem filename="E:\Automation\Automation_API_Windows\Monetization_Automation\Monetization_Automation\Monetization_Automation\Monetization_Automation.Utils\Monetization_Automation.Utils\bin\Debug\Monetization_Automation.Utils.dll" />
      </DeploymentItems>
      <Execution id="9d97e41d-e7a1-4822-9a92-d2980ef442ca" />
      <TestMethod codeBase="E:/Automation/Automation_API_Windows/Monetization_Automation/Monetization_Automation/Monetization_Automation/TestingAPI/bin/Debug/Monetization_Automation.Test.DLL" adapterTypeName="Microsoft.VisualStudio.TestTools.TestTypes.Unit.UnitTestAdapter, Microsoft.VisualStudio.QualityTools.Tips.UnitTest.Adapter, Version=16.0.0.0, Culture=neutral, PublicKeyToken=b03f5f7f11d50a3a" className="Monetization_Automation.Test.B_CampaignLogSummaryAPIInputGenerator, Monetization_Automation.Test, Version=1.0.0.0, Culture=neutral, PublicKeyToken=null" name="B_CampaignLogSummaryMainMethodCodeGenerator" />
    </UnitTest>
    <UnitTest name="E_StartNewAdSessionMainInputGenerator" storage="e:\automation\automation_api_windows\monetization_automation\monetization_automation\monetization_automation\testingapi\bin\debug\monetization_automation.test.dll" id="bfc1b289-dbbb-3bad-fc5e-78e601449e19">
      <DeploymentItems>
        <DeploymentItem filename="E:\Automation\Automation_API_Windows\Monetization_Automation\Monetization_Automation\Monetization_Automation\Monetization_Automation.Utils\Monetization_Automation.Utils\bin\Debug\Monetization_Automation.Utils.dll" />
      </DeploymentItems>
      <Execution id="0f349177-a553-43d8-ac62-913524761b3a" />
      <TestMethod codeBase="E:/Automation/Automation_API_Windows/Monetization_Automation/Monetization_Automation/Monetization_Automation/TestingAPI/bin/Debug/Monetization_Automation.Test.DLL" adapterTypeName="Microsoft.VisualStudio.TestTools.TestTypes.Unit.UnitTestAdapter, Microsoft.VisualStudio.QualityTools.Tips.UnitTest.Adapter, Version=16.0.0.0, Culture=neutral, PublicKeyToken=b03f5f7f11d50a3a" className="Monetization_Automation.Test.E_StartNewAdSessionInputGenerator, Monetization_Automation.Test, Version=1.0.0.0, Culture=neutral, PublicKeyToken=null" name="E_StartNewAdSessionMainInputGenerator" />
    </UnitTest>
    <UnitTest name="A_SyncAppNativeMainMethodInputGenerator" storage="e:\automation\automation_api_windows\monetization_automation\monetization_automation\monetization_automation\testingapi\bin\debug\monetization_automation.test.dll" id="b1df3d41-c071-e99d-12ca-f9fb92f1350c">
      <DeploymentItems>
        <DeploymentItem filename="E:\Automation\Automation_API_Windows\Monetization_Automation\Monetization_Automation\Monetization_Automation\Monetization_Automation.Utils\Monetization_Automation.Utils\bin\Debug\Monetization_Automation.Utils.dll" />
      </DeploymentItems>
      <Execution id="aebb5528-3617-43b4-bbfd-81c718d320c1" />
      <TestMethod codeBase="E:/Automation/Automation_API_Windows/Monetization_Automation/Monetization_Automation/Monetization_Automation/TestingAPI/bin/Debug/Monetization_Automation.Test.DLL" adapterTypeName="Microsoft.VisualStudio.TestTools.TestTypes.Unit.UnitTestAdapter, Microsoft.VisualStudio.QualityTools.Tips.UnitTest.Adapter, Version=16.0.0.0, Culture=neutral, PublicKeyToken=b03f5f7f11d50a3a" className="Monetization_Automation.Test.A_SyncAppNativeAPIInputGenerator, Monetization_Automation.Test, Version=1.0.0.0, Culture=neutral, PublicKeyToken=null" name="A_SyncAppNativeMainMethodInputGenerator" />
    </UnitTest>
    <UnitTest name="D_SaveNetworkrStatsMainMethodCodeGenerator" storage="e:\automation\automation_api_windows\monetization_automation\monetization_automation\monetization_automation\testingapi\bin\debug\monetization_automation.test.dll" id="20f0da05-06f5-50cc-bee5-9ac7cf561794">
      <DeploymentItems>
        <DeploymentItem filename="E:\Automation\Automation_API_Windows\Monetization_Automation\Monetization_Automation\Monetization_Automation\Monetization_Automation.Utils\Monetization_Automation.Utils\bin\Debug\Monetization_Automation.Utils.dll" />
      </DeploymentItems>
      <Execution id="fca1d679-b2bc-45ea-8680-4c56b74988bb" />
      <TestMethod codeBase="E:/Automation/Automation_API_Windows/Monetization_Automation/Monetization_Automation/Monetization_Automation/TestingAPI/bin/Debug/Monetization_Automation.Test.DLL" adapterTypeName="Microsoft.VisualStudio.TestTools.TestTypes.Unit.UnitTestAdapter, Microsoft.VisualStudio.QualityTools.Tips.UnitTest.Adapter, Version=16.0.0.0, Culture=neutral, PublicKeyToken=b03f5f7f11d50a3a" className="Monetization_Automation.Test.D_SaveNetworkrStatsAPIInputGenerator, Monetization_Automation.Test, Version=1.0.0.0, Culture=neutral, PublicKeyToken=null" name="D_SaveNetworkrStatsMainMethodCodeGenerator" />
    </UnitTest>
    <UnitTest name="C_RecordClicksFromDeviceMainMethodCodeGenerator" storage="e:\automation\automation_api_windows\monetization_automation\monetization_automation\monetization_automation\testingapi\bin\debug\monetization_automation.test.dll" id="d249d328-6d44-2c2d-6ed9-e0b5d6f69772">
      <DeploymentItems>
        <DeploymentItem filename="E:\Automation\Automation_API_Windows\Monetization_Automation\Monetization_Automation\Monetization_Automation\Monetization_Automation.Utils\Monetization_Automation.Utils\bin\Debug\Monetization_Automation.Utils.dll" />
      </DeploymentItems>
      <Execution id="4310a8d8-c5d8-4402-994f-06de9f8b5bf7" />
      <TestMethod codeBase="E:/Automation/Automation_API_Windows/Monetization_Automation/Monetization_Automation/Monetization_Automation/TestingAPI/bin/Debug/Monetization_Automation.Test.DLL" adapterTypeName="Microsoft.VisualStudio.TestTools.TestTypes.Unit.UnitTestAdapter, Microsoft.VisualStudio.QualityTools.Tips.UnitTest.Adapter, Version=16.0.0.0, Culture=neutral, PublicKeyToken=b03f5f7f11d50a3a" className="Monetization_Automation.Test.C_RecordClicksFromDeviceInputGenerator, Monetization_Automation.Test, Version=1.0.0.0, Culture=neutral, PublicKeyToken=null" name="C_RecordClicksFromDeviceMainMethodCodeGenerator" />
    </UnitTest>
    <UnitTest name="F_SyncUserDeviceMainMethodCodeGenerator" storage="e:\automation\automation_api_windows\monetization_automation\monetization_automation\monetization_automation\testingapi\bin\debug\monetization_automation.test.dll" id="4d0749f1-2acf-bf6d-9151-b617319ecfaf">
      <DeploymentItems>
        <DeploymentItem filename="E:\Automation\Automation_API_Windows\Monetization_Automation\Monetization_Automation\Monetization_Automation\Monetization_Automation.Utils\Monetization_Automation.Utils\bin\Debug\Monetization_Automation.Utils.dll" />
      </DeploymentItems>
      <Execution id="771d37a8-52f3-4392-8f38-0c33d5a04f34" />
      <TestMethod codeBase="E:/Automation/Automation_API_Windows/Monetization_Automation/Monetization_Automation/Monetization_Automation/TestingAPI/bin/Debug/Monetization_Automation.Test.DLL" adapterTypeName="Microsoft.VisualStudio.TestTools.TestTypes.Unit.UnitTestAdapter, Microsoft.VisualStudio.QualityTools.Tips.UnitTest.Adapter, Version=16.0.0.0, Culture=neutral, PublicKeyToken=b03f5f7f11d50a3a" className="Monetization_Automation.Test.G_SyncUserDeviceAPIInputGenerator, Monetization_Automation.Test, Version=1.0.0.0, Culture=neutral, PublicKeyToken=null" name="F_SyncUserDeviceMainMethodCodeGenerator" />
    </UnitTest>
  </TestDefinitions>
  <TestLists>
    <TestList name="Results Not in a List" id="8c84fa94-04c1-424b-9868-57a2d4851a1d" />
    <TestList name="All Loaded Results" id="19431567-8539-422a-85d7-44ee4e166bda" />
  </TestLists>
  <TestEntries>
    <TestEntry testId="b1df3d41-c071-e99d-12ca-f9fb92f1350c" executionId="aebb5528-3617-43b4-bbfd-81c718d320c1" testListId="8c84fa94-04c1-424b-9868-57a2d4851a1d" />
    <TestEntry testId="04151d7f-9c61-1489-4cc0-5cc1dc07baee" executionId="9d97e41d-e7a1-4822-9a92-d2980ef442ca" testListId="8c84fa94-04c1-424b-9868-57a2d4851a1d" />
    <TestEntry testId="d249d328-6d44-2c2d-6ed9-e0b5d6f69772" executionId="4310a8d8-c5d8-4402-994f-06de9f8b5bf7" testListId="8c84fa94-04c1-424b-9868-57a2d4851a1d" />
    <TestEntry testId="20f0da05-06f5-50cc-bee5-9ac7cf561794" executionId="fca1d679-b2bc-45ea-8680-4c56b74988bb" testListId="8c84fa94-04c1-424b-9868-57a2d4851a1d" />
    <TestEntry testId="bfc1b289-dbbb-3bad-fc5e-78e601449e19" executionId="0f349177-a553-43d8-ac62-913524761b3a" testListId="8c84fa94-04c1-424b-9868-57a2d4851a1d" />
    <TestEntry testId="f70c910a-cc07-24cb-0d1c-bc2c00fc396f" executionId="6caedb84-b5f6-4982-9c62-b293b41ca593" testListId="8c84fa94-04c1-424b-9868-57a2d4851a1d" />
    <TestEntry testId="4d0749f1-2acf-bf6d-9151-b617319ecfaf" executionId="771d37a8-52f3-4392-8f38-0c33d5a04f34" testListId="8c84fa94-04c1-424b-9868-57a2d4851a1d" />
  </TestEntries>
  <Results>
    <UnitTestResult executionId="aebb5528-3617-43b4-bbfd-81c718d320c1" testId="b1df3d41-c071-e99d-12ca-f9fb92f1350c" testName="A_SyncAppNativeMainMethodInputGenerator" computerName="DESKTOP-5AJ0SB3" duration="00:01:32.9977990" startTime="2020-12-31T12:26:35.8622115+05:00" endTime="2020-12-31T12:28:10.0206225+05:00" testType="13cdc9d9-ddb5-4fa4-a97d-d965ccfc6d4b" outcome="Passed" testListId="8c84fa94-04c1-424b-9868-57a2d4851a1d" relativeResultsDirectory="aebb5528-3617-43b4-bbfd-81c718d320c1">
      <Output>
        <DebugTrace>****************** http://52.13.174.6/sheeda/admin/json/syncApp
****************** 
SELECT apps.package, apps.osID, apps.companyID, users.userSignature, apps.appVersionCode, apps.appVersionName
FROM apps JOIN users ON apps.companyID = users.companyID
WHERE apps.sdkID &gt; 20 AND apps.app_type = 'app' AND users.isAdmin = 1 AND users. STATUS = 1 ORDER BY companyID ASC
LIMIT 50
****************** 
****************** SELECT sdkID, ver FROM `sdk_info` WHERE `description` LIKE '%Native mediation%' AND sdkID &gt; 2173 LIMIT 50
****************** 
****************** select adID from ads where ad_type != 'analytics' and ad_type ='interstitial'
****************** select adID from ads where ad_type != 'analytics' and ad_type ='banner'
****************** select adID from ads where ad_type != 'analytics' and ad_type ='native'
****************** select adID from ads where ad_type != 'analytics' and ad_type ='rewarded_video'
{"package":"com.sx.bank.transit.security.transport.atm.cash.van.simulator.game","store":"41","sdkVersionID":"2175","nativeApp":"1","sdkVersion":"2175","appVersionCode":"","appVersionName":"","appAdnetwork":[{"adID":"0","isAdavailable":"1"},{"adID":"28","isAdavailable":"1"},{"adID":"27","isAdavailable":"1"},{"adID":"4","isAdavailable":"1"},{"adID":"59","isAdavailable":"1"}],"userSignature":"a31265023c3eb8a0e11a55e1b57f3b30","gssdkVersion":"8.2.1"}: Status code forbidden, internet connectivity not availablehttp://52.13.174.6/sheeda/admin/json/syncApp please check your internet connection 0
{"package":"com.sx.bank.transit.security.transport.atm.cash.van.simulator.game","store":"41","sdkVersionID":"2175","nativeApp":"1","sdkVersion":"2175","appVersionCode":"","appVersionName":"","appAdnetwork":[{"adID":"0","isAdavailable":"1"},{"adID":"28","isAdavailable":"1"},{"adID":"27","isAdavailable":"1"},{"adID":"4","isAdavailable":"1"},{"adID":"59","isAdavailable":"1"}],"userSignature":"a31265023c3eb8a0e11a55e1b57f3b30","gssdkVersion":"8.2.1"}: Status code not OK,http://52.13.174.6/sheeda/admin/json/syncApp API has failed at 0 Forbidden{"message":"HTTP Error 401 - Unauthorized: Access is denied due to invalid credentials."}
{"package":"com.sx.bank.transit.security.transport.atm.cash.van.simulator.game","store":"41","sdkVersionID":"2175","nativeApp":"1","sdkVersion":"2175","appVersionCode":"","appVersionName":"","appAdnetwork":[{"adID":"0","isAdavailable":"1"},{"adID":"28","isAdavailable":"1"},{"adID":"27","isAdavailable":"1"},{"adID":"4","isAdavailable":"1"},{"adID":"59","isAdavailable":"1"}],"userSignature":"a31265023c3eb8a0e11a55e1b57f3b30","gssdkVersion":"8.2.1"}: http://52.13.174.6/sheeda/admin/json/syncAppAPI failed as it is not correct json response in content type 0{"message":"HTTP Error 401 - Unauthorized: Access is denied due to invalid credentials."}
{"package":"com.burbn.instagram","store":"42","sdkVersionID":"2177","nativeApp":"1","sdkVersion":"2177","appVersionCode":"","appVersionName":"","appAdnetwork":[{"adID":"2","isAdavailable":"1"},{"adID":"42","isAdavailable":"1"},{"adID":"44","isAdavailable":"1"},{"adID":"15","isAdavailable":"1"},{"adID":"59","isAdavailable":"1"}],"userSignature":"a31265023c3eb8a0e11a55e1b57f3b30","gssdkVersion":"8.2.1"}: Status code forbidden, internet connectivity not availablehttp://52.13.174.6/sheeda/admin/json/syncApp please check your internet connection 1
{"package":"com.burbn.instagram","store":"42","sdkVersionID":"2177","nativeApp":"1","sdkVersion":"2177","appVersionCode":"","appVersionName":"","appAdnetwork":[{"adID":"2","isAdavailable":"1"},{"adID":"42","isAdavailable":"1"},{"adID":"44","isAdavailable":"1"},{"adID":"15","isAdavailable":"1"},{"adID":"59","isAdavailable":"1"}],"userSignature":"a31265023c3eb8a0e11a55e1b57f3b30","gssdkVersion":"8.2.1"}: Status code not OK,http://52.13.174.6/sheeda/admin/json/syncApp API has failed at 1 Forbidden{"message":"HTTP Error 401 - Unauthorized: Access is denied due to invalid credentials."}
{"package":"com.burbn.instagram","store":"42","sdkVersionID":"2177","nativeApp":"1","sdkVersion":"2177","appVersionCode":"","appVersionName":"","appAdnetwork":[{"adID":"2","isAdavailable":"1"},{"adID":"42","isAdavailable":"1"},{"adID":"44","isAdavailable":"1"},{"adID":"15","isAdavailable":"1"},{"adID":"59","isAdavailable":"1"}],"userSignature":"a31265023c3eb8a0e11a55e1b57f3b30","gssdkVersion":"8.2.1"}: http://52.13.174.6/sheeda/admin/json/syncAppAPI failed as it is not correct json response in content type 1{"message":"HTTP Error 401 - Unauthorized: Access is denied due to invalid credentials."}
{"package":"com.threed.army.prisoner.transport","store":"41","sdkVersionID":"2183","nativeApp":"1","sdkVersion":"2183","appVersionCode":"","appVersionName":"","appAdnetwork":[{"adID":"5","isAdavailable":"1"},{"adID":"43","isAdavailable":"1"},{"adID":"58","isAdavailable":"1"},{"adID":"20","isAdavailable":"1"},{"adID":"59","isAdavailable":"1"}],"userSignature":"a31265023c3eb8a0e11a55e1b57f3b30","gssdkVersion":"v8.2.1"}: Status code forbidden, internet connectivity not availablehttp://52.13.174.6/sheeda/admin/json/syncApp please check your internet connection 2
{"package":"com.threed.army.prisoner.transport","store":"41","sdkVersionID":"2183","nativeApp":"1","sdkVersion":"2183","appVersionCode":"","appVersionName":"","appAdnetwork":[{"adID":"5","isAdavailable":"1"},{"adID":"43","isAdavailable":"1"},{"adID":"58","isAdavailable":"1"},{"adID":"20","isAdavailable":"1"},{"adID":"59","isAdavailable":"1"}],"userSignature":"a31265023c3eb8a0e11a55e1b57f3b30","gssdkVersion":"v8.2.1"}: Status code not OK,http://52.13.174.6/sheeda/admin/json/syncApp API has failed at 2 Forbidden{"message":"HTTP Error 401 - Unauthorized: Access is denied due to invalid credentials."}
{"package":"com.threed.army.prisoner.transport","store":"41","sdkVersionID":"2183","nativeApp":"1","sdkVersion":"2183","appVersionCode":"","appVersionName":"","appAdnetwork":[{"adID":"5","isAdavailable":"1"},{"adID":"43","isAdavailable":"1"},{"adID":"58","isAdavailable":"1"},{"adID":"20","isAdavailable":"1"},{"adID":"59","isAdavailable":"1"}],"userSignature":"a31265023c3eb8a0e11a55e1b57f3b30","gssdkVersion":"v8.2.1"}: http://52.13.174.6/sheeda/admin/json/syncAppAPI failed as it is not correct json response in content type 2{"message":"HTTP Error 401 - Unauthorized: Access is denied due to invalid credentials."}
{"package":"com.playaction.flying.dog.animal.rescue","store":"41","sdkVersionID":"2184","nativeApp":"1","sdkVersion":"2184","appVersionCode":"","appVersionName":"","appAdnetwork":[{"adID":"7","isAdavailable":"1"},{"adID":"45","isAdavailable":"1"},{"adID":"63","isAdavailable":"1"},{"adID":"21","isAdavailable":"1"},{"adID":"59","isAdavailable":"1"}],"userSignature":"a31265023c3eb8a0e11a55e1b57f3b30","gssdkVersion":"v8.2.1"}: Status code forbidden, internet connectivity not availablehttp://52.13.174.6/sheeda/admin/json/syncApp please check your internet connection 3
{"package":"com.playaction.flying.dog.animal.rescue","store":"41","sdkVersionID":"2184","nativeApp":"1","sdkVersion":"2184","appVersionCode":"","appVersionName":"","appAdnetwork":[{"adID":"7","isAdavailable":"1"},{"adID":"45","isAdavailable":"1"},{"adID":"63","isAdavailable":"1"},{"adID":"21","isAdavailable":"1"},{"adID":"59","isAdavailable":"1"}],"userSignature":"a31265023c3eb8a0e11a55e1b57f3b30","gssdkVersion":"v8.2.1"}: Status code not OK,http://52.13.174.6/sheeda/admin/json/syncApp API has failed at 3 Forbidden{"message":"HTTP Error 401 - Unauthorized: Access is denied due to invalid credentials."}
{"package":"com.playaction.flying.dog.animal.rescue","store":"41","sdkVersionID":"2184","nativeApp":"1","sdkVersion":"2184","appVersionCode":"","appVersionName":"","appAdnetwork":[{"adID":"7","isAdavailable":"1"},{"adID":"45","isAdavailable":"1"},{"adID":"63","isAdavailable":"1"},{"adID":"21","isAdavailable":"1"},{"adID":"59","isAdavailable":"1"}],"userSignature":"a31265023c3eb8a0e11a55e1b57f3b30","gssdkVersion":"v8.2.1"}: http://52.13.174.6/sheeda/admin/json/syncAppAPI failed as it is not correct json response in content type 3{"message":"HTTP Error 401 - Unauthorized: Access is denied due to invalid credentials."}
{"package":"com.playaction.slime.gangster.crime.city","store":"41","sdkVersionID":"2189","nativeApp":"1","sdkVersion":"2189","appVersionCode":"","appVersionName":"","appAdnetwork":[{"adID":"8","isAdavailable":"1"},{"adID":"49","isAdavailable":"1"},{"adID":"69","isAdavailable":"1"},{"adID":"24","isAdavailable":"1"},{"adID":"59","isAdavailable":"1"}],"userSignature":"a31265023c3eb8a0e11a55e1b57f3b30","gssdkVersion":"v8.3.1"}: Status code forbidden, internet connectivity not availablehttp://52.13.174.6/sheeda/admin/json/syncApp please check your internet connection 4
{"package":"com.playaction.slime.gangster.crime.city","store":"41","sdkVersionID":"2189","nativeApp":"1","sdkVersion":"2189","appVersionCode":"","appVersionName":"","appAdnetwork":[{"adID":"8","isAdavailable":"1"},{"adID":"49","isAdavailable":"1"},{"adID":"69","isAdavailable":"1"},{"adID":"24","isAdavailable":"1"},{"adID":"59","isAdavailable":"1"}],"userSignature":"a31265023c3eb8a0e11a55e1b57f3b30","gssdkVersion":"v8.3.1"}: Status code not OK,http://52.13.174.6/sheeda/admin/json/syncApp API has failed at 4 Forbidden{"message":"HTTP Error 401 - Unauthorized: Access is denied due to invalid credentials."}
{"package":"com.playaction.slime.gangster.crime.city","store":"41","sdkVersionID":"2189","nativeApp":"1","sdkVersion":"2189","appVersionCode":"","appVersionName":"","appAdnetwork":[{"adID":"8","isAdavailable":"1"},{"adID":"49","isAdavailable":"1"},{"adID":"69","isAdavailable":"1"},{"adID":"24","isAdavailable":"1"},{"adID":"59","isAdavailable":"1"}],"userSignature":"a31265023c3eb8a0e11a55e1b57f3b30","gssdkVersion":"v8.3.1"}: http://52.13.174.6/sheeda/admin/json/syncAppAPI failed as it is not correct json response in content type 4{"message":"HTTP Error 401 - Unauthorized: Access is denied due to invalid credentials."}
{"package":"com.sx.us.army.real.cruise.ship.transport.simulator.driving.game","store":"41","sdkVersionID":"2190","nativeApp":"1","sdkVersion":"2190","appVersionCode":"","appVersionName":"","appAdnetwork":[{"adID":"12","isAdavailable":"1"},{"adID":"53","isAdavailable":"1"},{"adID":"74","isAdavailable":"1"},{"adID":"25","isAdavailable":"1"},{"adID":"59","isAdavailable":"1"}],"userSignature":"a31265023c3eb8a0e11a55e1b57f3b30","gssdkVersion":"v8.3.1"}: Status code forbidden, internet connectivity not availablehttp://52.13.174.6/sheeda/admin/json/syncApp please check your internet connection 5
{"package":"com.sx.us.army.real.cruise.ship.transport.simulator.driving.game","store":"41","sdkVersionID":"2190","nativeApp":"1","sdkVersion":"2190","appVersionCode":"","appVersionName":"","appAdnetwork":[{"adID":"12","isAdavailable":"1"},{"adID":"53","isAdavailable":"1"},{"adID":"74","isAdavailable":"1"},{"adID":"25","isAdavailable":"1"},{"adID":"59","isAdavailable":"1"}],"userSignature":"a31265023c3eb8a0e11a55e1b57f3b30","gssdkVersion":"v8.3.1"}: Status code not OK,http://52.13.174.6/sheeda/admin/json/syncApp API has failed at 5 Forbidden{"message":"HTTP Error 401 - Unauthorized: Access is denied due to invalid credentials."}
{"package":"com.sx.us.army.real.cruise.ship.transport.simulator.driving.game","store":"41","sdkVersionID":"2190","nativeApp":"1","sdkVersion":"2190","appVersionCode":"","appVersionName":"","appAdnetwork":[{"adID":"12","isAdavailable":"1"},{"adID":"53","isAdavailable":"1"},{"adID":"74","isAdavailable":"1"},{"adID":"25","isAdavailable":"1"},{"adID":"59","isAdavailable":"1"}],"userSignature":"a31265023c3eb8a0e11a55e1b57f3b30","gssdkVersion":"v8.3.1"}: http://52.13.174.6/sheeda/admin/json/syncAppAPI failed as it is not correct json response in content type 5{"message":"HTTP Error 401 - Unauthorized: Access is denied due to invalid credentials."}
{"package":"com.apple.Numbers","store":"42","sdkVersionID":"2195","nativeApp":"1","sdkVersion":"2195","appVersionCode":"","appVersionName":"","appAdnetwork":[{"adID":"18","isAdavailable":"1"},{"adID":"56","isAdavailable":"1"},{"adID":"75","isAdavailable":"1"},{"adID":"26","isAdavailable":"1"},{"adID":"59","isAdavailable":"1"}],"userSignature":"a31265023c3eb8a0e11a55e1b57f3b30","gssdkVersion":"v8.4.1"}: Status code forbidden, internet connectivity not availablehttp://52.13.174.6/sheeda/admin/json/syncApp please check your internet connection 6
{"package":"com.apple.Numbers","store":"42","sdkVersionID":"2195","nativeApp":"1","sdkVersion":"2195","appVersionCode":"","appVersionName":"","appAdnetwork":[{"adID":"18","isAdavailable":"1"},{"adID":"56","isAdavailable":"1"},{"adID":"75","isAdavailable":"1"},{"adID":"26","isAdavailable":"1"},{"adID":"59","isAdavailable":"1"}],"userSignature":"a31265023c3eb8a0e11a55e1b57f3b30","gssdkVersion":"v8.4.1"}: Status code not OK,http://52.13.174.6/sheeda/admin/json/syncApp API has failed at 6 Forbidden{"message":"HTTP Error 401 - Unauthorized: Access is denied due to invalid credentials."}
{"package":"com.apple.Numbers","store":"42","sdkVersionID":"2195","nativeApp":"1","sdkVersion":"2195","appVersionCode":"","appVersionName":"","appAdnetwork":[{"adID":"18","isAdavailable":"1"},{"adID":"56","isAdavailable":"1"},{"adID":"75","isAdavailable":"1"},{"adID":"26","isAdavailable":"1"},{"adID":"59","isAdavailable":"1"}],"userSignature":"a31265023c3eb8a0e11a55e1b57f3b30","gssdkVersion":"v8.4.1"}: http://52.13.174.6/sheeda/admin/json/syncAppAPI failed as it is not correct json response in content type 6{"message":"HTTP Error 401 - Unauthorized: Access is denied due to invalid credentials."}
{"package":"com.threed.battleground.fire.survival.strike.shooting.game","store":"41","sdkVersionID":"2196","nativeApp":"1","sdkVersion":"2196","appVersionCode":"","appVersionName":"","appAdnetwork":[{"adID":"19","isAdavailable":"1"},{"adID":"57","isAdavailable":"1"},{"adID":"78","isAdavailable":"1"},{"adID":"32","isAdavailable":"1"},{"adID":"59","isAdavailable":"1"}],"userSignature":"a31265023c3eb8a0e11a55e1b57f3b30","gssdkVersion":"v8.4.1"}: Status code forbidden, internet connectivity not availablehttp://52.13.174.6/sheeda/admin/json/syncApp please check your internet connection 7
{"package":"com.threed.battleground.fire.survival.strike.shooting.game","store":"41","sdkVersionID":"2196","nativeApp":"1","sdkVersion":"2196","appVersionCode":"","appVersionName":"","appAdnetwork":[{"adID":"19","isAdavailable":"1"},{"adID":"57","isAdavailable":"1"},{"adID":"78","isAdavailable":"1"},{"adID":"32","isAdavailable":"1"},{"adID":"59","isAdavailable":"1"}],"userSignature":"a31265023c3eb8a0e11a55e1b57f3b30","gssdkVersion":"v8.4.1"}: Status code not OK,http://52.13.174.6/sheeda/admin/json/syncApp API has failed at 7 Forbidden{"message":"HTTP Error 401 - Unauthorized: Access is denied due to invalid credentials."}
{"package":"com.threed.battleground.fire.survival.strike.shooting.game","store":"41","sdkVersionID":"2196","nativeApp":"1","sdkVersion":"2196","appVersionCode":"","appVersionName":"","appAdnetwork":[{"adID":"19","isAdavailable":"1"},{"adID":"57","isAdavailable":"1"},{"adID":"78","isAdavailable":"1"},{"adID":"32","isAdavailable":"1"},{"adID":"59","isAdavailable":"1"}],"userSignature":"a31265023c3eb8a0e11a55e1b57f3b30","gssdkVersion":"v8.4.1"}: http://52.13.174.6/sheeda/admin/json/syncAppAPI failed as it is not correct json response in content type 7{"message":"HTTP Error 401 - Unauthorized: Access is denied due to invalid credentials."}
{"package":"com.deg.desert.car.destruction.derby.crash.stunts.racing","store":"41","sdkVersionID":"2203","nativeApp":"1","sdkVersion":"2203","appVersionCode":"","appVersionName":"","appAdnetwork":[{"adID":"29","isAdavailable":"1"},{"adID":"68","isAdavailable":"1"},{"adID":"79","isAdavailable":"1"},{"adID":"34","isAdavailable":"1"},{"adID":"59","isAdavailable":"1"}],"userSignature":"a31265023c3eb8a0e11a55e1b57f3b30","gssdkVersion":"v9.1.1"}: Status code forbidden, internet connectivity not availablehttp://52.13.174.6/sheeda/admin/json/syncApp please check your internet connection 8
{"package":"com.deg.desert.car.destruction.derby.crash.stunts.racing","store":"41","sdkVersionID":"2203","nativeApp":"1","sdkVersion":"2203","appVersionCode":"","appVersionName":"","appAdnetwork":[{"adID":"29","isAdavailable":"1"},{"adID":"68","isAdavailable":"1"},{"adID":"79","isAdavailable":"1"},{"adID":"34","isAdavailable":"1"},{"adID":"59","isAdavailable":"1"}],"userSignature":"a31265023c3eb8a0e11a55e1b57f3b30","gssdkVersion":"v9.1.1"}: Status code not OK,http://52.13.174.6/sheeda/admin/json/syncApp API has failed at 8 Forbidden{"message":"HTTP Error 401 - Unauthorized: Access is denied due to invalid credentials."}
{"package":"com.deg.desert.car.destruction.derby.crash.stunts.racing","store":"41","sdkVersionID":"2203","nativeApp":"1","sdkVersion":"2203","appVersionCode":"","appVersionName":"","appAdnetwork":[{"adID":"29","isAdavailable":"1"},{"adID":"68","isAdavailable":"1"},{"adID":"79","isAdavailable":"1"},{"adID":"34","isAdavailable":"1"},{"adID":"59","isAdavailable":"1"}],"userSignature":"a31265023c3eb8a0e11a55e1b57f3b30","gssdkVersion":"v9.1.1"}: http://52.13.174.6/sheeda/admin/json/syncAppAPI failed as it is not correct json response in content type 8{"message":"HTTP Error 401 - Unauthorized: Access is denied due to invalid credentials."}
{"package":"com.yhi.well.death.tuk.tuk.rickshaw.stunt.game","store":"41","sdkVersionID":"2175","nativeApp":"1","sdkVersion":"2175","appVersionCode":"","appVersionName":"","appAdnetwork":[{"adID":"0","isAdavailable":"1"},{"adID":"28","isAdavailable":"1"},{"adID":"27","isAdavailable":"1"},{"adID":"4","isAdavailable":"1"},{"adID":"59","isAdavailable":"1"}],"userSignature":"a31265023c3eb8a0e11a55e1b57f3b30","gssdkVersion":"8.2.1"}: Status code forbidden, internet connectivity not availablehttp://52.13.174.6/sheeda/admin/json/syncApp please check your internet connection 9
{"package":"com.yhi.well.death.tuk.tuk.rickshaw.stunt.game","store":"41","sdkVersionID":"2175","nativeApp":"1","sdkVersion":"2175","appVersionCode":"","appVersionName":"","appAdnetwork":[{"adID":"0","isAdavailable":"1"},{"adID":"28","isAdavailable":"1"},{"adID":"27","isAdavailable":"1"},{"adID":"4","isAdavailable":"1"},{"adID":"59","isAdavailable":"1"}],"userSignature":"a31265023c3eb8a0e11a55e1b57f3b30","gssdkVersion":"8.2.1"}: Status code not OK,http://52.13.174.6/sheeda/admin/json/syncApp API has failed at 9 Forbidden{"message":"HTTP Error 401 - Unauthorized: Access is denied due to invalid credentials."}
{"package":"com.yhi.well.death.tuk.tuk.rickshaw.stunt.game","store":"41","sdkVersionID":"2175","nativeApp":"1","sdkVersion":"2175","appVersionCode":"","appVersionName":"","appAdnetwork":[{"adID":"0","isAdavailable":"1"},{"adID":"28","isAdavailable":"1"},{"adID":"27","isAdavailable":"1"},{"adID":"4","isAdavailable":"1"},{"adID":"59","isAdavailable":"1"}],"userSignature":"a31265023c3eb8a0e11a55e1b57f3b30","gssdkVersion":"8.2.1"}: http://52.13.174.6/sheeda/admin/json/syncAppAPI failed as it is not correct json response in content type 9{"message":"HTTP Error 401 - Unauthorized: Access is denied due to invalid credentials."}
{"package":"com.sx.futuristic.flying.robot.bike.rider.transform.wars.game","store":"41","sdkVersionID":"2177","nativeApp":"1","sdkVersion":"2177","appVersionCode":"","appVersionName":"","appAdnetwork":[{"adID":"2","isAdavailable":"1"},{"adID":"42","isAdavailable":"1"},{"adID":"44","isAdavailable":"1"},{"adID":"15","isAdavailable":"1"},{"adID":"59","isAdavailable":"1"}],"userSignature":"a31265023c3eb8a0e11a55e1b57f3b30","gssdkVersion":"8.2.1"}: Status code forbidden, internet connectivity not availablehttp://52.13.174.6/sheeda/admin/json/syncApp please check your internet connection 10
{"package":"com.sx.futuristic.flying.robot.bike.rider.transform.wars.game","store":"41","sdkVersionID":"2177","nativeApp":"1","sdkVersion":"2177","appVersionCode":"","appVersionName":"","appAdnetwork":[{"adID":"2","isAdavailable":"1"},{"adID":"42","isAdavailable":"1"},{"adID":"44","isAdavailable":"1"},{"adID":"15","isAdavailable":"1"},{"adID":"59","isAdavailable":"1"}],"userSignature":"a31265023c3eb8a0e11a55e1b57f3b30","gssdkVersion":"8.2.1"}: Status code not OK,http://52.13.174.6/sheeda/admin/json/syncApp API has failed at 10 Forbidden{"message":"HTTP Error 401 - Unauthorized: Access is denied due to invalid credentials."}
{"package":"com.sx.futuristic.flying.robot.bike.rider.transform.wars.game","store":"41","sdkVersionID":"2177","nativeApp":"1","sdkVersion":"2177","appVersionCode":"","appVersionName":"","appAdnetwork":[{"adID":"2","isAdavailable":"1"},{"adID":"42","isAdavailable":"1"},{"adID":"44","isAdavailable":"1"},{"adID":"15","isAdavailable":"1"},{"adID":"59","isAdavailable":"1"}],"userSignature":"a31265023c3eb8a0e11a55e1b57f3b30","gssdkVersion":"8.2.1"}: http://52.13.174.6/sheeda/admin/json/syncAppAPI failed as it is not correct json response in content type 10{"message":"HTTP Error 401 - Unauthorized: Access is denied due to invalid credentials."}
{"package":"com.memrise.android.memrisecompanion","store":"41","sdkVersionID":"2183","nativeApp":"1","sdkVersion":"2183","appVersionCode":"","appVersionName":"","appAdnetwork":[{"adID":"5","isAdavailable":"1"},{"adID":"43","isAdavailable":"1"},{"adID":"58","isAdavailable":"1"},{"adID":"20","isAdavailable":"1"},{"adID":"59","isAdavailable":"1"}],"userSignature":"a31265023c3eb8a0e11a55e1b57f3b30","gssdkVersion":"v8.2.1"}: Status code forbidden, internet connectivity not availablehttp://52.13.174.6/sheeda/admin/json/syncApp please check your internet connection 11
{"package":"com.memrise.android.memrisecompanion","store":"41","sdkVersionID":"2183","nativeApp":"1","sdkVersion":"2183","appVersionCode":"","appVersionName":"","appAdnetwork":[{"adID":"5","isAdavailable":"1"},{"adID":"43","isAdavailable":"1"},{"adID":"58","isAdavailable":"1"},{"adID":"20","isAdavailable":"1"},{"adID":"59","isAdavailable":"1"}],"userSignature":"a31265023c3eb8a0e11a55e1b57f3b30","gssdkVersion":"v8.2.1"}: Status code not OK,http://52.13.174.6/sheeda/admin/json/syncApp API has failed at 11 Forbidden{"message":"HTTP Error 401 - Unauthorized: Access is denied due to invalid credentials."}
{"package":"com.memrise.android.memrisecompanion","store":"41","sdkVersionID":"2183","nativeApp":"1","sdkVersion":"2183","appVersionCode":"","appVersionName":"","appAdnetwork":[{"adID":"5","isAdavailable":"1"},{"adID":"43","isAdavailable":"1"},{"adID":"58","isAdavailable":"1"},{"adID":"20","isAdavailable":"1"},{"adID":"59","isAdavailable":"1"}],"userSignature":"a31265023c3eb8a0e11a55e1b57f3b30","gssdkVersion":"v8.2.1"}: http://52.13.174.6/sheeda/admin/json/syncAppAPI failed as it is not correct json response in content type 11{"message":"HTTP Error 401 - Unauthorized: Access is denied due to invalid credentials."}
{"package":"com.threed.zombie.fps.apocalypse.battleground.survival.shooting","store":"41","sdkVersionID":"2184","nativeApp":"1","sdkVersion":"2184","appVersionCode":"","appVersionName":"","appAdnetwork":[{"adID":"7","isAdavailable":"1"},{"adID":"45","isAdavailable":"1"},{"adID":"63","isAdavailable":"1"},{"adID":"21","isAdavailable":"1"},{"adID":"59","isAdavailable":"1"}],"userSignature":"a31265023c3eb8a0e11a55e1b57f3b30","gssdkVersion":"v8.2.1"}: Status code forbidden, internet connectivity not availablehttp://52.13.174.6/sheeda/admin/json/syncApp please check your internet connection 12
{"package":"com.threed.zombie.fps.apocalypse.battleground.survival.shooting","store":"41","sdkVersionID":"2184","nativeApp":"1","sdkVersion":"2184","appVersionCode":"","appVersionName":"","appAdnetwork":[{"adID":"7","isAdavailable":"1"},{"adID":"45","isAdavailable":"1"},{"adID":"63","isAdavailable":"1"},{"adID":"21","isAdavailable":"1"},{"adID":"59","isAdavailable":"1"}],"userSignature":"a31265023c3eb8a0e11a55e1b57f3b30","gssdkVersion":"v8.2.1"}: Status code not OK,http://52.13.174.6/sheeda/admin/json/syncApp API has failed at 12 Forbidden{"message":"HTTP Error 401 - Unauthorized: Access is denied due to invalid credentials."}
{"package":"com.threed.zombie.fps.apocalypse.battleground.survival.shooting","store":"41","sdkVersionID":"2184","nativeApp":"1","sdkVersion":"2184","appVersionCode":"","appVersionName":"","appAdnetwork":[{"adID":"7","isAdavailable":"1"},{"adID":"45","isAdavailable":"1"},{"adID":"63","isAdavailable":"1"},{"adID":"21","isAdavailable":"1"},{"adID":"59","isAdavailable":"1"}],"userSignature":"a31265023c3eb8a0e11a55e1b57f3b30","gssdkVersion":"v8.2.1"}: http://52.13.174.6/sheeda/admin/json/syncAppAPI failed as it is not correct json response in content type 12{"message":"HTTP Error 401 - Unauthorized: Access is denied due to invalid credentials."}
{"package":"com.contextlogic.mama","store":"41","sdkVersionID":"2189","nativeApp":"1","sdkVersion":"2189","appVersionCode":"","appVersionName":"","appAdnetwork":[{"adID":"8","isAdavailable":"1"},{"adID":"49","isAdavailable":"1"},{"adID":"69","isAdavailable":"1"},{"adID":"24","isAdavailable":"1"},{"adID":"59","isAdavailable":"1"}],"userSignature":"a31265023c3eb8a0e11a55e1b57f3b30","gssdkVersion":"v8.3.1"}: Status code forbidden, internet connectivity not availablehttp://52.13.174.6/sheeda/admin/json/syncApp please check your internet connection 13
{"package":"com.contextlogic.mama","store":"41","sdkVersionID":"2189","nativeApp":"1","sdkVersion":"2189","appVersionCode":"","appVersionName":"","appAdnetwork":[{"adID":"8","isAdavailable":"1"},{"adID":"49","isAdavailable":"1"},{"adID":"69","isAdavailable":"1"},{"adID":"24","isAdavailable":"1"},{"adID":"59","isAdavailable":"1"}],"userSignature":"a31265023c3eb8a0e11a55e1b57f3b30","gssdkVersion":"v8.3.1"}: Status code not OK,http://52.13.174.6/sheeda/admin/json/syncApp API has failed at 13 Forbidden{"message":"HTTP Error 401 - Unauthorized: Access is denied due to invalid credentials."}
{"package":"com.contextlogic.mama","store":"41","sdkVersionID":"2189","nativeApp":"1","sdkVersion":"2189","appVersionCode":"","appVersionName":"","appAdnetwork":[{"adID":"8","isAdavailable":"1"},{"adID":"49","isAdavailable":"1"},{"adID":"69","isAdavailable":"1"},{"adID":"24","isAdavailable":"1"},{"adID":"59","isAdavailable":"1"}],"userSignature":"a31265023c3eb8a0e11a55e1b57f3b30","gssdkVersion":"v8.3.1"}: http://52.13.174.6/sheeda/admin/json/syncAppAPI failed as it is not correct json response in content type 13{"message":"HTTP Error 401 - Unauthorized: Access is denied due to invalid credentials."}
{"package":"com.yhi.virtual.wild.furious.tiger.family.survival.simulator.game","store":"41","sdkVersionID":"2190","nativeApp":"1","sdkVersion":"2190","appVersionCode":"","appVersionName":"","appAdnetwork":[{"adID":"12","isAdavailable":"1"},{"adID":"53","isAdavailable":"1"},{"adID":"74","isAdavailable":"1"},{"adID":"25","isAdavailable":"1"},{"adID":"59","isAdavailable":"1"}],"userSignature":"a31265023c3eb8a0e11a55e1b57f3b30","gssdkVersion":"v8.3.1"}: Status code forbidden, internet connectivity not availablehttp://52.13.174.6/sheeda/admin/json/syncApp please check your internet connection 14
{"package":"com.yhi.virtual.wild.furious.tiger.family.survival.simulator.game","store":"41","sdkVersionID":"2190","nativeApp":"1","sdkVersion":"2190","appVersionCode":"","appVersionName":"","appAdnetwork":[{"adID":"12","isAdavailable":"1"},{"adID":"53","isAdavailable":"1"},{"adID":"74","isAdavailable":"1"},{"adID":"25","isAdavailable":"1"},{"adID":"59","isAdavailable":"1"}],"userSignature":"a31265023c3eb8a0e11a55e1b57f3b30","gssdkVersion":"v8.3.1"}: Status code not OK,http://52.13.174.6/sheeda/admin/json/syncApp API has failed at 14 Forbidden{"message":"HTTP Error 401 - Unauthorized: Access is denied due to invalid credentials."}
{"package":"com.yhi.virtual.wild.furious.tiger.family.survival.simulator.game","store":"41","sdkVersionID":"2190","nativeApp":"1","sdkVersion":"2190","appVersionCode":"","appVersionName":"","appAdnetwork":[{"adID":"12","isAdavailable":"1"},{"adID":"53","isAdavailable":"1"},{"adID":"74","isAdavailable":"1"},{"adID":"25","isAdavailable":"1"},{"adID":"59","isAdavailable":"1"}],"userSignature":"a31265023c3eb8a0e11a55e1b57f3b30","gssdkVersion":"v8.3.1"}: http://52.13.174.6/sheeda/admin/json/syncAppAPI failed as it is not correct json response in content type 14{"message":"HTTP Error 401 - Unauthorized: Access is denied due to invalid credentials."}
{"package":"com.taskade.mobile.new","store":"41","sdkVersionID":"2195","nativeApp":"1","sdkVersion":"2195","appVersionCode":"","appVersionName":"","appAdnetwork":[{"adID":"18","isAdavailable":"1"},{"adID":"56","isAdavailable":"1"},{"adID":"75","isAdavailable":"1"},{"adID":"26","isAdavailable":"1"},{"adID":"59","isAdavailable":"1"}],"userSignature":"a31265023c3eb8a0e11a55e1b57f3b30","gssdkVersion":"v8.4.1"}: Status code forbidden, internet connectivity not availablehttp://52.13.174.6/sheeda/admin/json/syncApp please check your internet connection 15
{"package":"com.taskade.mobile.new","store":"41","sdkVersionID":"2195","nativeApp":"1","sdkVersion":"2195","appVersionCode":"","appVersionName":"","appAdnetwork":[{"adID":"18","isAdavailable":"1"},{"adID":"56","isAdavailable":"1"},{"adID":"75","isAdavailable":"1"},{"adID":"26","isAdavailable":"1"},{"adID":"59","isAdavailable":"1"}],"userSignature":"a31265023c3eb8a0e11a55e1b57f3b30","gssdkVersion":"v8.4.1"}: Status code not OK,http://52.13.174.6/sheeda/admin/json/syncApp API has failed at 15 Forbidden{"message":"HTTP Error 401 - Unauthorized: Access is denied due to invalid credentials."}
{"package":"com.taskade.mobile.new","store":"41","sdkVersionID":"2195","nativeApp":"1","sdkVersion":"2195","appVersionCode":"","appVersionName":"","appAdnetwork":[{"adID":"18","isAdavailable":"1"},{"adID":"56","isAdavailable":"1"},{"adID":"75","isAdavailable":"1"},{"adID":"26","isAdavailable":"1"},{"adID":"59","isAdavailable":"1"}],"userSignature":"a31265023c3eb8a0e11a55e1b57f3b30","gssdkVersion":"v8.4.1"}: http://52.13.174.6/sheeda/admin/json/syncAppAPI failed as it is not correct json response in content type 15{"message":"HTTP Error 401 - Unauthorized: Access is denied due to invalid credentials."}
{"package":"com.threed.wild.horse.city.attack.rampage.survival.simulator.game","store":"41","sdkVersionID":"2196","nativeApp":"1","sdkVersion":"2196","appVersionCode":"","appVersionName":"","appAdnetwork":[{"adID":"19","isAdavailable":"1"},{"adID":"57","isAdavailable":"1"},{"adID":"78","isAdavailable":"1"},{"adID":"32","isAdavailable":"1"},{"adID":"59","isAdavailable":"1"}],"userSignature":"a31265023c3eb8a0e11a55e1b57f3b30","gssdkVersion":"v8.4.1"}: Status code forbidden, internet connectivity not availablehttp://52.13.174.6/sheeda/admin/json/syncApp please check your internet connection 16
{"package":"com.threed.wild.horse.city.attack.rampage.survival.simulator.game","store":"41","sdkVersionID":"2196","nativeApp":"1","sdkVersion":"2196","appVersionCode":"","appVersionName":"","appAdnetwork":[{"adID":"19","isAdavailable":"1"},{"adID":"57","isAdavailable":"1"},{"adID":"78","isAdavailable":"1"},{"adID":"32","isAdavailable":"1"},{"adID":"59","isAdavailable":"1"}],"userSignature":"a31265023c3eb8a0e11a55e1b57f3b30","gssdkVersion":"v8.4.1"}: Status code not OK,http://52.13.174.6/sheeda/admin/json/syncApp API has failed at 16 Forbidden{"message":"HTTP Error 401 - Unauthorized: Access is denied due to invalid credentials."}
{"package":"com.threed.wild.horse.city.attack.rampage.survival.simulator.game","store":"41","sdkVersionID":"2196","nativeApp":"1","sdkVersion":"2196","appVersionCode":"","appVersionName":"","appAdnetwork":[{"adID":"19","isAdavailable":"1"},{"adID":"57","isAdavailable":"1"},{"adID":"78","isAdavailable":"1"},{"adID":"32","isAdavailable":"1"},{"adID":"59","isAdavailable":"1"}],"userSignature":"a31265023c3eb8a0e11a55e1b57f3b30","gssdkVersion":"v8.4.1"}: http://52.13.174.6/sheeda/admin/json/syncAppAPI failed as it is not correct json response in content type 16{"message":"HTTP Error 401 - Unauthorized: Access is denied due to invalid credentials."}
{"package":"com.weheartit","store":"41","sdkVersionID":"2203","nativeApp":"1","sdkVersion":"2203","appVersionCode":"","appVersionName":"","appAdnetwork":[{"adID":"29","isAdavailable":"1"},{"adID":"68","isAdavailable":"1"},{"adID":"79","isAdavailable":"1"},{"adID":"34","isAdavailable":"1"},{"adID":"59","isAdavailable":"1"}],"userSignature":"a31265023c3eb8a0e11a55e1b57f3b30","gssdkVersion":"v9.1.1"}: Status code forbidden, internet connectivity not availablehttp://52.13.174.6/sheeda/admin/json/syncApp please check your internet connection 17
{"package":"com.weheartit","store":"41","sdkVersionID":"2203","nativeApp":"1","sdkVersion":"2203","appVersionCode":"","appVersionName":"","appAdnetwork":[{"adID":"29","isAdavailable":"1"},{"adID":"68","isAdavailable":"1"},{"adID":"79","isAdavailable":"1"},{"adID":"34","isAdavailable":"1"},{"adID":"59","isAdavailable":"1"}],"userSignature":"a31265023c3eb8a0e11a55e1b57f3b30","gssdkVersion":"v9.1.1"}: Status code not OK,http://52.13.174.6/sheeda/admin/json/syncApp API has failed at 17 Forbidden{"message":"HTTP Error 401 - Unauthorized: Access is denied due to invalid credentials."}
{"package":"com.weheartit","store":"41","sdkVersionID":"2203","nativeApp":"1","sdkVersion":"2203","appVersionCode":"","appVersionName":"","appAdnetwork":[{"adID":"29","isAdavailable":"1"},{"adID":"68","isAdavailable":"1"},{"adID":"79","isAdavailable":"1"},{"adID":"34","isAdavailable":"1"},{"adID":"59","isAdavailable":"1"}],"userSignature":"a31265023c3eb8a0e11a55e1b57f3b30","gssdkVersion":"v9.1.1"}: http://52.13.174.6/sheeda/admin/json/syncAppAPI failed as it is not correct json response in content type 17{"message":"HTTP Error 401 - Unauthorized: Access is denied due to invalid credentials."}
{"package":"com.yhi.high.speed.car.stunt.racing","store":"41","sdkVersionID":"2175","nativeApp":"1","sdkVersion":"2175","appVersionCode":"","appVersionName":"","appAdnetwork":[{"adID":"0","isAdavailable":"1"},{"adID":"28","isAdavailable":"1"},{"adID":"27","isAdavailable":"1"},{"adID":"4","isAdavailable":"1"},{"adID":"59","isAdavailable":"1"}],"userSignature":"a31265023c3eb8a0e11a55e1b57f3b30","gssdkVersion":"8.2.1"}: Status code forbidden, internet connectivity not availablehttp://52.13.174.6/sheeda/admin/json/syncApp please check your internet connection 18
{"package":"com.yhi.high.speed.car.stunt.racing","store":"41","sdkVersionID":"2175","nativeApp":"1","sdkVersion":"2175","appVersionCode":"","appVersionName":"","appAdnetwork":[{"adID":"0","isAdavailable":"1"},{"adID":"28","isAdavailable":"1"},{"adID":"27","isAdavailable":"1"},{"adID":"4","isAdavailable":"1"},{"adID":"59","isAdavailable":"1"}],"userSignature":"a31265023c3eb8a0e11a55e1b57f3b30","gssdkVersion":"8.2.1"}: Status code not OK,http://52.13.174.6/sheeda/admin/json/syncApp API has failed at 18 Forbidden{"message":"HTTP Error 401 - Unauthorized: Access is denied due to invalid credentials."}
{"package":"com.yhi.high.speed.car.stunt.racing","store":"41","sdkVersionID":"2175","nativeApp":"1","sdkVersion":"2175","appVersionCode":"","appVersionName":"","appAdnetwork":[{"adID":"0","isAdavailable":"1"},{"adID":"28","isAdavailable":"1"},{"adID":"27","isAdavailable":"1"},{"adID":"4","isAdavailable":"1"},{"adID":"59","isAdavailable":"1"}],"userSignature":"a31265023c3eb8a0e11a55e1b57f3b30","gssdkVersion":"8.2.1"}: http://52.13.174.6/sheeda/admin/json/syncAppAPI failed as it is not correct json response in content type 18{"message":"HTTP Error 401 - Unauthorized: Access is denied due to invalid credentials."}
{"package":"com.yhi.city.road.building.excavator.construction.games","store":"41","sdkVersionID":"2177","nativeApp":"1","sdkVersion":"2177","appVersionCode":"","appVersionName":"","appAdnetwork":[{"adID":"2","isAdavailable":"1"},{"adID":"42","isAdavailable":"1"},{"adID":"44","isAdavailable":"1"},{"adID":"15","isAdavailable":"1"},{"adID":"59","isAdavailable":"1"}],"userSignature":"a31265023c3eb8a0e11a55e1b57f3b30","gssdkVersion":"8.2.1"}: Status code forbidden, internet connectivity not availablehttp://52.13.174.6/sheeda/admin/json/syncApp please check your internet connection 19
{"package":"com.yhi.city.road.building.excavator.construction.games","store":"41","sdkVersionID":"2177","nativeApp":"1","sdkVersion":"2177","appVersionCode":"","appVersionName":"","appAdnetwork":[{"adID":"2","isAdavailable":"1"},{"adID":"42","isAdavailable":"1"},{"adID":"44","isAdavailable":"1"},{"adID":"15","isAdavailable":"1"},{"adID":"59","isAdavailable":"1"}],"userSignature":"a31265023c3eb8a0e11a55e1b57f3b30","gssdkVersion":"8.2.1"}: Status code not OK,http://52.13.174.6/sheeda/admin/json/syncApp API has failed at 19 Forbidden{"message":"HTTP Error 401 - Unauthorized: Access is denied due to invalid credentials."}
{"package":"com.yhi.city.road.building.excavator.construction.games","store":"41","sdkVersionID":"2177","nativeApp":"1","sdkVersion":"2177","appVersionCode":"","appVersionName":"","appAdnetwork":[{"adID":"2","isAdavailable":"1"},{"adID":"42","isAdavailable":"1"},{"adID":"44","isAdavailable":"1"},{"adID":"15","isAdavailable":"1"},{"adID":"59","isAdavailable":"1"}],"userSignature":"a31265023c3eb8a0e11a55e1b57f3b30","gssdkVersion":"8.2.1"}: http://52.13.174.6/sheeda/admin/json/syncAppAPI failed as it is not correct json response in content type 19{"message":"HTTP Error 401 - Unauthorized: Access is denied due to invalid credentials."}
{"package":"com.thetransitapp.droid1","store":"41","sdkVersionID":"2183","nativeApp":"1","sdkVersion":"2183","appVersionCode":"","appVersionName":"","appAdnetwork":[{"adID":"5","isAdavailable":"1"},{"adID":"43","isAdavailable":"1"},{"adID":"58","isAdavailable":"1"},{"adID":"20","isAdavailable":"1"},{"adID":"59","isAdavailable":"1"}],"userSignature":"a31265023c3eb8a0e11a55e1b57f3b30","gssdkVersion":"v8.2.1"}: Status code forbidden, internet connectivity not availablehttp://52.13.174.6/sheeda/admin/json/syncApp please check your internet connection 20
{"package":"com.thetransitapp.droid1","store":"41","sdkVersionID":"2183","nativeApp":"1","sdkVersion":"2183","appVersionCode":"","appVersionName":"","appAdnetwork":[{"adID":"5","isAdavailable":"1"},{"adID":"43","isAdavailable":"1"},{"adID":"58","isAdavailable":"1"},{"adID":"20","isAdavailable":"1"},{"adID":"59","isAdavailable":"1"}],"userSignature":"a31265023c3eb8a0e11a55e1b57f3b30","gssdkVersion":"v8.2.1"}: Status code not OK,http://52.13.174.6/sheeda/admin/json/syncApp API has failed at 20 Forbidden{"message":"HTTP Error 401 - Unauthorized: Access is denied due to invalid credentials."}
{"package":"com.thetransitapp.droid1","store":"41","sdkVersionID":"2183","nativeApp":"1","sdkVersion":"2183","appVersionCode":"","appVersionName":"","appAdnetwork":[{"adID":"5","isAdavailable":"1"},{"adID":"43","isAdavailable":"1"},{"adID":"58","isAdavailable":"1"},{"adID":"20","isAdavailable":"1"},{"adID":"59","isAdavailable":"1"}],"userSignature":"a31265023c3eb8a0e11a55e1b57f3b30","gssdkVersion":"v8.2.1"}: http://52.13.174.6/sheeda/admin/json/syncAppAPI failed as it is not correct json response in content type 20{"message":"HTTP Error 401 - Unauthorized: Access is denied due to invalid credentials."}
{"package":"com.g247.stickman.panda.city.gangster.chase.game","store":"41","sdkVersionID":"2184","nativeApp":"1","sdkVersion":"2184","appVersionCode":"","appVersionName":"","appAdnetwork":[{"adID":"7","isAdavailable":"1"},{"adID":"45","isAdavailable":"1"},{"adID":"63","isAdavailable":"1"},{"adID":"21","isAdavailable":"1"},{"adID":"59","isAdavailable":"1"}],"userSignature":"a31265023c3eb8a0e11a55e1b57f3b30","gssdkVersion":"v8.2.1"}: Status code forbidden, internet connectivity not availablehttp://52.13.174.6/sheeda/admin/json/syncApp please check your internet connection 21
{"package":"com.g247.stickman.panda.city.gangster.chase.game","store":"41","sdkVersionID":"2184","nativeApp":"1","sdkVersion":"2184","appVersionCode":"","appVersionName":"","appAdnetwork":[{"adID":"7","isAdavailable":"1"},{"adID":"45","isAdavailable":"1"},{"adID":"63","isAdavailable":"1"},{"adID":"21","isAdavailable":"1"},{"adID":"59","isAdavailable":"1"}],"userSignature":"a31265023c3eb8a0e11a55e1b57f3b30","gssdkVersion":"v8.2.1"}: Status code not OK,http://52.13.174.6/sheeda/admin/json/syncApp API has failed at 21 Forbidden{"message":"HTTP Error 401 - Unauthorized: Access is denied due to invalid credentials."}
{"package":"com.g247.stickman.panda.city.gangster.chase.game","store":"41","sdkVersionID":"2184","nativeApp":"1","sdkVersion":"2184","appVersionCode":"","appVersionName":"","appAdnetwork":[{"adID":"7","isAdavailable":"1"},{"adID":"45","isAdavailable":"1"},{"adID":"63","isAdavailable":"1"},{"adID":"21","isAdavailable":"1"},{"adID":"59","isAdavailable":"1"}],"userSignature":"a31265023c3eb8a0e11a55e1b57f3b30","gssdkVersion":"v8.2.1"}: http://52.13.174.6/sheeda/admin/json/syncAppAPI failed as it is not correct json response in content type 21{"message":"HTTP Error 401 - Unauthorized: Access is denied due to invalid credentials."}
{"package":"com.deg.multi.level.storey.smart.car.parking.plaza.driving.games","store":"41","sdkVersionID":"2189","nativeApp":"1","sdkVersion":"2189","appVersionCode":"","appVersionName":"","appAdnetwork":[{"adID":"8","isAdavailable":"1"},{"adID":"49","isAdavailable":"1"},{"adID":"69","isAdavailable":"1"},{"adID":"24","isAdavailable":"1"},{"adID":"59","isAdavailable":"1"}],"userSignature":"a31265023c3eb8a0e11a55e1b57f3b30","gssdkVersion":"v8.3.1"}: Status code forbidden, internet connectivity not availablehttp://52.13.174.6/sheeda/admin/json/syncApp please check your internet connection 22
{"package":"com.deg.multi.level.storey.smart.car.parking.plaza.driving.games","store":"41","sdkVersionID":"2189","nativeApp":"1","sdkVersion":"2189","appVersionCode":"","appVersionName":"","appAdnetwork":[{"adID":"8","isAdavailable":"1"},{"adID":"49","isAdavailable":"1"},{"adID":"69","isAdavailable":"1"},{"adID":"24","isAdavailable":"1"},{"adID":"59","isAdavailable":"1"}],"userSignature":"a31265023c3eb8a0e11a55e1b57f3b30","gssdkVersion":"v8.3.1"}: Status code not OK,http://52.13.174.6/sheeda/admin/json/syncApp API has failed at 22 Forbidden{"message":"HTTP Error 401 - Unauthorized: Access is denied due to invalid credentials."}
{"package":"com.deg.multi.level.storey.smart.car.parking.plaza.driving.games","store":"41","sdkVersionID":"2189","nativeApp":"1","sdkVersion":"2189","appVersionCode":"","appVersionName":"","appAdnetwork":[{"adID":"8","isAdavailable":"1"},{"adID":"49","isAdavailable":"1"},{"adID":"69","isAdavailable":"1"},{"adID":"24","isAdavailable":"1"},{"adID":"59","isAdavailable":"1"}],"userSignature":"a31265023c3eb8a0e11a55e1b57f3b30","gssdkVersion":"v8.3.1"}: http://52.13.174.6/sheeda/admin/json/syncAppAPI failed as it is not correct json response in content type 22{"message":"HTTP Error 401 - Unauthorized: Access is denied due to invalid credentials."}
{"package":"com.contextlogic.wis1","store":"43","sdkVersionID":"2190","nativeApp":"1","sdkVersion":"2190","appVersionCode":"","appVersionName":"","appAdnetwork":[{"adID":"12","isAdavailable":"1"},{"adID":"53","isAdavailable":"1"},{"adID":"74","isAdavailable":"1"},{"adID":"25","isAdavailable":"1"},{"adID":"59","isAdavailable":"1"}],"userSignature":"a31265023c3eb8a0e11a55e1b57f3b30","gssdkVersion":"v8.3.1"}: Status code forbidden, internet connectivity not availablehttp://52.13.174.6/sheeda/admin/json/syncApp please check your internet connection 23
{"package":"com.contextlogic.wis1","store":"43","sdkVersionID":"2190","nativeApp":"1","sdkVersion":"2190","appVersionCode":"","appVersionName":"","appAdnetwork":[{"adID":"12","isAdavailable":"1"},{"adID":"53","isAdavailable":"1"},{"adID":"74","isAdavailable":"1"},{"adID":"25","isAdavailable":"1"},{"adID":"59","isAdavailable":"1"}],"userSignature":"a31265023c3eb8a0e11a55e1b57f3b30","gssdkVersion":"v8.3.1"}: Status code not OK,http://52.13.174.6/sheeda/admin/json/syncApp API has failed at 23 Forbidden{"message":"HTTP Error 401 - Unauthorized: Access is denied due to invalid credentials."}
{"package":"com.contextlogic.wis1","store":"43","sdkVersionID":"2190","nativeApp":"1","sdkVersion":"2190","appVersionCode":"","appVersionName":"","appAdnetwork":[{"adID":"12","isAdavailable":"1"},{"adID":"53","isAdavailable":"1"},{"adID":"74","isAdavailable":"1"},{"adID":"25","isAdavailable":"1"},{"adID":"59","isAdavailable":"1"}],"userSignature":"a31265023c3eb8a0e11a55e1b57f3b30","gssdkVersion":"v8.3.1"}: http://52.13.174.6/sheeda/admin/json/syncAppAPI failed as it is not correct json response in content type 23{"message":"HTTP Error 401 - Unauthorized: Access is denied due to invalid credentials."}
{"package":"com.threed.fps.gun.ops.battle.shooting.game","store":"41","sdkVersionID":"2195","nativeApp":"1","sdkVersion":"2195","appVersionCode":"","appVersionName":"","appAdnetwork":[{"adID":"18","isAdavailable":"1"},{"adID":"56","isAdavailable":"1"},{"adID":"75","isAdavailable":"1"},{"adID":"26","isAdavailable":"1"},{"adID":"59","isAdavailable":"1"}],"userSignature":"a31265023c3eb8a0e11a55e1b57f3b30","gssdkVersion":"v8.4.1"}: Status code forbidden, internet connectivity not availablehttp://52.13.174.6/sheeda/admin/json/syncApp please check your internet connection 24
{"package":"com.threed.fps.gun.ops.battle.shooting.game","store":"41","sdkVersionID":"2195","nativeApp":"1","sdkVersion":"2195","appVersionCode":"","appVersionName":"","appAdnetwork":[{"adID":"18","isAdavailable":"1"},{"adID":"56","isAdavailable":"1"},{"adID":"75","isAdavailable":"1"},{"adID":"26","isAdavailable":"1"},{"adID":"59","isAdavailable":"1"}],"userSignature":"a31265023c3eb8a0e11a55e1b57f3b30","gssdkVersion":"v8.4.1"}: Status code not OK,http://52.13.174.6/sheeda/admin/json/syncApp API has failed at 24 Forbidden{"message":"HTTP Error 401 - Unauthorized: Access is denied due to invalid credentials."}
{"package":"com.threed.fps.gun.ops.battle.shooting.game","store":"41","sdkVersionID":"2195","nativeApp":"1","sdkVersion":"2195","appVersionCode":"","appVersionName":"","appAdnetwork":[{"adID":"18","isAdavailable":"1"},{"adID":"56","isAdavailable":"1"},{"adID":"75","isAdavailable":"1"},{"adID":"26","isAdavailable":"1"},{"adID":"59","isAdavailable":"1"}],"userSignature":"a31265023c3eb8a0e11a55e1b57f3b30","gssdkVersion":"v8.4.1"}: http://52.13.174.6/sheeda/admin/json/syncAppAPI failed as it is not correct json response in content type 24{"message":"HTTP Error 401 - Unauthorized: Access is denied due to invalid credentials."}
{"package":"com.playaction.us.army.cruise.ship.transport.jeep.game","store":"41","sdkVersionID":"2196","nativeApp":"1","sdkVersion":"2196","appVersionCode":"","appVersionName":"","appAdnetwork":[{"adID":"19","isAdavailable":"1"},{"adID":"57","isAdavailable":"1"},{"adID":"78","isAdavailable":"1"},{"adID":"32","isAdavailable":"1"},{"adID":"59","isAdavailable":"1"}],"userSignature":"a31265023c3eb8a0e11a55e1b57f3b30","gssdkVersion":"v8.4.1"}: Status code forbidden, internet connectivity not availablehttp://52.13.174.6/sheeda/admin/json/syncApp please check your internet connection 25
{"package":"com.playaction.us.army.cruise.ship.transport.jeep.game","store":"41","sdkVersionID":"2196","nativeApp":"1","sdkVersion":"2196","appVersionCode":"","appVersionName":"","appAdnetwork":[{"adID":"19","isAdavailable":"1"},{"adID":"57","isAdavailable":"1"},{"adID":"78","isAdavailable":"1"},{"adID":"32","isAdavailable":"1"},{"adID":"59","isAdavailable":"1"}],"userSignature":"a31265023c3eb8a0e11a55e1b57f3b30","gssdkVersion":"v8.4.1"}: Status code not OK,http://52.13.174.6/sheeda/admin/json/syncApp API has failed at 25 Forbidden{"message":"HTTP Error 401 - Unauthorized: Access is denied due to invalid credentials."}
{"package":"com.playaction.us.army.cruise.ship.transport.jeep.game","store":"41","sdkVersionID":"2196","nativeApp":"1","sdkVersion":"2196","appVersionCode":"","appVersionName":"","appAdnetwork":[{"adID":"19","isAdavailable":"1"},{"adID":"57","isAdavailable":"1"},{"adID":"78","isAdavailable":"1"},{"adID":"32","isAdavailable":"1"},{"adID":"59","isAdavailable":"1"}],"userSignature":"a31265023c3eb8a0e11a55e1b57f3b30","gssdkVersion":"v8.4.1"}: http://52.13.174.6/sheeda/admin/json/syncAppAPI failed as it is not correct json response in content type 25{"message":"HTTP Error 401 - Unauthorized: Access is denied due to invalid credentials."}
{"package":"com.deg.virtual.pregnant.mom.baby.care.family.game","store":"41","sdkVersionID":"2203","nativeApp":"1","sdkVersion":"2203","appVersionCode":"","appVersionName":"","appAdnetwork":[{"adID":"29","isAdavailable":"1"},{"adID":"68","isAdavailable":"1"},{"adID":"79","isAdavailable":"1"},{"adID":"34","isAdavailable":"1"},{"adID":"59","isAdavailable":"1"}],"userSignature":"a31265023c3eb8a0e11a55e1b57f3b30","gssdkVersion":"v9.1.1"}: Status code forbidden, internet connectivity not availablehttp://52.13.174.6/sheeda/admin/json/syncApp please check your internet connection 26
{"package":"com.deg.virtual.pregnant.mom.baby.care.family.game","store":"41","sdkVersionID":"2203","nativeApp":"1","sdkVersion":"2203","appVersionCode":"","appVersionName":"","appAdnetwork":[{"adID":"29","isAdavailable":"1"},{"adID":"68","isAdavailable":"1"},{"adID":"79","isAdavailable":"1"},{"adID":"34","isAdavailable":"1"},{"adID":"59","isAdavailable":"1"}],"userSignature":"a31265023c3eb8a0e11a55e1b57f3b30","gssdkVersion":"v9.1.1"}: Status code not OK,http://52.13.174.6/sheeda/admin/json/syncApp API has failed at 26 Forbidden{"message":"HTTP Error 401 - Unauthorized: Access is denied due to invalid credentials."}
{"package":"com.deg.virtual.pregnant.mom.baby.care.family.game","store":"41","sdkVersionID":"2203","nativeApp":"1","sdkVersion":"2203","appVersionCode":"","appVersionName":"","appAdnetwork":[{"adID":"29","isAdavailable":"1"},{"adID":"68","isAdavailable":"1"},{"adID":"79","isAdavailable":"1"},{"adID":"34","isAdavailable":"1"},{"adID":"59","isAdavailable":"1"}],"userSignature":"a31265023c3eb8a0e11a55e1b57f3b30","gssdkVersion":"v9.1.1"}: http://52.13.174.6/sheeda/admin/json/syncAppAPI failed as it is not correct json response in content type 26{"message":"HTTP Error 401 - Unauthorized: Access is denied due to invalid credentials."}
{"package":"B00EDTSKLU.com","store":"43","sdkVersionID":"2175","nativeApp":"1","sdkVersion":"2175","appVersionCode":"","appVersionName":"","appAdnetwork":[{"adID":"0","isAdavailable":"1"},{"adID":"28","isAdavailable":"1"},{"adID":"27","isAdavailable":"1"},{"adID":"4","isAdavailable":"1"},{"adID":"59","isAdavailable":"1"}],"userSignature":"a31265023c3eb8a0e11a55e1b57f3b30","gssdkVersion":"8.2.1"}: Status code forbidden, internet connectivity not availablehttp://52.13.174.6/sheeda/admin/json/syncApp please check your internet connection 27
{"package":"B00EDTSKLU.com","store":"43","sdkVersionID":"2175","nativeApp":"1","sdkVersion":"2175","appVersionCode":"","appVersionName":"","appAdnetwork":[{"adID":"0","isAdavailable":"1"},{"adID":"28","isAdavailable":"1"},{"adID":"27","isAdavailable":"1"},{"adID":"4","isAdavailable":"1"},{"adID":"59","isAdavailable":"1"}],"userSignature":"a31265023c3eb8a0e11a55e1b57f3b30","gssdkVersion":"8.2.1"}: Status code not OK,http://52.13.174.6/sheeda/admin/json/syncApp API has failed at 27 Forbidden{"message":"HTTP Error 401 - Unauthorized: Access is denied due to invalid credentials."}
{"package":"B00EDTSKLU.com","store":"43","sdkVersionID":"2175","nativeApp":"1","sdkVersion":"2175","appVersionCode":"","appVersionName":"","appAdnetwork":[{"adID":"0","isAdavailable":"1"},{"adID":"28","isAdavailable":"1"},{"adID":"27","isAdavailable":"1"},{"adID":"4","isAdavailable":"1"},{"adID":"59","isAdavailable":"1"}],"userSignature":"a31265023c3eb8a0e11a55e1b57f3b30","gssdkVersion":"8.2.1"}: http://52.13.174.6/sheeda/admin/json/syncAppAPI failed as it is not correct json response in content type 27{"message":"HTTP Error 401 - Unauthorized: Access is denied due to invalid credentials."}
{"package":"com.yhi.police.motorbike.city.cop.extreme.real.gangster.chase","store":"41","sdkVersionID":"2177","nativeApp":"1","sdkVersion":"2177","appVersionCode":"","appVersionName":"","appAdnetwork":[{"adID":"2","isAdavailable":"1"},{"adID":"42","isAdavailable":"1"},{"adID":"44","isAdavailable":"1"},{"adID":"15","isAdavailable":"1"},{"adID":"59","isAdavailable":"1"}],"userSignature":"a31265023c3eb8a0e11a55e1b57f3b30","gssdkVersion":"8.2.1"}: Status code forbidden, internet connectivity not availablehttp://52.13.174.6/sheeda/admin/json/syncApp please check your internet connection 28
{"package":"com.yhi.police.motorbike.city.cop.extreme.real.gangster.chase","store":"41","sdkVersionID":"2177","nativeApp":"1","sdkVersion":"2177","appVersionCode":"","appVersionName":"","appAdnetwork":[{"adID":"2","isAdavailable":"1"},{"adID":"42","isAdavailable":"1"},{"adID":"44","isAdavailable":"1"},{"adID":"15","isAdavailable":"1"},{"adID":"59","isAdavailable":"1"}],"userSignature":"a31265023c3eb8a0e11a55e1b57f3b30","gssdkVersion":"8.2.1"}: Status code not OK,http://52.13.174.6/sheeda/admin/json/syncApp API has failed at 28 Forbidden{"message":"HTTP Error 401 - Unauthorized: Access is denied due to invalid credentials."}
{"package":"com.yhi.police.motorbike.city.cop.extreme.real.gangster.chase","store":"41","sdkVersionID":"2177","nativeApp":"1","sdkVersion":"2177","appVersionCode":"","appVersionName":"","appAdnetwork":[{"adID":"2","isAdavailable":"1"},{"adID":"42","isAdavailable":"1"},{"adID":"44","isAdavailable":"1"},{"adID":"15","isAdavailable":"1"},{"adID":"59","isAdavailable":"1"}],"userSignature":"a31265023c3eb8a0e11a55e1b57f3b30","gssdkVersion":"8.2.1"}: http://52.13.174.6/sheeda/admin/json/syncAppAPI failed as it is not correct json response in content type 28{"message":"HTTP Error 401 - Unauthorized: Access is denied due to invalid credentials."}
{"package":"com.yhi.monster.truck.extreme.stunts.racing.simulator.game","store":"41","sdkVersionID":"2183","nativeApp":"1","sdkVersion":"2183","appVersionCode":"","appVersionName":"","appAdnetwork":[{"adID":"5","isAdavailable":"1"},{"adID":"43","isAdavailable":"1"},{"adID":"58","isAdavailable":"1"},{"adID":"20","isAdavailable":"1"},{"adID":"59","isAdavailable":"1"}],"userSignature":"a31265023c3eb8a0e11a55e1b57f3b30","gssdkVersion":"v8.2.1"}: Status code forbidden, internet connectivity not availablehttp://52.13.174.6/sheeda/admin/json/syncApp please check your internet connection 29
{"package":"com.yhi.monster.truck.extreme.stunts.racing.simulator.game","store":"41","sdkVersionID":"2183","nativeApp":"1","sdkVersion":"2183","appVersionCode":"","appVersionName":"","appAdnetwork":[{"adID":"5","isAdavailable":"1"},{"adID":"43","isAdavailable":"1"},{"adID":"58","isAdavailable":"1"},{"adID":"20","isAdavailable":"1"},{"adID":"59","isAdavailable":"1"}],"userSignature":"a31265023c3eb8a0e11a55e1b57f3b30","gssdkVersion":"v8.2.1"}: Status code not OK,http://52.13.174.6/sheeda/admin/json/syncApp API has failed at 29 Forbidden{"message":"HTTP Error 401 - Unauthorized: Access is denied due to invalid credentials."}
{"package":"com.yhi.monster.truck.extreme.stunts.racing.simulator.game","store":"41","sdkVersionID":"2183","nativeApp":"1","sdkVersion":"2183","appVersionCode":"","appVersionName":"","appAdnetwork":[{"adID":"5","isAdavailable":"1"},{"adID":"43","isAdavailable":"1"},{"adID":"58","isAdavailable":"1"},{"adID":"20","isAdavailable":"1"},{"adID":"59","isAdavailable":"1"}],"userSignature":"a31265023c3eb8a0e11a55e1b57f3b30","gssdkVersion":"v8.2.1"}: http://52.13.174.6/sheeda/admin/json/syncAppAPI failed as it is not correct json response in content type 29{"message":"HTTP Error 401 - Unauthorized: Access is denied due to invalid credentials."}
{"package":"com.yhi.robot.flying.bike.taxi.simulator.games","store":"41","sdkVersionID":"2184","nativeApp":"1","sdkVersion":"2184","appVersionCode":"","appVersionName":"","appAdnetwork":[{"adID":"7","isAdavailable":"1"},{"adID":"45","isAdavailable":"1"},{"adID":"63","isAdavailable":"1"},{"adID":"21","isAdavailable":"1"},{"adID":"59","isAdavailable":"1"}],"userSignature":"a31265023c3eb8a0e11a55e1b57f3b30","gssdkVersion":"v8.2.1"}: Status code forbidden, internet connectivity not availablehttp://52.13.174.6/sheeda/admin/json/syncApp please check your internet connection 30
{"package":"com.yhi.robot.flying.bike.taxi.simulator.games","store":"41","sdkVersionID":"2184","nativeApp":"1","sdkVersion":"2184","appVersionCode":"","appVersionName":"","appAdnetwork":[{"adID":"7","isAdavailable":"1"},{"adID":"45","isAdavailable":"1"},{"adID":"63","isAdavailable":"1"},{"adID":"21","isAdavailable":"1"},{"adID":"59","isAdavailable":"1"}],"userSignature":"a31265023c3eb8a0e11a55e1b57f3b30","gssdkVersion":"v8.2.1"}: Status code not OK,http://52.13.174.6/sheeda/admin/json/syncApp API has failed at 30 Forbidden{"message":"HTTP Error 401 - Unauthorized: Access is denied due to invalid credentials."}
{"package":"com.yhi.robot.flying.bike.taxi.simulator.games","store":"41","sdkVersionID":"2184","nativeApp":"1","sdkVersion":"2184","appVersionCode":"","appVersionName":"","appAdnetwork":[{"adID":"7","isAdavailable":"1"},{"adID":"45","isAdavailable":"1"},{"adID":"63","isAdavailable":"1"},{"adID":"21","isAdavailable":"1"},{"adID":"59","isAdavailable":"1"}],"userSignature":"a31265023c3eb8a0e11a55e1b57f3b30","gssdkVersion":"v8.2.1"}: http://52.13.174.6/sheeda/admin/json/syncAppAPI failed as it is not correct json response in content type 30{"message":"HTTP Error 401 - Unauthorized: Access is denied due to invalid credentials."}
[...]
{"package":"com.deg.multi.level.storey.smart.car.parking.plaza.driving.games","title":"Multi Level Car Parking","gssdkVersion":"v6.2.1","sdkVersionID":"2181","sdkVersion":"2181","userSignature":"a31265023c3eb8a0e11a55e1b57f3b30","appVersionCode":"","appVersionName":"","totalSequences":"1","adsQueueType":"priority","gpRateUsURL":"","isHideAds":"0","childDirected":"1","mediationLog":"0","store":"41","sequences":[{"seqTitleID":"11","isFirstSkip":"False","failOverAdID":"7"," isFirstSkipRewardedVideo":"False"," bannerEnabled":"False","bannerPosition":"3","failOverAdIDBanner":"45","failOverAdIDNative":"63","failOverAdIDRewardedVideo":"21","nativeEnabled":"False","nativeWidth":"180","nativeHeight":"180","interstitialAndVideo":[{"adID":"7","adOrder":"4"}],"rewardedVideo":[{"adID":"21","adOrder":"4"}],"native":[{"adID":"63","adOrder":"4"}],"banner":[{"adID":"45","adOrder":"4"}],"icon":{"enabled":"False","adID":"59","size":"1"}}],"appAdnetwork":[{"adID":"7","isAdavailable":"1"},{"adID":"45","isAdavailable":"1"},{"adID":"63","isAdavailable":"1"},{"adID":"21","isAdavailable":"1"},{"adID":"59","isAdavailable":"1"}]}: http://52.13.174.6/sheeda/admin/json/syncAppAPI failed as it is not correct json response in content type 48{"message":"HTTP Error 401 - Unauthorized: Access is denied due to invalid credentials."}
****************** http://52.13.174.6/sheeda/admin/json/syncApp
****************** http://52.13.174.6/sheeda/admin/json/syncApp
{"package":"com.threed.fps.gun.ops.battle.shooting.game","title":"FPS Gun Strike Ops Battle: Offline Shooting Game","gssdkVersion":"v6.2.1","sdkVersionID":"2182","sdkVersion":"2182","userSignature":"a31265023c3eb8a0e11a55e1b57f3b30","appVersionCode":"","appVersionName":"","totalSequences":"1","adsQueueType":"priority","gpRateUsURL":"","isHideAds":"0","childDirected":"1","mediationLog":"0","store":"41","sequences":[{"seqTitleID":"1","isFirstSkip":"False","failOverAdID":"8"," isFirstSkipRewardedVideo":"False"," bannerEnabled":"False","bannerPosition":"1","failOverAdIDBanner":"49","failOverAdIDNative":"69","failOverAdIDRewardedVideo":"24","nativeEnabled":"False","nativeWidth":"107","nativeHeight":"107","interstitialAndVideo":[{"adID":"8","adOrder":"1"}],"rewardedVideo":[{"adID":"24","adOrder":"1"}],"native":[{"adID":"69","adOrder":"1"}],"banner":[{"adID":"49","adOrder":"1"}],"icon":{"enabled":"False","adID":"59","size":"1"}}],"appAdnetwork":[{"adID":"8","isAdavailable":"1"},{"adID":"49","isAdavailable":"1"},{"adID":"69","isAdavailable":"1"},{"adID":"24","isAdavailable":"1"},{"adID":"59","isAdavailable":"1"}]}: Status code forbidden, internet connectivity not availablehttp://52.13.174.6/sheeda/admin/json/syncApp please check your internet connection 49
{"package":"com.threed.fps.gun.ops.battle.shooting.game","title":"FPS Gun Strike Ops Battle: Offline Shooting Game","gssdkVersion":"v6.2.1","sdkVersionID":"2182","sdkVersion":"2182","userSignature":"a31265023c3eb8a0e11a55e1b57f3b30","appVersionCode":"","appVersionName":"","totalSequences":"1","adsQueueType":"priority","gpRateUsURL":"","isHideAds":"0","childDirected":"1","mediationLog":"0","store":"41","sequences":[{"seqTitleID":"1","isFirstSkip":"False","failOverAdID":"8"," isFirstSkipRewardedVideo":"False"," bannerEnabled":"False","bannerPosition":"1","failOverAdIDBanner":"49","failOverAdIDNative":"69","failOverAdIDRewardedVideo":"24","nativeEnabled":"False","nativeWidth":"107","nativeHeight":"107","interstitialAndVideo":[{"adID":"8","adOrder":"1"}],"rewardedVideo":[{"adID":"24","adOrder":"1"}],"native":[{"adID":"69","adOrder":"1"}],"banner":[{"adID":"49","adOrder":"1"}],"icon":{"enabled":"False","adID":"59","size":"1"}}],"appAdnetwork":[{"adID":"8","isAdavailable":"1"},{"adID":"49","isAdavailable":"1"},{"adID":"69","isAdavailable":"1"},{"adID":"24","isAdavailable":"1"},{"adID":"59","isAdavailable":"1"}]}: Status code not OK,http://52.13.174.6/sheeda/admin/json/syncApp API has failed at 49 Forbidden{"message":"HTTP Error 401 - Unauthorized: Access is denied due to invalid credentials."}
{"package":"com.threed.fps.gun.ops.battle.shooting.game","title":"FPS Gun Strike Ops Battle: Offline Shooting Game","gssdkVersion":"v6.2.1","sdkVersionID":"2182","sdkVersion":"2182","userSignature":"a31265023c3eb8a0e11a55e1b57f3b30","appVersionCode":"","appVersionName":"","totalSequences":"1","adsQueueType":"priority","gpRateUsURL":"","isHideAds":"0","childDirected":"1","mediationLog":"0","store":"41","sequences":[{"seqTitleID":"1","isFirstSkip":"False","failOverAdID":"8"," isFirstSkipRewardedVideo":"False"," bannerEnabled":"False","bannerPosition":"1","failOverAdIDBanner":"49","failOverAdIDNative":"69","failOverAdIDRewardedVideo":"24","nativeEnabled":"False","nativeWidth":"107","nativeHeight":"107","interstitialAndVideo":[{"adID":"8","adOrder":"1"}],"rewardedVideo":[{"adID":"24","adOrder":"1"}],"native":[{"adID":"69","adOrder":"1"}],"banner":[{"adID":"49","adOrder":"1"}],"icon":{"enabled":"False","adID":"59","size":"1"}}],"appAdnetwork":[{"adID":"8","isAdavailable":"1"},{"adID":"49","isAdavailable":"1"},{"adID":"69","isAdavailable":"1"},{"adID":"24","isAdavailable":"1"},{"adID":"59","isAdavailable":"1"}]}: http://52.13.174.6/sheeda/admin/json/syncAppAPI failed as it is not correct json response in content type 49{"message":"HTTP Error 401 - Unauthorized: Access is denied due to invalid credentials."}
</DebugTrace>
      </Output>
    </UnitTestResult>
    <UnitTestResult executionId="771d37a8-52f3-4392-8f38-0c33d5a04f34" testId="4d0749f1-2acf-bf6d-9151-b617319ecfaf" testName="F_SyncUserDeviceMainMethodCodeGenerator" computerName="DESKTOP-5AJ0SB3" duration="00:01:18.7733544" startTime="2020-12-31T12:36:42.0196472+05:00" endTime="2020-12-31T12:38:00.7982330+05:00" testType="13cdc9d9-ddb5-4fa4-a97d-d965ccfc6d4b" outcome="Passed" testListId="8c84fa94-04c1-424b-9868-57a2d4851a1d" relativeResultsDirectory="771d37a8-52f3-4392-8f38-0c33d5a04f34">
      <Output>
        <DebugTrace>****************** http://52.13.174.6/sheeda/admin/analytics/syncUserDevice
****************** SELECT apps.package, apps.appID, apps.osID, apps.companyID, apps.sdkID, sdk_info.ver, apps.appVersionCode, apps.appVersionName FROM apps INNER JOIN sdk_info ON apps.sdkID = sdk_info.sdkID WHERE apps.sdkID &gt; 20 LIMIT 50
****************** 
****************** select adID from ads where ad_type != 'analytics';
****************** 
****************** http://52.13.174.6/sheeda/admin/analytics/syncUserDevice
Status code forbidden, internet connectivity not availablehttp://52.13.174.6/sheeda/admin/analytics/syncUserDevice please check your internet connection 0
{"package":"com.socialink.jungle.warrior","appVersionCode":"","appVersionName":"","nativeApp":"0","store":"41","uniqueDeviceID":"4297","appID":"","deviceID":"","region":"","adsQueueEventStats ":[{"adID":"0","sceneID":"11"," request":"430"," impression":"430"," click":"430"}],"gssdkVersion":"1.0.0","sdkVersionID":"2001","sdkVersion":"2001","devMode":"0"}: Status code not OK,http://52.13.174.6/sheeda/admin/analytics/syncUserDevice API has failed at 0 Forbidden{"message":"HTTP Error 401 - Unauthorized: Access is denied due to invalid credentials."}
{"package":"com.socialink.jungle.warrior","appVersionCode":"","appVersionName":"","nativeApp":"0","store":"41","uniqueDeviceID":"4297","appID":"","deviceID":"","region":"","adsQueueEventStats ":[{"adID":"0","sceneID":"11"," request":"430"," impression":"430"," click":"430"}],"gssdkVersion":"1.0.0","sdkVersionID":"2001","sdkVersion":"2001","devMode":"0"}: http://52.13.174.6/sheeda/admin/analytics/syncUserDeviceAPI failed as it is not correct json response in content type 0{"message":"HTTP Error 401 - Unauthorized: Access is denied due to invalid credentials."}
{"package":"com.socialink.jungle.warrior","appVersionCode":"","appVersionName":"","nativeApp":"0","store":"41","uniqueDeviceID":"4297","appID":"","deviceID":"","region":"","adsQueueEventStats ":[{"adID":"0","sceneID":"11"," request":"430"," impression":"430"," click":"430"}],"gssdkVersion":"1.0.0","sdkVersionID":"2001","sdkVersion":"2001","devMode":"0"}: message value is other then completed,http://52.13.174.6/sheeda/admin/analytics/syncUserDeviceapi is failed
****************** http://52.13.174.6/sheeda/admin/analytics/syncUserDevice
AM mode is working fine
Message value is completed
****************** http://52.13.174.6/sheeda/admin/analytics/syncUserDevice
Status code forbidden, internet connectivity not availablehttp://52.13.174.6/sheeda/admin/analytics/syncUserDevice please check your internet connection 2
{"package":"com.gamerzstudio.airplane.simulator","appVersionCode":"","appVersionName":"","nativeApp":"0","store":"41","uniqueDeviceID":"24","appID":"","deviceID":"","region":"","adsQueueEventStats ":[{"adID":"2","sceneID":"1"," request":"3"," impression":"3"," click":"3"}],"gssdkVersion":"3.2.2","sdkVersionID":"39","sdkVersion":"39","devMode":"0"}: Status code not OK,http://52.13.174.6/sheeda/admin/analytics/syncUserDevice API has failed at 2 Forbidden{"message":"HTTP Error 401 - Unauthorized: Access is denied due to invalid credentials."}
{"package":"com.gamerzstudio.airplane.simulator","appVersionCode":"","appVersionName":"","nativeApp":"0","store":"41","uniqueDeviceID":"24","appID":"","deviceID":"","region":"","adsQueueEventStats ":[{"adID":"2","sceneID":"1"," request":"3"," impression":"3"," click":"3"}],"gssdkVersion":"3.2.2","sdkVersionID":"39","sdkVersion":"39","devMode":"0"}: http://52.13.174.6/sheeda/admin/analytics/syncUserDeviceAPI failed as it is not correct json response in content type 2{"message":"HTTP Error 401 - Unauthorized: Access is denied due to invalid credentials."}
{"package":"com.gamerzstudio.airplane.simulator","appVersionCode":"","appVersionName":"","nativeApp":"0","store":"41","uniqueDeviceID":"24","appID":"","deviceID":"","region":"","adsQueueEventStats ":[{"adID":"2","sceneID":"1"," request":"3"," impression":"3"," click":"3"}],"gssdkVersion":"3.2.2","sdkVersionID":"39","sdkVersion":"39","devMode":"0"}: message value is other then completed,http://52.13.174.6/sheeda/admin/analytics/syncUserDeviceapi is failed
****************** http://52.13.174.6/sheeda/admin/analytics/syncUserDevice
AM mode is working fine
Message value is completed
****************** http://52.13.174.6/sheeda/admin/analytics/syncUserDevice
****************** http://52.13.174.6/sheeda/admin/analytics/syncUserDevice
AM mode is working fine
Message value is completed
****************** http://52.13.174.6/sheeda/admin/analytics/syncUserDevice
{"package":"com.amazing.gamez.airplane.car.transporter.pilot","appVersionCode":"","appVersionName":"","nativeApp":"0","store":"41","uniqueDeviceID":"4637","appID":"","deviceID":"","region":"","adsQueueEventStats ":[{"adID":"6","sceneID":"12"," request":"464"," impression":"464"," click":"464"}],"gssdkVersion":"3.2.2","sdkVersionID":"39","sdkVersion":"39","devMode":"0"}: message value is other then completed,http://52.13.174.6/sheeda/admin/analytics/syncUserDeviceapi is failed
****************** http://52.13.174.6/sheeda/admin/analytics/syncUserDevice
{"package":"com.amazing.gamez.airplane.car.transporter.pilot","appVersionCode":"","appVersionName":"","nativeApp":"0","store":"43","uniqueDeviceID":"7254","appID":"","deviceID":"","region":"","adsQueueEventStats ":[{"adID":"7","sceneID":"19"," request":"725"," impression":"725"," click":"725"}],"gssdkVersion":"3.2.2","sdkVersionID":"39","sdkVersion":"39","devMode":"0"}: message value is other then completed,http://52.13.174.6/sheeda/admin/analytics/syncUserDeviceapi is failed
****************** http://52.13.174.6/sheeda/admin/analytics/syncUserDevice
{"package":"com.amazing.gamez.snow.plow.truck.simulator","appVersionCode":"","appVersionName":"","nativeApp":"0","store":"41","uniqueDeviceID":"7571","appID":"","deviceID":"","region":"","adsQueueEventStats ":[{"adID":"8","sceneID":"19"," request":"757"," impression":"757"," click":"757"}],"gssdkVersion":"3.2.2","sdkVersionID":"39","sdkVersion":"39","devMode":"0"}: message value is other then completed,http://52.13.174.6/sheeda/admin/analytics/syncUserDeviceapi is failed
****************** http://52.13.174.6/sheeda/admin/analytics/syncUserDevice
AM mode is working fine
Message value is completed
****************** http://52.13.174.6/sheeda/admin/analytics/syncUserDevice
****************** http://52.13.174.6/sheeda/admin/analytics/syncUserDevice
****************** http://52.13.174.6/sheeda/admin/analytics/syncUserDevice
AM mode is working fine
Message value is completed
****************** http://52.13.174.6/sheeda/admin/analytics/syncUserDevice
AM mode is working fine
Message value is completed
****************** http://52.13.174.6/sheeda/admin/analytics/syncUserDevice
****************** http://52.13.174.6/sheeda/admin/analytics/syncUserDevice
{"package":"com.amazing.gamez.airplane.car.transporter.pilot","appVersionCode":"","appVersionName":"","nativeApp":"0","store":"42","uniqueDeviceID":"8674","appID":"","deviceID":"","region":"","adsQueueEventStats ":[{"adID":"18","sceneID":"22"," request":"867"," impression":"867"," click":"867"}],"gssdkVersion":"3.2.2","sdkVersionID":"39","sdkVersion":"39","devMode":"0"}: message value is other then completed,http://52.13.174.6/sheeda/admin/analytics/syncUserDeviceapi is failed
****************** http://52.13.174.6/sheeda/admin/analytics/syncUserDevice
{"package":"com.amazing.gamez.off.road.hill.climb","appVersionCode":"","appVersionName":"","nativeApp":"0","store":"41","uniqueDeviceID":"7038","appID":"","deviceID":"","region":"","adsQueueEventStats ":[{"adID":"19","sceneID":"18"," request":"704"," impression":"704"," click":"704"}],"gssdkVersion":"3.2.2","sdkVersionID":"39","sdkVersion":"39","devMode":"0"}: message value is other then completed,http://52.13.174.6/sheeda/admin/analytics/syncUserDeviceapi is failed
****************** http://52.13.174.6/sheeda/admin/analytics/syncUserDevice
{"package":"com.amazing.gamez.off.road.hill.climb","appVersionCode":"","appVersionName":"","nativeApp":"0","store":"43","uniqueDeviceID":"179","appID":"","deviceID":"","region":"","adsQueueEventStats ":[{"adID":"20","sceneID":"1"," request":"18"," impression":"18"," click":"18"}],"gssdkVersion":"3.2.2","sdkVersionID":"39","sdkVersion":"39","devMode":"0"}: message value is other then completed,http://52.13.174.6/sheeda/admin/analytics/syncUserDeviceapi is failed
****************** http://52.13.174.6/sheeda/admin/analytics/syncUserDevice
****************** http://52.13.174.6/sheeda/admin/analytics/syncUserDevice
AM mode is working fine
Message value is completed
****************** http://52.13.174.6/sheeda/admin/analytics/syncUserDevice
AM mode is working fine
Message value is completed
****************** http://52.13.174.6/sheeda/admin/analytics/syncUserDevice
AM mode is working fine
Message value is completed
****************** http://52.13.174.6/sheeda/admin/analytics/syncUserDevice
AM mode is working fine
Message value is completed
****************** http://52.13.174.6/sheeda/admin/analytics/syncUserDevice
{"package":"com.amazing.gamez.share.attack.survival.simulator","appVersionCode":"","appVersionName":"","nativeApp":"0","store":"42","uniqueDeviceID":"3681","appID":"","deviceID":"","region":"","adsQueueEventStats ":[{"adID":"26","sceneID":"10"," request":"368"," impression":"368"," click":"368"}],"gssdkVersion":"3.2.2","sdkVersionID":"39","sdkVersion":"39","devMode":"0"}: message value is other then completed,http://52.13.174.6/sheeda/admin/analytics/syncUserDeviceapi is failed
****************** http://52.13.174.6/sheeda/admin/analytics/syncUserDevice
****************** http://52.13.174.6/sheeda/admin/analytics/syncUserDevice
{"package":"com.amazing.gamez.counter.terrorist.force","appVersionCode":"","appVersionName":"","nativeApp":"0","store":"41","uniqueDeviceID":"6473","appID":"","deviceID":"","region":"","adsQueueEventStats ":[{"adID":"28","sceneID":"17"," request":"647"," impression":"647"," click":"647"}],"gssdkVersion":"3.2.2","sdkVersionID":"39","sdkVersion":"39","devMode":"0"}: message value is other then completed,http://52.13.174.6/sheeda/admin/analytics/syncUserDeviceapi is failed
****************** http://52.13.174.6/sheeda/admin/analytics/syncUserDevice
AM mode is working fine
Message value is completed
****************** http://52.13.174.6/sheeda/admin/analytics/syncUserDevice
AM mode is working fine
Message value is completed
****************** http://52.13.174.6/sheeda/admin/analytics/syncUserDevice
AM mode is working fine
Message value is completed
****************** http://52.13.174.6/sheeda/admin/analytics/syncUserDevice
AM mode is working fine
Message value is completed
****************** http://52.13.174.6/sheeda/admin/analytics/syncUserDevice
AM mode is working fine
Message value is completed
****************** http://52.13.174.6/sheeda/admin/analytics/syncUserDevice
AM mode is working fine
Message value is completed
****************** http://52.13.174.6/sheeda/admin/analytics/syncUserDevice
AM mode is working fine
child directed value is set
Sequences value is set
Is hide ads value is set
Mediation mode value is set
Ads mediation queue value is set
Message value is completed
****************** http://52.13.174.6/sheeda/admin/analytics/syncUserDevice
AM mode is working fine
Message value is completed
****************** http://52.13.174.6/sheeda/admin/analytics/syncUserDevice
AM mode is working fine
Message value is completed
****************** http://52.13.174.6/sheeda/admin/analytics/syncUserDevice
AM mode is working fine
Message value is completed
****************** http://52.13.174.6/sheeda/admin/analytics/syncUserDevice
AM mode is working fine
Message value is completed
****************** http://52.13.174.6/sheeda/admin/analytics/syncUserDevice
AM mode is working fine
Message value is completed
****************** http://52.13.174.6/sheeda/admin/analytics/syncUserDevice
AM mode is working fine
Message value is completed
****************** http://52.13.174.6/sheeda/admin/analytics/syncUserDevice
AM mode is working fine
Message value is completed
****************** http://52.13.174.6/sheeda/admin/analytics/syncUserDevice
AM mode is working fine
Message value is completed
****************** http://52.13.174.6/sheeda/admin/analytics/syncUserDevice
AM mode is working fine
Message value is completed
****************** http://52.13.174.6/sheeda/admin/analytics/syncUserDevice
AM mode is working fine
Message value is completed
****************** http://52.13.174.6/sheeda/admin/analytics/syncUserDevice
AM mode is working fine
Message value is completed
****************** http://52.13.174.6/sheeda/admin/analytics/syncUserDevice
AM mode is working fine
Message value is completed
****************** http://52.13.174.6/sheeda/admin/analytics/syncUserDevice
AM mode is working fine
Message value is completed
****************** http://52.13.174.6/sheeda/admin/analytics/syncUserDevice
AM mode is working fine
Message value is completed
****************** http://52.13.174.6/sheeda/admin/analytics/syncUserDevice
AM mode is working fine
Message value is completed
****************** http://52.13.174.6/sheeda/admin/analytics/syncUserDevice
AM mode is working fine
Message value is completed
****************** http://52.13.174.6/sheeda/admin/analytics/syncUserDevice
AM mode is working fine
Message value is completed
</DebugTrace>
      </Output>
    </UnitTestResult>
  </Results>
</TestRun>