<?xml version="1.0" encoding="UTF-8"?>
<TestRun id="19b88c03-bae7-4ccb-9d52-0f81989bbb4b" name="SYSTEM@DESKTOP-5AJ0SB3 2020-12-29 11:39:49" runUser="NT AUTHORITY\SYSTEM" xmlns="http://microsoft.com/schemas/VisualStudio/TeamTest/2010">
  <TestSettings name="Default Test Settings" id="087df808-8da6-4b7f-aefe-4f27ba11ffdc">
    <Deployment userDeploymentRoot="E:\Automation\Automation_API_Windows\Monetization_Automation\Monetization_Automation\Monetization_Automation\AutomationAPIExecutionResultsFiles" useDefaultDeploymentRoot="false" runDeploymentRoot="SYSTEM_DESKTOP-5AJ0SB3 2020-12-29 11_39_49" />
    <Execution>
      <TestTypeSpecific />
      <AgentRule name="Execution Agents">
      </AgentRule>
    </Execution>
    <Properties />
  </TestSettings>
  <Times creation="2020-12-29T11:39:49.9224408+05:00" queuing="2020-12-29T11:40:05.8275767+05:00" start="2020-12-29T11:40:05.9994390+05:00" finish="2020-12-29T11:51:55.8522370+05:00" />
  <ResultSummary outcome="Warning">
    <Counters total="7" executed="7" passed="7" error="0" failed="0" timeout="0" aborted="0" inconclusive="0" passedButRunAborted="0" notRunnable="0" notExecuted="0" disconnected="0" warning="0" completed="0" inProgress="0" pending="0" />
    <RunInfos>
      <RunInfo computerName="DESKTOP-5AJ0SB3" outcome="Warning" timestamp="2020-12-29T11:40:05.7807246+05:00">
        <Text>Warning: conflict during test run deployment: deployment item 'E:\Automation\Automation_API_Windows\Monetization_Automation\Monetization_Automation\Monetization_Automation\Monetization_Automation.Utils\Monetization_Automation.Utils\bin\Debug\Monetization_Automation.Utils.dll' specified by the test 'Monetization_Automation.Test.F_SyncAppUnityAPIInputGenerator.G_SyncAppunityMainMethodCodeGenerator' cannot be deployed to 'Google.Protobuf.dll' because otherwise the file 'E:\Automation\Automation_API_Windows\Monetization_Automation\Monetization_Automation\Monetization_Automation\Monetization_Automation.Utils\Monetization_Automation.Utils\bin\Debug\Google.Protobuf.dll' would overwrite deployment item 'e:\automation\automation_api_windows\monetization_automation\monetization_automation\monetization_automation\testingapi\bin\debug\Google.Protobuf.dll' directly or indirectly referenced by the test container 'e:\automation\automation_api_windows\monetization_automation\monetization_automation\monetization_automation\testingapi\bin\debug\monetization_automation.test.dll'.</Text>
      </RunInfo>
      <RunInfo computerName="DESKTOP-5AJ0SB3" outcome="Warning" timestamp="2020-12-29T11:40:05.7807246+05:00">
        <Text>Warning: conflict during test run deployment: deployment item 'E:\Automation\Automation_API_Windows\Monetization_Automation\Monetization_Automation\Monetization_Automation\Monetization_Automation.Utils\Monetization_Automation.Utils\bin\Debug\Monetization_Automation.Utils.dll' specified by the test 'Monetization_Automation.Test.F_SyncAppUnityAPIInputGenerator.G_SyncAppunityMainMethodCodeGenerator' cannot be deployed to 'K4os.Compression.LZ4.Streams.dll' because otherwise the file 'E:\Automation\Automation_API_Windows\Monetization_Automation\Monetization_Automation\Monetization_Automation\Monetization_Automation.Utils\Monetization_Automation.Utils\bin\Debug\K4os.Compression.LZ4.Streams.dll' would overwrite deployment item 'e:\automation\automation_api_windows\monetization_automation\monetization_automation\monetization_automation\testingapi\bin\debug\K4os.Compression.LZ4.Streams.dll' directly or indirectly referenced by the test container 'e:\automation\automation_api_windows\monetization_automation\monetization_automation\monetization_automation\testingapi\bin\debug\monetization_automation.test.dll'.</Text>
      </RunInfo>
      <RunInfo computerName="DESKTOP-5AJ0SB3" outcome="Warning" timestamp="2020-12-29T11:40:05.7807246+05:00">
        <Text>Warning: conflict during test run deployment: deployment item 'E:\Automation\Automation_API_Windows\Monetization_Automation\Monetization_Automation\Monetization_Automation\Monetization_Automation.Utils\Monetization_Automation.Utils\bin\Debug\Monetization_Automation.Utils.dll' specified by the test 'Monetization_Automation.Test.F_SyncAppUnityAPIInputGenerator.G_SyncAppunityMainMethodCodeGenerator' cannot be deployed to 'K4os.Compression.LZ4.dll' because otherwise the file 'E:\Automation\Automation_API_Windows\Monetization_Automation\Monetization_Automation\Monetization_Automation\Monetization_Automation.Utils\Monetization_Automation.Utils\bin\Debug\K4os.Compression.LZ4.dll' would overwrite deployment item 'e:\automation\automation_api_windows\monetization_automation\monetization_automation\monetization_automation\testingapi\bin\debug\K4os.Compression.LZ4.dll' directly or indirectly referenced by the test container 'e:\automation\automation_api_windows\monetization_automation\monetization_automation\monetization_automation\testingapi\bin\debug\monetization_automation.test.dll'.</Text>
      </RunInfo>
      <RunInfo computerName="DESKTOP-5AJ0SB3" outcome="Warning" timestamp="2020-12-29T11:40:05.7807246+05:00">
        <Text>Warning: conflict during test run deployment: deployment item 'E:\Automation\Automation_API_Windows\Monetization_Automation\Monetization_Automation\Monetization_Automation\Monetization_Automation.Utils\Monetization_Automation.Utils\bin\Debug\Monetization_Automation.Utils.dll' specified by the test 'Monetization_Automation.Test.F_SyncAppUnityAPIInputGenerator.G_SyncAppunityMainMethodCodeGenerator' cannot be deployed to 'System.Memory.dll' because otherwise the file 'E:\Automation\Automation_API_Windows\Monetization_Automation\Monetization_Automation\Monetization_Automation\Monetization_Automation.Utils\Monetization_Automation.Utils\bin\Debug\System.Memory.dll' would overwrite deployment item 'e:\automation\automation_api_windows\monetization_automation\monetization_automation\monetization_automation\testingapi\bin\debug\System.Memory.dll' directly or indirectly referenced by the test container 'e:\automation\automation_api_windows\monetization_automation\monetization_automation\monetization_automation\testingapi\bin\debug\monetization_automation.test.dll'.</Text>
      </RunInfo>
      <RunInfo computerName="DESKTOP-5AJ0SB3" outcome="Warning" timestamp="2020-12-29T11:40:05.7807246+05:00">
        <Text>Warning: conflict during test run deployment: deployment item 'E:\Automation\Automation_API_Windows\Monetization_Automation\Monetization_Automation\Monetization_Automation\Monetization_Automation.Utils\Monetization_Automation.Utils\bin\Debug\Monetization_Automation.Utils.dll' specified by the test 'Monetization_Automation.Test.F_SyncAppUnityAPIInputGenerator.G_SyncAppunityMainMethodCodeGenerator' cannot be deployed to 'System.Numerics.Vectors.dll' because otherwise the file 'E:\Automation\Automation_API_Windows\Monetization_Automation\Monetization_Automation\Monetization_Automation\Monetization_Automation.Utils\Monetization_Automation.Utils\bin\Debug\System.Numerics.Vectors.dll' would overwrite deployment item 'e:\automation\automation_api_windows\monetization_automation\monetization_automation\monetization_automation\testingapi\bin\debug\System.Numerics.Vectors.dll' directly or indirectly referenced by the test container 'e:\automation\automation_api_windows\monetization_automation\monetization_automation\monetization_automation\testingapi\bin\debug\monetization_automation.test.dll'.</Text>
      </RunInfo>
      <RunInfo computerName="DESKTOP-5AJ0SB3" outcome="Warning" timestamp="2020-12-29T11:40:05.7807246+05:00">
        <Text>Warning: conflict during test run deployment: deployment item 'E:\Automation\Automation_API_Windows\Monetization_Automation\Monetization_Automation\Monetization_Automation\Monetization_Automation.Utils\Monetization_Automation.Utils\bin\Debug\Monetization_Automation.Utils.dll' specified by the test 'Monetization_Automation.Test.F_SyncAppUnityAPIInputGenerator.G_SyncAppunityMainMethodCodeGenerator' cannot be deployed to 'BouncyCastle.Crypto.dll' because otherwise the file 'E:\Automation\Automation_API_Windows\Monetization_Automation\Monetization_Automation\Monetization_Automation\Monetization_Automation.Utils\Monetization_Automation.Utils\bin\Debug\BouncyCastle.Crypto.dll' would overwrite deployment item 'e:\automation\automation_api_windows\monetization_automation\monetization_automation\monetization_automation\testingapi\bin\debug\BouncyCastle.Crypto.dll' directly or indirectly referenced by the test container 'e:\automation\automation_api_windows\monetization_automation\monetization_automation\monetization_automation\testingapi\bin\debug\monetization_automation.test.dll'.</Text>
      </RunInfo>
      <RunInfo computerName="DESKTOP-5AJ0SB3" outcome="Warning" timestamp="2020-12-29T11:40:05.7807246+05:00">
        <Text>Warning: Test Run deployment issue: The assembly or module 'office' directly or indirectly referenced by the test container 'e:\automation\automation_api_windows\monetization_automation\monetization_automation\monetization_automation\testingapi\bin\debug\monetization_automation.test.dll' was not found.</Text>
      </RunInfo>
      <RunInfo computerName="DESKTOP-5AJ0SB3" outcome="Warning" timestamp="2020-12-29T11:40:05.7807246+05:00">
        <Text>Warning: Test Run deployment issue: The assembly or module 'Microsoft.Vbe.Interop' directly or indirectly referenced by the test container 'e:\automation\automation_api_windows\monetization_automation\monetization_automation\monetization_automation\testingapi\bin\debug\monetization_automation.test.dll' was not found.</Text>
      </RunInfo>
      <RunInfo computerName="DESKTOP-5AJ0SB3" outcome="Warning" timestamp="2020-12-29T11:40:05.7807246+05:00">
        <Text>Warning: Test Run deployment issue: The assembly or module 'System.Memory' directly or indirectly referenced by deployment item 'E:\Automation\Automation_API_Windows\Monetization_Automation\Monetization_Automation\Monetization_Automation\Monetization_Automation.Utils\Monetization_Automation.Utils\bin\Debug\Monetization_Automation.Utils.dll' specified by the test 'Monetization_Automation.Test.F_SyncAppUnityAPIInputGenerator.G_SyncAppunityMainMethodCodeGenerator' was not found.</Text>
      </RunInfo>
      <RunInfo computerName="DESKTOP-5AJ0SB3" outcome="Warning" timestamp="2020-12-29T11:40:05.7807246+05:00">
        <Text>Warning: Test Run deployment issue: The assembly or module 'System.Runtime.CompilerServices.Unsafe' directly or indirectly referenced by deployment item 'E:\Automation\Automation_API_Windows\Monetization_Automation\Monetization_Automation\Monetization_Automation\Monetization_Automation.Utils\Monetization_Automation.Utils\bin\Debug\Monetization_Automation.Utils.dll' specified by the test 'Monetization_Automation.Test.F_SyncAppUnityAPIInputGenerator.G_SyncAppunityMainMethodCodeGenerator' was not found.</Text>
      </RunInfo>
      <RunInfo computerName="DESKTOP-5AJ0SB3" outcome="Warning" timestamp="2020-12-29T11:40:05.7807246+05:00">
        <Text>Warning: Test Run deployment issue: The assembly or module 'System.Buffers' directly or indirectly referenced by deployment item 'E:\Automation\Automation_API_Windows\Monetization_Automation\Monetization_Automation\Monetization_Automation\Monetization_Automation.Utils\Monetization_Automation.Utils\bin\Debug\Monetization_Automation.Utils.dll' specified by the test 'Monetization_Automation.Test.F_SyncAppUnityAPIInputGenerator.G_SyncAppunityMainMethodCodeGenerator' was not found.</Text>
      </RunInfo>
    </RunInfos>
  </ResultSummary>
  <TestDefinitions>
    <UnitTest name="G_SyncAppunityMainMethodCodeGenerator" storage="e:\automation\automation_api_windows\monetization_automation\monetization_automation\monetization_automation\testingapi\bin\debug\monetization_automation.test.dll" id="f70c910a-cc07-24cb-0d1c-bc2c00fc396f">
      <DeploymentItems>
        <DeploymentItem filename="E:\Automation\Automation_API_Windows\Monetization_Automation\Monetization_Automation\Monetization_Automation\Monetization_Automation.Utils\Monetization_Automation.Utils\bin\Debug\Monetization_Automation.Utils.dll" />
      </DeploymentItems>
      <Execution id="b1e3f5ca-322f-4059-bafd-be83015912b6" />
      <TestMethod codeBase="E:/Automation/Automation_API_Windows/Monetization_Automation/Monetization_Automation/Monetization_Automation/TestingAPI/bin/Debug/Monetization_Automation.Test.DLL" adapterTypeName="Microsoft.VisualStudio.TestTools.TestTypes.Unit.UnitTestAdapter, Microsoft.VisualStudio.QualityTools.Tips.UnitTest.Adapter, Version=16.0.0.0, Culture=neutral, PublicKeyToken=b03f5f7f11d50a3a" className="Monetization_Automation.Test.F_SyncAppUnityAPIInputGenerator, Monetization_Automation.Test, Version=1.0.0.0, Culture=neutral, PublicKeyToken=null" name="G_SyncAppunityMainMethodCodeGenerator" />
    </UnitTest>
    <UnitTest name="B_CampaignLogSummaryMainMethodCodeGenerator" storage="e:\automation\automation_api_windows\monetization_automation\monetization_automation\monetization_automation\testingapi\bin\debug\monetization_automation.test.dll" id="04151d7f-9c61-1489-4cc0-5cc1dc07baee">
      <DeploymentItems>
        <DeploymentItem filename="E:\Automation\Automation_API_Windows\Monetization_Automation\Monetization_Automation\Monetization_Automation\Monetization_Automation.Utils\Monetization_Automation.Utils\bin\Debug\Monetization_Automation.Utils.dll" />
      </DeploymentItems>
      <Execution id="92727b7a-15e2-474d-886e-3f8385eeaf0f" />
      <TestMethod codeBase="E:/Automation/Automation_API_Windows/Monetization_Automation/Monetization_Automation/Monetization_Automation/TestingAPI/bin/Debug/Monetization_Automation.Test.DLL" adapterTypeName="Microsoft.VisualStudio.TestTools.TestTypes.Unit.UnitTestAdapter, Microsoft.VisualStudio.QualityTools.Tips.UnitTest.Adapter, Version=16.0.0.0, Culture=neutral, PublicKeyToken=b03f5f7f11d50a3a" className="Monetization_Automation.Test.B_CampaignLogSummaryAPIInputGenerator, Monetization_Automation.Test, Version=1.0.0.0, Culture=neutral, PublicKeyToken=null" name="B_CampaignLogSummaryMainMethodCodeGenerator" />
    </UnitTest>
    <UnitTest name="E_StartNewAdSessionMainInputGenerator" storage="e:\automation\automation_api_windows\monetization_automation\monetization_automation\monetization_automation\testingapi\bin\debug\monetization_automation.test.dll" id="bfc1b289-dbbb-3bad-fc5e-78e601449e19">
      <DeploymentItems>
        <DeploymentItem filename="E:\Automation\Automation_API_Windows\Monetization_Automation\Monetization_Automation\Monetization_Automation\Monetization_Automation.Utils\Monetization_Automation.Utils\bin\Debug\Monetization_Automation.Utils.dll" />
      </DeploymentItems>
      <Execution id="483c813e-01a3-4afc-8e09-ac3395a76fda" />
      <TestMethod codeBase="E:/Automation/Automation_API_Windows/Monetization_Automation/Monetization_Automation/Monetization_Automation/TestingAPI/bin/Debug/Monetization_Automation.Test.DLL" adapterTypeName="Microsoft.VisualStudio.TestTools.TestTypes.Unit.UnitTestAdapter, Microsoft.VisualStudio.QualityTools.Tips.UnitTest.Adapter, Version=16.0.0.0, Culture=neutral, PublicKeyToken=b03f5f7f11d50a3a" className="Monetization_Automation.Test.E_StartNewAdSessionInputGenerator, Monetization_Automation.Test, Version=1.0.0.0, Culture=neutral, PublicKeyToken=null" name="E_StartNewAdSessionMainInputGenerator" />
    </UnitTest>
    <UnitTest name="A_SyncAppNativeMainMethodInputGenerator" storage="e:\automation\automation_api_windows\monetization_automation\monetization_automation\monetization_automation\testingapi\bin\debug\monetization_automation.test.dll" id="b1df3d41-c071-e99d-12ca-f9fb92f1350c">
      <DeploymentItems>
        <DeploymentItem filename="E:\Automation\Automation_API_Windows\Monetization_Automation\Monetization_Automation\Monetization_Automation\Monetization_Automation.Utils\Monetization_Automation.Utils\bin\Debug\Monetization_Automation.Utils.dll" />
      </DeploymentItems>
      <Execution id="7380fc69-e540-4f87-9d8a-2d1d0953578f" />
      <TestMethod codeBase="E:/Automation/Automation_API_Windows/Monetization_Automation/Monetization_Automation/Monetization_Automation/TestingAPI/bin/Debug/Monetization_Automation.Test.DLL" adapterTypeName="Microsoft.VisualStudio.TestTools.TestTypes.Unit.UnitTestAdapter, Microsoft.VisualStudio.QualityTools.Tips.UnitTest.Adapter, Version=16.0.0.0, Culture=neutral, PublicKeyToken=b03f5f7f11d50a3a" className="Monetization_Automation.Test.A_SyncAppNativeAPIInputGenerator, Monetization_Automation.Test, Version=1.0.0.0, Culture=neutral, PublicKeyToken=null" name="A_SyncAppNativeMainMethodInputGenerator" />
    </UnitTest>
    <UnitTest name="D_SaveNetworkrStatsMainMethodCodeGenerator" storage="e:\automation\automation_api_windows\monetization_automation\monetization_automation\monetization_automation\testingapi\bin\debug\monetization_automation.test.dll" id="20f0da05-06f5-50cc-bee5-9ac7cf561794">
      <DeploymentItems>
        <DeploymentItem filename="E:\Automation\Automation_API_Windows\Monetization_Automation\Monetization_Automation\Monetization_Automation\Monetization_Automation.Utils\Monetization_Automation.Utils\bin\Debug\Monetization_Automation.Utils.dll" />
      </DeploymentItems>
      <Execution id="e1b9b184-9301-46c4-b87d-80e2bd809bbf" />
      <TestMethod codeBase="E:/Automation/Automation_API_Windows/Monetization_Automation/Monetization_Automation/Monetization_Automation/TestingAPI/bin/Debug/Monetization_Automation.Test.DLL" adapterTypeName="Microsoft.VisualStudio.TestTools.TestTypes.Unit.UnitTestAdapter, Microsoft.VisualStudio.QualityTools.Tips.UnitTest.Adapter, Version=16.0.0.0, Culture=neutral, PublicKeyToken=b03f5f7f11d50a3a" className="Monetization_Automation.Test.D_SaveNetworkrStatsAPIInputGenerator, Monetization_Automation.Test, Version=1.0.0.0, Culture=neutral, PublicKeyToken=null" name="D_SaveNetworkrStatsMainMethodCodeGenerator" />
    </UnitTest>
    <UnitTest name="C_RecordClicksFromDeviceMainMethodCodeGenerator" storage="e:\automation\automation_api_windows\monetization_automation\monetization_automation\monetization_automation\testingapi\bin\debug\monetization_automation.test.dll" id="d249d328-6d44-2c2d-6ed9-e0b5d6f69772">
      <DeploymentItems>
        <DeploymentItem filename="E:\Automation\Automation_API_Windows\Monetization_Automation\Monetization_Automation\Monetization_Automation\Monetization_Automation.Utils\Monetization_Automation.Utils\bin\Debug\Monetization_Automation.Utils.dll" />
      </DeploymentItems>
      <Execution id="388eca78-ab38-41ca-9c9a-f586df44d0cc" />
      <TestMethod codeBase="E:/Automation/Automation_API_Windows/Monetization_Automation/Monetization_Automation/Monetization_Automation/TestingAPI/bin/Debug/Monetization_Automation.Test.DLL" adapterTypeName="Microsoft.VisualStudio.TestTools.TestTypes.Unit.UnitTestAdapter, Microsoft.VisualStudio.QualityTools.Tips.UnitTest.Adapter, Version=16.0.0.0, Culture=neutral, PublicKeyToken=b03f5f7f11d50a3a" className="Monetization_Automation.Test.C_RecordClicksFromDeviceInputGenerator, Monetization_Automation.Test, Version=1.0.0.0, Culture=neutral, PublicKeyToken=null" name="C_RecordClicksFromDeviceMainMethodCodeGenerator" />
    </UnitTest>
    <UnitTest name="F_SyncUserDeviceMainMethodCodeGenerator" storage="e:\automation\automation_api_windows\monetization_automation\monetization_automation\monetization_automation\testingapi\bin\debug\monetization_automation.test.dll" id="4d0749f1-2acf-bf6d-9151-b617319ecfaf">
      <DeploymentItems>
        <DeploymentItem filename="E:\Automation\Automation_API_Windows\Monetization_Automation\Monetization_Automation\Monetization_Automation\Monetization_Automation.Utils\Monetization_Automation.Utils\bin\Debug\Monetization_Automation.Utils.dll" />
      </DeploymentItems>
      <Execution id="2519aae5-02bf-4485-b40d-07ab187cad13" />
      <TestMethod codeBase="E:/Automation/Automation_API_Windows/Monetization_Automation/Monetization_Automation/Monetization_Automation/TestingAPI/bin/Debug/Monetization_Automation.Test.DLL" adapterTypeName="Microsoft.VisualStudio.TestTools.TestTypes.Unit.UnitTestAdapter, Microsoft.VisualStudio.QualityTools.Tips.UnitTest.Adapter, Version=16.0.0.0, Culture=neutral, PublicKeyToken=b03f5f7f11d50a3a" className="Monetization_Automation.Test.G_SyncUserDeviceAPIInputGenerator, Monetization_Automation.Test, Version=1.0.0.0, Culture=neutral, PublicKeyToken=null" name="F_SyncUserDeviceMainMethodCodeGenerator" />
    </UnitTest>
  </TestDefinitions>
  <TestLists>
    <TestList name="Results Not in a List" id="8c84fa94-04c1-424b-9868-57a2d4851a1d" />
    <TestList name="All Loaded Results" id="19431567-8539-422a-85d7-44ee4e166bda" />
  </TestLists>
  <TestEntries>
    <TestEntry testId="b1df3d41-c071-e99d-12ca-f9fb92f1350c" executionId="7380fc69-e540-4f87-9d8a-2d1d0953578f" testListId="8c84fa94-04c1-424b-9868-57a2d4851a1d" />
    <TestEntry testId="04151d7f-9c61-1489-4cc0-5cc1dc07baee" executionId="92727b7a-15e2-474d-886e-3f8385eeaf0f" testListId="8c84fa94-04c1-424b-9868-57a2d4851a1d" />
    <TestEntry testId="d249d328-6d44-2c2d-6ed9-e0b5d6f69772" executionId="388eca78-ab38-41ca-9c9a-f586df44d0cc" testListId="8c84fa94-04c1-424b-9868-57a2d4851a1d" />
    <TestEntry testId="20f0da05-06f5-50cc-bee5-9ac7cf561794" executionId="e1b9b184-9301-46c4-b87d-80e2bd809bbf" testListId="8c84fa94-04c1-424b-9868-57a2d4851a1d" />
    <TestEntry testId="bfc1b289-dbbb-3bad-fc5e-78e601449e19" executionId="483c813e-01a3-4afc-8e09-ac3395a76fda" testListId="8c84fa94-04c1-424b-9868-57a2d4851a1d" />
    <TestEntry testId="f70c910a-cc07-24cb-0d1c-bc2c00fc396f" executionId="b1e3f5ca-322f-4059-bafd-be83015912b6" testListId="8c84fa94-04c1-424b-9868-57a2d4851a1d" />
    <TestEntry testId="4d0749f1-2acf-bf6d-9151-b617319ecfaf" executionId="2519aae5-02bf-4485-b40d-07ab187cad13" testListId="8c84fa94-04c1-424b-9868-57a2d4851a1d" />
  </TestEntries>
  <Results>
    <UnitTestResult executionId="7380fc69-e540-4f87-9d8a-2d1d0953578f" testId="b1df3d41-c071-e99d-12ca-f9fb92f1350c" testName="A_SyncAppNativeMainMethodInputGenerator" computerName="DESKTOP-5AJ0SB3" duration="00:02:22.6162257" startTime="2020-12-29T11:40:06.1088094+05:00" endTime="2020-12-29T11:42:33.8006283+05:00" testType="13cdc9d9-ddb5-4fa4-a97d-d965ccfc6d4b" outcome="Passed" testListId="8c84fa94-04c1-424b-9868-57a2d4851a1d" relativeResultsDirectory="7380fc69-e540-4f87-9d8a-2d1d0953578f">
      <Output>
        <DebugTrace>****************** http://52.13.174.6/sheeda/admin/json/syncApp
****************** 
SELECT apps.package, apps.osID, apps.companyID, users.userSignature, apps.appVersionCode, apps.appVersionName
FROM apps JOIN users ON apps.companyID = users.companyID
WHERE apps.sdkID &gt; 20 AND apps.app_type = 'app' AND users.isAdmin = 1 AND users. STATUS = 1 ORDER BY companyID ASC
LIMIT 50
****************** 
****************** SELECT sdkID, ver FROM `sdk_info` WHERE `description` LIKE '%Native mediation%' AND sdkID &gt; 2173 LIMIT 50
****************** 
****************** select adID from ads where ad_type != 'analytics' and ad_type ='interstitial'
****************** select adID from ads where ad_type != 'analytics' and ad_type ='banner'
****************** select adID from ads where ad_type != 'analytics' and ad_type ='native'
****************** select adID from ads where ad_type != 'analytics' and ad_type ='rewarded_video'
Ads mediation queue value is set
Mediation mode value is set
child directed value is set
Sequences value is set
Is hide ads value is set
Ads mediation queue value is set
Mediation mode value is set
child directed value is set
Sequences value is set
Is hide ads value is set
Ads mediation queue value is set
Mediation mode value is set
child directed value is set
Sequences value is set
Is hide ads value is set
Ads mediation queue value is set
Mediation mode value is set
child directed value is set
Sequences value is set
Is hide ads value is set
Ads mediation queue value is set
Mediation mode value is set
child directed value is set
Sequences value is set
Is hide ads value is set
Ads mediation queue value is set
Mediation mode value is set
child directed value is set
Sequences value is set
Is hide ads value is set
Ads mediation queue value is set
Mediation mode value is set
child directed value is set
Sequences value is set
Is hide ads value is set
Ads mediation queue value is set
Mediation mode value is set
child directed value is set
Sequences value is set
Is hide ads value is set
Ads mediation queue value is set
Mediation mode value is set
child directed value is set
Sequences value is set
Is hide ads value is set
Ads mediation queue value is set
Mediation mode value is set
child directed value is set
Sequences value is set
Is hide ads value is set
Ads mediation queue value is set
Mediation mode value is set
child directed value is set
Sequences value is set
Is hide ads value is set
Ads mediation queue value is set
Mediation mode value is set
child directed value is set
Sequences value is set
Is hide ads value is set
Ads mediation queue value is set
Mediation mode value is set
child directed value is set
Sequences value is set
Is hide ads value is set
Ads mediation queue value is set
Mediation mode value is set
child directed value is set
Sequences value is set
Is hide ads value is set
Ads mediation queue value is set
Mediation mode value is set
child directed value is set
Sequences value is set
Is hide ads value is set
Ads mediation queue value is set
Mediation mode value is set
child directed value is set
Sequences value is set
Is hide ads value is set
Ads mediation queue value is set
Mediation mode value is set
child directed value is set
Sequences value is set
Is hide ads value is set
Ads mediation queue value is set
Mediation mode value is set
child directed value is set
Sequences value is set
Is hide ads value is set
Ads mediation queue value is set
Mediation mode value is set
child directed value is set
Sequences value is set
Is hide ads value is set
Ads mediation queue value is set
Mediation mode value is set
child directed value is set
Sequences value is set
Is hide ads value is set
Ads mediation queue value is set
Mediation mode value is set
child directed value is set
Sequences value is set
Is hide ads value is set
Ads mediation queue value is set
Mediation mode value is set
child directed value is set
Sequences value is set
Is hide ads value is set
Ads mediation queue value is set
Mediation mode value is set
child directed value is set
Sequences value is set
Is hide ads value is set
Ads mediation queue value is set
Mediation mode value is set
child directed value is set
Sequences value is set
Is hide ads value is set
</DebugTrace>
      </Output>
    </UnitTestResult>
    <UnitTestResult executionId="92727b7a-15e2-474d-886e-3f8385eeaf0f" testId="04151d7f-9c61-1489-4cc0-5cc1dc07baee" testName="B_CampaignLogSummaryMainMethodCodeGenerator" computerName="DESKTOP-5AJ0SB3" duration="00:02:06.0620554" startTime="2020-12-29T11:42:33.8006283+05:00" endTime="2020-12-29T11:44:39.8776076+05:00" testType="13cdc9d9-ddb5-4fa4-a97d-d965ccfc6d4b" outcome="Passed" testListId="8c84fa94-04c1-424b-9868-57a2d4851a1d" relativeResultsDirectory="92727b7a-15e2-474d-886e-3f8385eeaf0f">
      <Output>
        <DebugTrace>****************** SELECT apps.appKey, campaigns.campaignID, apps.package, apps.sdkID, apps.companyID, apps.osID FROM apps INNER JOIN campaigns ON apps.appID = campaigns.appID WHERE apps.sdkID &gt; 20 AND apps.appKey != '' AND campaigns.campaignID NOT IN (0 ,- 1 ,- 2 ,- 3 ,- 4 ,- 5) LIMIT 50

****************** 

{"appKey":"87749f0a5e72d3c88e3f0a2ceae0e8ad","deviceID":"2093","stats":[{"campaignID":47,"packageID":"com.mizo.city.ambulance","sceneStats":[{"sceneID":"6","eventStats":"321,221,121,21,21,0,0"}]}],"sdkVersion":"2056","sessionToken":"vhRDZd5MK+4lIH8X/mNh9q3AWhAF6oQpsHzkSChxcELpqKx6kQxk3RdbBSxO0WdoUKHfmD2btxDbDaOk1jW1lp611h8JJ+FxRc8NQutzk0X7xTjJHvfIKjdMGZMp8Lax"}
cache_ttl value is correct

Refresh Ad Rate value is correct
mode value is set

 Aspect ratio value is correct
sentry_log value is set
local_logging value is set
sentry_initialization value is set
sentry_debugging value is set
showPreRewardedDialogue value is set
showPostRewardedDialogue value is set
isSkipable value is set
{"cache_ttl":10080,"cache_ttl_rewarded":10080,"cache_ttl_banner":10080,"cache_ttl_native":10080,"cache_ttl_icon":10080,"refreshAdRate":30,"mode":"Production","aspectRatio":"4_3","cdnPath":"https:\/\/df8ymybeo92md.cloudfront.net\/images\/","sentry_log":0,"local_logging":0,"sentry_dsn":"https:\/\/93ffa1c9a4124f67b8888a53265f751a:bbf998e04584477fa9a145838e9d3b26@sentry.io\/168994","sentry_initialization":1,"sentry_debugging":0,"bannerSizes":[],"aspectRatioVideo":"16_9","app_id":"1035","showPreRewardedDialogue":0,"showPostRewardedDialogue":0,"rewardCurrency":"coins","rewardValue":0,"isSkipable":0,"privacyPolicyURL":"https:\/\/www.consoliads.com\/privacy-policy\/","sessionToken":"iKmkGW+fbMDWdZpWaEKuU826gTYAmOMtGb\/EXptIkdKXm0987ASN+edVZPBcFziKkU1TluW9cAtG5u8aDHgFmaKua3AJ143H0+edcSJxQIdZbx+gyhubjupCXxqR55Nvb7yRXIockionlq7M439uIelmrRPdnCWK3tfNdRs6k\/8="}
Session token value is set


{"appKey":"03a90424d48d01cab7124698a3b141c5","deviceID":"2726","stats":[{"campaignID":48,"packageID":"com.mizo.construction.crane.hill.climb","sceneStats":[{"sceneID":"7","eventStats":"327,227,127,27,27,0,0"}]}],"sdkVersion":"39","sessionToken":"iKmkGW+fbMDWdZpWaEKuU826gTYAmOMtGb\/EXptIkdKXm0987ASN+edVZPBcFziKkU1TluW9cAtG5u8aDHgFmaKua3AJ143H0+edcSJxQIdZbx+gyhubjupCXxqR55Nvb7yRXIockionlq7M439uIelmrRPdnCWK3tfNdRs6k\/8="}
cache_ttl value is correct

Refresh Ad Rate value is correct
mode value is set

 Aspect ratio value is correct
sentry_log value is set
local_logging value is set
sentry_initialization value is set
sentry_debugging value is set
showPreRewardedDialogue value is set
showPostRewardedDialogue value is set
isSkipable value is set
{"cache_ttl":10080,"cache_ttl_rewarded":10080,"cache_ttl_banner":10080,"cache_ttl_native":10080,"cache_ttl_icon":10080,"campaigns":[{"campaignID":"9277","attribution_link":"","attribution":1,"priority":"5","appToPromote":{"appToPromoteID":"17609","usesDefaultFrameImage":"0","usesDefaultCloseImage":"0","marketURL":"https:\/\/smartbear.com\/learn\/automated-testing\/test-automation-frameworks\/","packageID":"com.buntoo.buntooAd"},"showTemplate":1,"s2s_tracking_url":"","activeCreativeID":"4702","scenes":["1","2","6","4","5"],"campaignAdType":"Interstitial"},{"campaignID":"9278","attribution":0,"priority":"5","appToPromote":{"appToPromoteID":"17609","usesDefaultFrameImage":"0","usesDefaultCloseImage":"0","marketURL":"https:\/\/smartbear.com\/learn\/automated-testing\/test-automation-frameworks\/","packageID":"com.buntoo.buntooAd"},"showTemplate":1,"s2s_tracking_url":"https:\/\/smartbear.com\/learn\/automated-testing\/test-automation-frameworks\/","activeCreativeID":"4701","scenes":["1","2","6","4","5"],"campaignAdType":"Interstitial"},{"campaignID":"9279","attribution":0,"priority":"5","appToPromote":{"appToPromoteID":"17609","usesDefaultFrameImage":"0","usesDefaultCloseImage":"0","marketURL":"https:\/\/smartbear.com\/learn\/automated-testing\/test-automation-frameworks\/","packageID":"com.buntoo.buntooAd"},"showTemplate":1,"s2s_tracking_url":"https:\/\/smartbear.com\/learn\/automated-testing\/test-automation-frameworks\/","activeCreativeID":"4701","scenes":["1","2","6","4","5"],"campaignAdType":"Interstitial"},{"campaignID":"9280","attribution":0,"priority":"5","appToPromote":{"appToPromoteID":"17609","usesDefaultFrameImage":"0","usesDefaultCloseImage":"0","marketURL":"https:\/\/smartbear.com\/learn\/automated-testing\/test-automation-frameworks\/","packageID":"com.buntoo.buntooAd"},"showTemplate":1,"s2s_tracking_url":"https:\/\/smartbear.com\/learn\/automated-testing\/test-automation-frameworks\/","activeCreativeID":"4701","scenes":["1","2","6","4","5"],"campaignAdType":"Interstitial"},{"campaignID":"7359","attribution":0,"priority":"5","appToPromote":{"appToPromoteID":"14746","usesDefaultFrameImage":"0","usesDefaultCloseImage":"0","marketURL":"https:\/\/play.google.com\/store\/apps\/details?id=com.buntoo.army.bus.parking","packageID":"com.buntoo.army.bus.parking"},"showTemplate":1,"s2s_tracking_url":"https:\/\/play.google.com\/store\/apps\/details?id=com.buntoo.army.bus.parking","activeCreativeID":"2497","scenes":["1","2","6","4","5"],"campaignAdType":"Video"},{"campaignID":"7519","attribution":0,"priority":"5","appToPromote":{"appToPromoteID":"15052","usesDefaultFrameImage":"0","usesDefaultCloseImage":"0","marketURL":"https:\/\/play.google.com\/store\/apps\/details?id=com.mizo.robot.fps.shooting.game","packageID":"com.mizo.robot.fps.shooting.game"},"showTemplate":1,"s2s_tracking_url":"https:\/\/play.google.com\/store\/apps\/details?id=com.mizo.robot.fps.shooting.game","activeCreativeID":"2707","scenes":["1","2","6","4","5"],"campaignAdType":"Video"},{"campaignID":"7579","attribution":0,"priority":"5","appToPromote":{"appToPromoteID":"15098","usesDefaultFrameImage":"0","usesDefaultCloseImage":"0","marketURL":"https:\/\/play.google.com\/store\/apps\/details?id=com.gg.tps.shooting.games","packageID":"com.gg.tps.shooting.games"},"showTemplate":1,"s2s_tracking_url":"https:\/\/play.google.com\/store\/apps\/details?id=com.gg.tps.shooting.games","activeCreativeID":"2767","scenes":["1","2","6","4","5"],"campaignAdType":"Video"},{"campaignID":"7838","attribution":0,"priority":"5","appToPromote":{"appToPromoteID":"15339","usesDefaultFrameImage":"0","usesDefaultCloseImage":"0","marketURL":"https:\/\/play.google.com\/store\/apps\/details?id=com.buntoo.pilot.robot.games","packageID":"com.buntoo.pilot.robot.games"},"showTemplate":1,"s2s_tracking_url":"https:\/\/play.google.com\/store\/apps\/details?id=com.buntoo.pilot.robot.games","activeCreativeID":"3118","scenes":["1","2","6","4","5"],"campaignAdType":"Video"},{"campaignID":"7839","attribution":0,"priority":"5","appToPromote":{"appToPromoteID":"15287","usesDefaultFrameImage":"0","usesDefaultCloseImage":"0","marketURL":"https:\/\/play.google.com\/store\/apps\/details?id=com.happy.family.traffic.shooter.games","packageID":"com.happy.family.traffic.shooter.games"},"showTemplate":1,"s2s_tracking_url":"https:\/\/play.google.com\/store\/apps\/details?id=com.happy.family.traffic.shooter.games","activeCreativeID":"3119","scenes":["1","2","6","4","5"],"campaignAdType":"Video"},{"campaignID":"7921","attribution":0,"priority":"5","appToPromote":{"appToPromoteID":"15297","usesDefaultFrameImage":"0","usesDefaultCloseImage":"0","marketURL":"https:\/\/play.google.com\/store\/apps\/details?id=com.gg.castle.fps.shooting.game","packageID":"com.gg.castle.fps.shooting.game"},"showTemplate":1,"s2s_tracking_url":"https:\/\/play.google.com\/store\/apps\/details?id=com.gg.castle.fps.shooting.game","activeCreativeID":"3218","scenes":["1","2","6","4","5"],"campaignAdType":"Video"},{"campaignID":"8047","attribution":0,"priority":"5","appToPromote":{"appToPromoteID":"15907","usesDefaultFrameImage":"0","usesDefaultCloseImage":"0","marketURL":"https:\/\/play.google.com\/store\/apps\/details?id=com.mizo.teddy.bear.gun.strike.game","packageID":"com.mizo.teddy.bear.gun.strike.game"},"showTemplate":1,"s2s_tracking_url":"https:\/\/play.google.com\/store\/apps\/details?id=com.mizo.teddy.bear.gun.strike.game","activeCreativeID":"3356","scenes":["1","2","6","4","5"],"campaignAdType":"Video"},{"campaignID":"8172","attribution":0,"priority":"5","appToPromote":{"appToPromoteID":"15929","usesDefaultFrameImage":"0","usesDefaultCloseImage":"0","marketURL":"https:\/\/play.google.com\/store\/apps\/details?id=com.buntoo.mosquito.robot.transform.game","packageID":"com.buntoo.mosquito.robot.transform.game"},"showTemplate":1,"s2s_tracking_url":"https:\/\/play.google.com\/store\/apps\/details?id=com.buntoo.mosquito.robot.transform.game","activeCreativeID":"3498","scenes":["1","2","6","4","5"],"campaignAdType":"Video"},{"campaignID":"8289","attribution":0,"priority":"5","appToPromote":{"appToPromoteID":"16314","usesDefaultFrameImage":"0","usesDefaultCloseImage":"0","marketURL":"https:\/\/play.google.com\/store\/apps\/details?id=com.mizo.modern.fps.shooting.game","packageID":"com.mizo.modern.fps.shooting.game"},"showTemplate":1,"s2s_tracking_url":"https:\/\/play.google.com\/store\/apps\/details?id=com.mizo.modern.fps.shooting.game","activeCreativeID":"3623","scenes":["1","2","6","4","5"],"campaignAdType":"Video"},{"campaignID":"8644","attribution":0,"priority":"5","appToPromote":{"appToPromoteID":"16736","usesDefaultFrameImage":"0","usesDefaultCloseImage":"0","marketURL":"https:\/\/play.google.com\/store\/apps\/details?id=com.branches.formula.car.game","packageID":"com.tdg.F1FlyingDroneCar"},"showTemplate":1,"s2s_tracking_url":"https:\/\/play.google.com\/store\/apps\/details?id=com.branches.formula.car.game","activeCreativeID":"3999","scenes":["1","2","6","4","5"],"campaignAdType":"Interstitial"},{"campaignID":"8726","attribution":0,"priority":"5","appToPromote":{"appToPromoteID":"16019","usesDefaultFrameImage":"0","usesDefaultCloseImage":"0","marketURL":"https:\/\/play.google.com\/store\/apps\/details?id=com.happy.family.quad.bike.mountain.stunts","packageID":"com.happy.family.quad.bike.mountain.stunts"},"showTemplate":1,"s2s_tracking_url":"https:\/\/play.google.com\/store\/apps\/details?id=com.happy.family.quad.bike.mountain.stunts","activeCreativeID":"4084","scenes":["1","2","6","4","5"],"campaignAdType":"Interstitial"},{"campaignID":"8727","attribution":0,"priority":"5","appToPromote":{"appToPromoteID":"12670","usesDefaultFrameImage":"0","usesDefaultCloseImage":"0","marketURL":"https:\/\/play.google.com\/store\/apps\/details?id=com.cradley.shopping.mall.taxi.games","packageID":"com.cradley.shopping.mall.taxi.games"},"showTemplate":1,"s2s_tracking_url":"https:\/\/play.google.com\/store\/apps\/details?id=com.cradley.shopping.mall.taxi.games","activeCreativeID":"4085","scenes":["1","2","6","4","5"],"campaignAdType":"Interstitial"},{"campaignID":"8792","attribution":0,"priority":"5","appToPromote":{"appToPromoteID":"12670","usesDefaultFrameImage":"0","usesDefaultCloseImage":"0","marketURL":"https:\/\/play.google.com\/store\/apps\/details?id=com.cradley.shopping.mall.taxi.games","packageID":"com.cradley.shopping.mall.taxi.games"},"showTemplate":1,"s2s_tracking_url":"https:\/\/play.google.com\/store\/apps\/details?id=com.cradley.shopping.mall.taxi.games","activeCreativeID":"4154","scenes":["1","2","6","4","5"],"campaignAdType":"Video"}],"refreshAdRate":30,"mode":"Production","aspectRatio":"4_3","cdnPath":"https:\/\/df8ymybeo92md.cloudfront.net\/images\/","sentry_log":0,"local_logging":0,"sentry_dsn":"https:\/\/93ffa1c9a4124f67b8888a53265f751a:bbf998e04584477fa9a145838e9d3b26@sentry.io\/168994","sentry_initialization":1,"sentry_debugging":0,"bannerSizes":[],"aspectRatioVideo":"16_9","app_id":"1074","showPreRewardedDialogue":0,"showPostRewardedDialogue":0,"rewardCurrency":"coins","rewardValue":0,"isSkipable":0,"privacyPolicyURL":"https:\/\/www.consoliads.com\/privacy-policy\/","sessionToken":"6H+DEZo8xcp299uWUZtnI0GIZss0lLrvhXsv25NppKf7QAm17ffBgDazsYx0i3AOkkHrgg1HqKCCbaQH\/kRdZpbxaf8hawaCfjorAoLieabF4b45Xa721QESWBxSHFdngGsA39NI7x8l\/gHjTa6SR0qySIBhYmFakXcC3cHU2Yg="}
Session token value is set


{"appKey":"b4729925db57c2b0093f9ef0986b65ad","deviceID":"1549","stats":[{"campaignID":53,"packageID":"com.fazbro.heavy.excavator","sceneStats":[{"sceneID":"4","eventStats":"316,216,116,16,16,0,0"}]}],"sdkVersion":"2056","sessionToken":"6H+DEZo8xcp299uWUZtnI0GIZss0lLrvhXsv25NppKf7QAm17ffBgDazsYx0i3AOkkHrgg1HqKCCbaQH\/kRdZpbxaf8hawaCfjorAoLieabF4b45Xa721QESWBxSHFdngGsA39NI7x8l\/gHjTa6SR0qySIBhYmFakXcC3cHU2Yg="}
cache_ttl value is correct

Title value is correct

Title value is correct

Title value is correct

Title value is correct

Title value is correct

Title value is correct

Refresh Ad Rate value is correct
mode value is set

 Aspect ratio value is correct
sentry_log value is set
local_logging value is set
sentry_initialization value is set
sentry_debugging value is set
showPreRewardedDialogue value is set
showPostRewardedDialogue value is set
isSkipable value is set
{"cache_ttl":10080,"cache_ttl_rewarded":10080,"cache_ttl_banner":10080,"cache_ttl_native":10080,"cache_ttl_icon":10080,"campaigns":[{"campaignID":"8226","attribution":0,"priority":"8","appToPromote":{"appToPromoteID":"12623","usesDefaultFrameImage":"0","usesDefaultCloseImage":"0","marketURL":"https:\/\/play.google.com\/store\/apps\/details?id=com.igg.android.lordsmobile&amp;referrer=utm_source=42matters.com&amp;utm_medium=api","packageID":"com.nooribrand.android.lordsmobile"},"showTemplate":1,"s2s_tracking_url":"https:\/\/play.google.com\/store\/apps\/details?id=com.igg.android.lordsmobile&amp;referrer=utm_source=42matters.com&amp;utm_medium=api","activeCreativeID":"3557","scenes":["1","2","8","13"],"campaignAdType":"Icon"},{"campaignID":"8613","attribution":0,"priority":"8","appToPromote":{"appToPromoteID":"12623","usesDefaultFrameImage":"0","usesDefaultCloseImage":"0","marketURL":"https:\/\/play.google.com\/store\/apps\/details?id=com.igg.android.lordsmobile&amp;referrer=utm_source=42matters.com&amp;utm_medium=api","packageID":"com.nooribrand.android.lordsmobile"},"showTemplate":1,"s2s_tracking_url":"https:\/\/play.google.com\/store\/apps\/details?id=com.igg.android.lordsmobile&amp;referrer=utm_source=42matters.com&amp;utm_medium=api","activeCreativeID":"3557","scenes":["1","2","8","13"],"campaignAdType":"Icon"},{"campaignID":"9249","attribution_link":"https:\/\/app.appsflyer.com\/com.lgn.gun.strike.war.train.shooting.games?pid=consoliads_int&amp;af_click_lookback=7d&amp;clickid=1217_9249_1549&amp;android_id={android_id}&amp;sha1_android_id={sha1_android_id}&amp;advertising_id=1549&amp;sha1_advertising_id=41e842e76e8ea73f910aac95ea1ac9f0707643b2&amp;af_keywords=2","attribution":1,"priority":"8","appToPromote":{"appToPromoteID":"13421","usesDefaultFrameImage":"0","usesDefaultCloseImage":"0","marketURL":"http:\/\/www.google.com","packageID":"com.appricot2d.testt"},"showTemplate":1,"s2s_tracking_url":"https:\/\/app.appsflyer.com\/com.lgn.gun.strike.war.train.shooting.games?pid=consoliads_int&amp;af_click_lookback=7d&amp;clickid=1217_9249_1549&amp;android_id={android_id}&amp;sha1_android_id={sha1_android_id}&amp;advertising_id=1549&amp;sha1_advertising_id=41e842e76e8ea73f910aac95ea1ac9f0707643b2&amp;af_keywords=2","activeCreativeID":"4679","scenes":["1","2","8","13"],"campaignAdType":"Interstitial"},{"campaignID":"9252","attribution":0,"priority":"8","appToPromote":{"appToPromoteID":"12315","usesDefaultFrameImage":"0","usesDefaultCloseImage":"0","marketURL":"google.com","packageID":"com.qabrand.plnative"},"showTemplate":1,"s2s_tracking_url":"google.com","activeCreativeID":"4683","scenes":["1","2","8","13"],"campaignAdType":"Native","title":"Native first","subTitle":"First ","description":"New description","adClickThroughText":"FIRST Button"},{"campaignID":"9253","attribution":0,"priority":"8","appToPromote":{"appToPromoteID":"12315","usesDefaultFrameImage":"0","usesDefaultCloseImage":"0","marketURL":"google.com","packageID":"com.qabrand.plnative"},"showTemplate":1,"s2s_tracking_url":"google.com","activeCreativeID":"4683","scenes":["1","2","8","13"],"campaignAdType":"Native","title":"Native first","subTitle":"First ","description":"New description","adClickThroughText":"FIRST Button"},{"campaignID":"9255","attribution":0,"priority":"8","appToPromote":{"appToPromoteID":"13274","usesDefaultFrameImage":"0","usesDefaultCloseImage":"0","marketURL":"https:\/\/play.google.com\/store\/apps\/details?id=com.facebook.katana","packageID":"com.salon.adsalon"},"showTemplate":1,"s2s_tracking_url":"https:\/\/play.google.com\/store\/apps\/details?id=com.facebook.katana","activeCreativeID":"4685","scenes":["1","2","8","13"],"campaignAdType":"Native","title":"native NA ","subTitle":"native NA ","description":"native NA added","adClickThroughText":"native NA "},{"campaignID":"9257","attribution":0,"priority":"8","appToPromote":{"appToPromoteID":"12286","usesDefaultFrameImage":"0","usesDefaultCloseImage":"0","marketURL":"google.com","packageID":"com.qabrand.Chartboost_Native"},"showTemplate":1,"s2s_tracking_url":"google.com","activeCreativeID":"4688","scenes":["1","2","8","13"],"campaignAdType":"Native","title":"Native second updated","subTitle":"Native second ","description":"Native second details","adClickThroughText":"Native second "},{"campaignID":"9261","attribution_link":"https:\/\/app.appsflyer.com\/com.lgn.gun.strike.war.train.shooting.games?pid=consoliads_int&amp;af_click_lookback=7d&amp;clickid=1217_9261_1549&amp;android_id={android_id}&amp;sha1_android_id={sha1_android_id}&amp;advertising_id=1549&amp;sha1_advertising_id=41e842e76e8ea73f910aac95ea1ac9f0707643b2&amp;af_keywords=2","attribution":1,"priority":"8","appToPromote":{"appToPromoteID":"13421","usesDefaultFrameImage":"0","usesDefaultCloseImage":"0","marketURL":"http:\/\/www.google.com","packageID":"com.appricot2d.testt"},"showTemplate":1,"s2s_tracking_url":"https:\/\/app.appsflyer.com\/com.lgn.gun.strike.war.train.shooting.games?pid=consoliads_int&amp;af_click_lookback=7d&amp;clickid=1217_9261_1549&amp;android_id={android_id}&amp;sha1_android_id={sha1_android_id}&amp;advertising_id=1549&amp;sha1_advertising_id=41e842e76e8ea73f910aac95ea1ac9f0707643b2&amp;af_keywords=2","activeCreativeID":"4692","scenes":["1","2","8","13"],"campaignAdType":"Interstitial"},{"campaignID":"9263","attribution":0,"priority":"8","appToPromote":{"appToPromoteID":"12315","usesDefaultFrameImage":"0","usesDefaultCloseImage":"0","marketURL":"google.com","packageID":"com.qabrand.plnative"},"showTemplate":1,"s2s_tracking_url":"google.com","activeCreativeID":"4694","scenes":["1","2","8","13"],"campaignAdType":"Native","title":"test","subTitle":"test","description":" test details update","adClickThroughText":"test"},{"campaignID":"9125","attribution":0,"priority":"8","appToPromote":{"appToPromoteID":"17526","usesDefaultFrameImage":"0","usesDefaultCloseImage":"0","marketURL":"https:\/\/play.google.com\/store\/apps\/details?id=kr.co.richnco.goodrich","packageID":"kr.co.richnco.goodrich"},"showTemplate":1,"s2s_tracking_url":"https:\/\/tha.gotrackier.com\/click?campaign_id=68347\\u0026pub_id=75?p1=1217_9125_1549&amp;source=6841&amp;app_name=HeavyExcavator&amp;gaid=1549","activeCreativeID":"4477","scenes":["1","2","8","13"],"campaignAdType":"Icon"},{"campaignID":"9127","attribution":0,"priority":"8","appToPromote":{"appToPromoteID":"17528","usesDefaultFrameImage":"0","usesDefaultCloseImage":"0","marketURL":"https:\/\/play.google.com\/store\/apps\/details?id=net.one97.paytm","packageID":"net.one97.paytm"},"showTemplate":1,"s2s_tracking_url":"https:\/\/tha.gotrackier.com\/click?campaign_id=63249\\u0026pub_id=75?p1=1217_9127_1549&amp;source=6841&amp;app_name=HeavyExcavator&amp;gaid=1549","activeCreativeID":"4788","scenes":["1","2","8","13"],"campaignAdType":"Native","title":"BCA","subTitle":"FW","description":"nope","adClickThroughText":"Link"},{"campaignID":"9131","attribution":0,"priority":"8","appToPromote":{"appToPromoteID":"17532","usesDefaultFrameImage":"0","usesDefaultCloseImage":"0","marketURL":"https:\/\/play.google.com\/store\/apps\/details?id=com.dhgate.buyermob","packageID":"com.dhgate.buyermob"},"showTemplate":1,"s2s_tracking_url":"https:\/\/tha.gotrackier.com\/click?campaign_id=63254\\u0026pub_id=75?p1=1217_9131_1549&amp;source=6841&amp;app_name=HeavyExcavator&amp;gaid=1549","activeCreativeID":"4483","scenes":["1","2","8","13"],"campaignAdType":"Interstitial"},{"campaignID":"561","attribution":0,"priority":"6","appToPromote":{"appToPromoteID":"5026","usesDefaultFrameImage":"0","usesDefaultCloseImage":"0","marketURL":"https:\/\/play.google.com\/store\/apps\/details?id=com.as.cashupapp","packageID":"com.as.cashupapp"},"showTemplate":1,"s2s_tracking_url":"https:\/\/play.google.com\/store\/apps\/details?id=com.as.cashupapp","activeCreativeID":"652","scenes":["1","2","8","13"],"campaignAdType":"Interstitial"},{"campaignID":"570","attribution":0,"priority":"6","appToPromote":{"appToPromoteID":"3802","usesDefaultFrameImage":"0","usesDefaultCloseImage":"0","marketURL":"https:\/\/play.google.com\/store\/apps\/details?id=com.Madxstudios.Flickshootsoccer","packageID":"com.Madxstudios.Flickshootsoccer"},"showTemplate":1,"s2s_tracking_url":"https:\/\/play.google.com\/store\/apps\/details?id=com.Madxstudios.Flickshootsoccer","activeCreativeID":"661","scenes":["1","2","8","13"],"campaignAdType":"Interstitial"},{"campaignID":"588","attribution":0,"priority":"6","appToPromote":{"appToPromoteID":"5026","usesDefaultFrameImage":"0","usesDefaultCloseImage":"0","marketURL":"https:\/\/play.google.com\/store\/apps\/details?id=com.as.cashupapp","packageID":"com.as.cashupapp"},"showTemplate":1,"s2s_tracking_url":"https:\/\/play.google.com\/store\/apps\/details?id=com.as.cashupapp","activeCreativeID":"652","scenes":["1","2","8","13"],"campaignAdType":"Interstitial"},{"campaignID":"6620","attribution":0,"priority":"6","appToPromote":{"appToPromoteID":"12980","usesDefaultFrameImage":"0","usesDefaultCloseImage":"0","marketURL":"https:\/\/play.google.com\/store\/apps\/details?id=com.sx.cooking.cafe.restaurant","packageID":"com.sx.cooking.cafe.restaurant"},"showTemplate":1,"s2s_tracking_url":"https:\/\/play.google.com\/store\/apps\/details?id=com.sx.cooking.cafe.restaurant","activeCreativeID":"1702","scenes":["1","2","8","13"],"campaignAdType":"Interstitial"},{"campaignID":"8876","attribution":0,"priority":"5","appToPromote":{"appToPromoteID":"15640","usesDefaultFrameImage":"0","usesDefaultCloseImage":"0","marketURL":"https:\/\/play.google.com\/store\/apps\/details?id=com.pgz.police.bike.stunt.ramp.bike.racing.games","packageID":"com.pgz.police.bike.stunt.ramp.bike.racing.games"},"showTemplate":1,"s2s_tracking_url":"https:\/\/play.google.com\/store\/apps\/details?id=com.pgz.police.bike.stunt.ramp.bike.racing.games","activeCreativeID":"4236","scenes":["1","2","8","13"],"campaignAdType":"Interstitial"},{"campaignID":"6596","attribution":0,"priority":"5","appToPromote":{"appToPromoteID":"12980","usesDefaultFrameImage":"0","usesDefaultCloseImage":"0","marketURL":"https:\/\/play.google.com\/store\/apps\/details?id=com.sx.cooking.cafe.restaurant","packageID":"com.sx.cooking.cafe.restaurant"},"showTemplate":1,"s2s_tracking_url":"https:\/\/play.google.com\/store\/apps\/details?id=com.sx.cooking.cafe.restaurant","activeCreativeID":"1702","scenes":["1","2","8","13"],"campaignAdType":"Interstitial"},{"campaignID":"557","attribution":0,"priority":"4","appToPromote":{"appToPromoteID":"4959","usesDefaultFrameImage":"0","usesDefaultCloseImage":"0","marketURL":"https:\/\/play.google.com\/store\/apps\/details?id=com.jet.plane.surfers.joyride.dash","packageID":"com.jet.plane.surfers.joyride.dash"},"showTemplate":1,"s2s_tracking_url":"https:\/\/play.google.com\/store\/apps\/details?id=com.jet.plane.surfers.joyride.dash","activeCreativeID":"645","scenes":["1","2","8","13"],"campaignAdType":"Interstitial"},{"campaignID":"414","attribution":0,"priority":"3","appToPromote":{"appToPromoteID":"3023","usesDefaultFrameImage":"0","usesDefaultCloseImage":"0","marketURL":"https:\/\/play.google.com\/store\/apps\/details?id=com.appricot2d.rolo.pet.parrot","packageID":"com.appricot2d.rolo.pet.parrot"},"showTemplate":1,"s2s_tracking_url":"https:\/\/play.google.com\/store\/apps\/details?id=com.appricot2d.rolo.pet.parrot","activeCreativeID":"385","scenes":["1","2","8","13"],"campaignAdType":"Interstitial"},{"campaignID":"559","attribution":0,"priority":"3","appToPromote":{"appToPromoteID":"3476","usesDefaultFrameImage":"0","usesDefaultCloseImage":"0","marketURL":"https:\/\/play.google.com\/store\/apps\/details?id=com.perspectivegames.real.impossible.tracks.stunts","packageID":"com.perspectivegames.real.impossible.tracks.stunts"},"showTemplate":1,"s2s_tracking_url":"https:\/\/play.google.com\/store\/apps\/details?id=com.perspectivegames.real.impossible.tracks.stunts","activeCreativeID":"649","scenes":["1","2","8","13"],"campaignAdType":"Interstitial"},{"campaignID":"741","attribution":0,"priority":"3","appToPromote":{"appToPromoteID":"5609","usesDefaultFrameImage":"0","usesDefaultCloseImage":"0","marketURL":"https:\/\/play.google.com\/store\/apps\/details?id=com.kick.gyroscopic.city.train.driver.simulator","packageID":"com.kick.gyroscopic.city.train.driver.simulator"},"showTemplate":1,"s2s_tracking_url":"https:\/\/play.google.com\/store\/apps\/details?id=com.kick.gyroscopic.city.train.driver.simulator","activeCreativeID":"753","scenes":["1","2","8","13"],"campaignAdType":"Interstitial"},{"campaignID":"798","attribution":0,"priority":"3","appToPromote":{"appToPromoteID":"5770","usesDefaultFrameImage":"0","usesDefaultCloseImage":"0","marketURL":"https:\/\/play.google.com\/store\/apps\/details?id=com.simulatorgames3d.alohacelebrations","packageID":"com.simulatorgames3d.alohacelebrations"},"showTemplate":1,"s2s_tracking_url":"https:\/\/play.google.com\/store\/apps\/details?id=com.simulatorgames3d.alohacelebrations","activeCreativeID":"787","scenes":["1","2","8","13"],"campaignAdType":"Interstitial"},{"campaignID":"1483","attribution":0,"priority":"3","appToPromote":{"appToPromoteID":"1714","usesDefaultFrameImage":"1","usesDefaultCloseImage":"1","marketURL":"https:\/\/play.google.com\/store\/apps\/details?id=com.playink.cookie.maker","packageID":"com.playink.cookie.maker"},"showTemplate":1,"s2s_tracking_url":"https:\/\/play.google.com\/store\/apps\/details?id=com.playink.cookie.maker","activeCreativeID":"1020","scenes":["1","2","8","13"],"campaignAdType":"Interstitial"},{"campaignID":"602","attribution":0,"priority":"2","appToPromote":{"appToPromoteID":"5444","usesDefaultFrameImage":"0","usesDefaultCloseImage":"0","marketURL":"https:\/\/play.google.com\/store\/apps\/details?id=com.simulatorgame3d.impossibleairtracks","packageID":"com.simulatorgame3d.impossibleairtracks"},"showTemplate":1,"s2s_tracking_url":"https:\/\/play.google.com\/store\/apps\/details?id=com.simulatorgame3d.impossibleairtracks","activeCreativeID":"700","scenes":["1","2","8","13"],"campaignAdType":"Interstitial"}],"refreshAdRate":30,"mode":"Production","aspectRatio":"4_3","cdnPath":"https:\/\/df8ymybeo92md.cloudfront.net\/images\/","sentry_log":0,"local_logging":0,"sentry_dsn":"https:\/\/93ffa1c9a4124f67b8888a53265f751a:bbf998e04584477fa9a145838e9d3b26@sentry.io\/168994","sentry_initialization":1,"sentry_debugging":0,"bannerSizes":["1"],"aspectRatioVideo":"16_9","app_id":"1217","showPreRewardedDialogue":0,"showPostRewardedDialogue":0,"rewardCurrency":"coins","rewardValue":0,"isSkipable":1,"privacyPolicyURL":"https:\/\/www.consoliads.com\/privacy-policy\/","sessionToken":"Rw2PXsSbibSf5Y9Kt+v4uDmK37xOgEZhQZqR9OczVMsUihYRB1+7ACmyFKvadRtT6wfXkW06xkSeA80VYZeZObQ7OHIofswiFMtUO+8x74+QqSvLTBOG\/WidpCkTHAe6insh4Ol2Jcr2eIaVZ8lyxhFLkE5i6DmjDf4WmKoEJj8="}
Session token value is set


{"appKey":"a6c37abf407b4606382faab36e69377f","deviceID":"6641","stats":[{"campaignID":73,"packageID":"com.mizo.army.prisoner.transport.simulator","sceneStats":[{"sceneID":"17","eventStats":"366,266,166,66,66,0,0"}]}],"sdkVersion":"39","sessionToken":"Rw2PXsSbibSf5Y9Kt+v4uDmK37xOgEZhQZqR9OczVMsUihYRB1+7ACmyFKvadRtT6wfXkW06xkSeA80VYZeZObQ7OHIofswiFMtUO+8x74+QqSvLTBOG\/WidpCkTHAe6insh4Ol2Jcr2eIaVZ8lyxhFLkE5i6DmjDf4WmKoEJj8="}
cache_ttl value is correct

Refresh Ad Rate value is correct
mode value is set

 Aspect ratio value is correct
sentry_log value is set
local_logging value is set
sentry_initialization value is set
sentry_debugging value is set
showPreRewardedDialogue value is set
showPostRewardedDialogue value is set
isSkipable value is set
{"cache_ttl":10080,"cache_ttl_rewarded":10080,"cache_ttl_banner":10080,"cache_ttl_native":10080,"cache_ttl_icon":10080,"refreshAdRate":30,"mode":"Production","aspectRatio":"4_3","cdnPath":"https:\/\/df8ymybeo92md.cloudfront.net\/images\/","sentry_log":0,"local_logging":0,"sentry_dsn":"https:\/\/93ffa1c9a4124f67b8888a53265f751a:bbf998e04584477fa9a145838e9d3b26@sentry.io\/168994","sentry_initialization":1,"sentry_debugging":0,"bannerSizes":[],"aspectRatioVideo":"16_9","app_id":"1458","showPreRewardedDialogue":0,"showPostRewardedDialogue":0,"rewardCurrency":"coins","rewardValue":0,"isSkipable":0,"privacyPolicyURL":"https:\/\/www.consoliads.com\/privacy-policy\/","sessionToken":"zo4\/9H2N5Ivpt+HOkx\/+iPrb2STgWbkS9rlH61QXdp7+qI0JOFVEs6lPRie9UIxOY+nx21TKgmSLHRSuzPyPIAF50QG7x\/KOVeC8BQC4q727zPs+2uNUPCAbHu2rZxCEtvMq4x1O6F2ATPPIzpqDIFV3aHAEgomzeWm23rcGIfk="}
Session token value is set


{"appKey":"f1b23f0067eb003f37357ca24defd9a4","deviceID":"2988","stats":[{"campaignID":78,"packageID":"com.mizo.road.builder.city.construction","sceneStats":[{"sceneID":"8","eventStats":"330,230,130,30,30,0,0"}]}],"sdkVersion":"2151","sessionToken":"zo4\/9H2N5Ivpt+HOkx\/+iPrb2STgWbkS9rlH61QXdp7+qI0JOFVEs6lPRie9UIxOY+nx21TKgmSLHRSuzPyPIAF50QG7x\/KOVeC8BQC4q727zPs+2uNUPCAbHu2rZxCEtvMq4x1O6F2ATPPIzpqDIFV3aHAEgomzeWm23rcGIfk="}
cache_ttl value is correct

Refresh Ad Rate value is correct
mode value is set

 Aspect ratio value is correct
sentry_log value is set
local_logging value is set
sentry_initialization value is set
sentry_debugging value is set
showPreRewardedDialogue value is set
showPostRewardedDialogue value is set
isSkipable value is set
{"cache_ttl":10080,"cache_ttl_rewarded":10080,"cache_ttl_banner":10080,"cache_ttl_native":10080,"cache_ttl_icon":10080,"campaigns":[{"campaignID":"9277","attribution_link":"","attribution":1,"priority":"5","appToPromote":{"appToPromoteID":"17609","usesDefaultFrameImage":"0","usesDefaultCloseImage":"0","marketURL":"https:\/\/smartbear.com\/learn\/automated-testing\/test-automation-frameworks\/","packageID":"com.buntoo.buntooAd"},"showTemplate":1,"s2s_tracking_url":"","activeCreativeID":"4702","scenes":["1","2","6","4","5"],"campaignAdType":"Interstitial"},{"campaignID":"9278","attribution":0,"priority":"5","appToPromote":{"appToPromoteID":"17609","usesDefaultFrameImage":"0","usesDefaultCloseImage":"0","marketURL":"https:\/\/smartbear.com\/learn\/automated-testing\/test-automation-frameworks\/","packageID":"com.buntoo.buntooAd"},"showTemplate":1,"s2s_tracking_url":"https:\/\/smartbear.com\/learn\/automated-testing\/test-automation-frameworks\/","activeCreativeID":"4701","scenes":["1","2","6","4","5"],"campaignAdType":"Interstitial"},{"campaignID":"9279","attribution":0,"priority":"5","appToPromote":{"appToPromoteID":"17609","usesDefaultFrameImage":"0","usesDefaultCloseImage":"0","marketURL":"https:\/\/smartbear.com\/learn\/automated-testing\/test-automation-frameworks\/","packageID":"com.buntoo.buntooAd"},"showTemplate":1,"s2s_tracking_url":"https:\/\/smartbear.com\/learn\/automated-testing\/test-automation-frameworks\/","activeCreativeID":"4701","scenes":["1","2","6","4","5"],"campaignAdType":"Interstitial"},{"campaignID":"9280","attribution":0,"priority":"5","appToPromote":{"appToPromoteID":"17609","usesDefaultFrameImage":"0","usesDefaultCloseImage":"0","marketURL":"https:\/\/smartbear.com\/learn\/automated-testing\/test-automation-frameworks\/","packageID":"com.buntoo.buntooAd"},"showTemplate":1,"s2s_tracking_url":"https:\/\/smartbear.com\/learn\/automated-testing\/test-automation-frameworks\/","activeCreativeID":"4701","scenes":["1","2","6","4","5"],"campaignAdType":"Interstitial"},{"campaignID":"6766","attribution":0,"priority":"5","appToPromote":{"appToPromoteID":"13422","usesDefaultFrameImage":"0","usesDefaultCloseImage":"0","marketURL":"https:\/\/play.google.com\/store\/apps\/details?id=com.mizo.monster.truck.games","packageID":"com.mizo.monster.truck.games"},"showTemplate":1,"s2s_tracking_url":"https:\/\/play.google.com\/store\/apps\/details?id=com.mizo.monster.truck.games","activeCreativeID":"1880","scenes":["1","2","6","4","5"],"campaignAdType":"Icon"},{"campaignID":"7359","attribution":0,"priority":"5","appToPromote":{"appToPromoteID":"14746","usesDefaultFrameImage":"0","usesDefaultCloseImage":"0","marketURL":"https:\/\/play.google.com\/store\/apps\/details?id=com.buntoo.army.bus.parking","packageID":"com.buntoo.army.bus.parking"},"showTemplate":1,"s2s_tracking_url":"https:\/\/play.google.com\/store\/apps\/details?id=com.buntoo.army.bus.parking","activeCreativeID":"2497","scenes":["1","2","6","4","5"],"campaignAdType":"Video"},{"campaignID":"7370","attribution":0,"priority":"5","appToPromote":{"appToPromoteID":"14808","usesDefaultFrameImage":"0","usesDefaultCloseImage":"0","marketURL":"https:\/\/play.google.com\/store\/apps\/details?id=com.mizo.turtle.robot.transform.game","packageID":"com.mizo.turtle.robot.transform.game"},"showTemplate":1,"s2s_tracking_url":"https:\/\/play.google.com\/store\/apps\/details?id=com.mizo.turtle.robot.transform.game","activeCreativeID":"2509","scenes":["1","2","6","4","5"],"campaignAdType":"Icon"},{"campaignID":"7518","attribution":0,"priority":"5","appToPromote":{"appToPromoteID":"15052","usesDefaultFrameImage":"0","usesDefaultCloseImage":"0","marketURL":"https:\/\/play.google.com\/store\/apps\/details?id=com.mizo.robot.fps.shooting.game","packageID":"com.mizo.robot.fps.shooting.game"},"showTemplate":1,"s2s_tracking_url":"https:\/\/play.google.com\/store\/apps\/details?id=com.mizo.robot.fps.shooting.game","activeCreativeID":"2705","scenes":["1","2","4","5","6"],"campaignAdType":"Icon"},{"campaignID":"7519","attribution":0,"priority":"5","appToPromote":{"appToPromoteID":"15052","usesDefaultFrameImage":"0","usesDefaultCloseImage":"0","marketURL":"https:\/\/play.google.com\/store\/apps\/details?id=com.mizo.robot.fps.shooting.game","packageID":"com.mizo.robot.fps.shooting.game"},"showTemplate":1,"s2s_tracking_url":"https:\/\/play.google.com\/store\/apps\/details?id=com.mizo.robot.fps.shooting.game","activeCreativeID":"2707","scenes":["1","2","6","4","5"],"campaignAdType":"Video"},{"campaignID":"7554","attribution":0,"priority":"5","appToPromote":{"appToPromoteID":"15122","usesDefaultFrameImage":"0","usesDefaultCloseImage":"0","marketURL":"https:\/\/play.google.com\/store\/apps\/details?id=com.mizo.rooftop.fps.shooting","packageID":"com.mizo.rooftop.fps.shooting"},"showTemplate":1,"s2s_tracking_url":"https:\/\/play.google.com\/store\/apps\/details?id=com.mizo.rooftop.fps.shooting","activeCreativeID":"2735","scenes":["1","2","4","5","6"],"campaignAdType":"Icon"},{"campaignID":"7579","attribution":0,"priority":"5","appToPromote":{"appToPromoteID":"15098","usesDefaultFrameImage":"0","usesDefaultCloseImage":"0","marketURL":"https:\/\/play.google.com\/store\/apps\/details?id=com.gg.tps.shooting.games","packageID":"com.gg.tps.shooting.games"},"showTemplate":1,"s2s_tracking_url":"https:\/\/play.google.com\/store\/apps\/details?id=com.gg.tps.shooting.games","activeCreativeID":"2767","scenes":["1","2","6","4","5"],"campaignAdType":"Video"},{"campaignID":"7772","attribution":0,"priority":"5","appToPromote":{"appToPromoteID":"13049","usesDefaultFrameImage":"0","usesDefaultCloseImage":"0","marketURL":"https:\/\/play.google.com\/store\/apps\/details?id=com.mizo.quad.bike.shooting.games","packageID":"com.mizo.quad.bike.shooting.games"},"showTemplate":1,"s2s_tracking_url":"https:\/\/play.google.com\/store\/apps\/details?id=com.mizo.quad.bike.shooting.games","activeCreativeID":"3038","scenes":["1","2","6","4","5"],"campaignAdType":"Icon"},{"campaignID":"7838","attribution":0,"priority":"5","appToPromote":{"appToPromoteID":"15339","usesDefaultFrameImage":"0","usesDefaultCloseImage":"0","marketURL":"https:\/\/play.google.com\/store\/apps\/details?id=com.buntoo.pilot.robot.games","packageID":"com.buntoo.pilot.robot.games"},"showTemplate":1,"s2s_tracking_url":"https:\/\/play.google.com\/store\/apps\/details?id=com.buntoo.pilot.robot.games","activeCreativeID":"3118","scenes":["1","2","6","4","5"],"campaignAdType":"Video"},{"campaignID":"7839","attribution":0,"priority":"5","appToPromote":{"appToPromoteID":"15287","usesDefaultFrameImage":"0","usesDefaultCloseImage":"0","marketURL":"https:\/\/play.google.com\/store\/apps\/details?id=com.happy.family.traffic.shooter.games","packageID":"com.happy.family.traffic.shooter.games"},"showTemplate":1,"s2s_tracking_url":"https:\/\/play.google.com\/store\/apps\/details?id=com.happy.family.traffic.shooter.games","activeCreativeID":"3119","scenes":["1","2","6","4","5"],"campaignAdType":"Video"},{"campaignID":"7921","attribution":0,"priority":"5","appToPromote":{"appToPromoteID":"15297","usesDefaultFrameImage":"0","usesDefaultCloseImage":"0","marketURL":"https:\/\/play.google.com\/store\/apps\/details?id=com.gg.castle.fps.shooting.game","packageID":"com.gg.castle.fps.shooting.game"},"showTemplate":1,"s2s_tracking_url":"https:\/\/play.google.com\/store\/apps\/details?id=com.gg.castle.fps.shooting.game","activeCreativeID":"3218","scenes":["1","2","6","4","5"],"campaignAdType":"Video"},{"campaignID":"7976","attribution":0,"priority":"5","appToPromote":{"appToPromoteID":"15693","usesDefaultFrameImage":"0","usesDefaultCloseImage":"0","marketURL":"https:\/\/play.google.com\/store\/apps\/details?id=com.mizo.elephant.robot.transport.games","packageID":"com.mizo.elephant.robot.transport.games"},"showTemplate":1,"s2s_tracking_url":"https:\/\/play.google.com\/store\/apps\/details?id=com.mizo.elephant.robot.transport.games","activeCreativeID":"3281","scenes":["1","2","6","4","5"],"campaignAdType":"Icon"},{"campaignID":"8047","attribution":0,"priority":"5","appToPromote":{"appToPromoteID":"15907","usesDefaultFrameImage":"0","usesDefaultCloseImage":"0","marketURL":"https:\/\/play.google.com\/store\/apps\/details?id=com.mizo.teddy.bear.gun.strike.game","packageID":"com.mizo.teddy.bear.gun.strike.game"},"showTemplate":1,"s2s_tracking_url":"https:\/\/play.google.com\/store\/apps\/details?id=com.mizo.teddy.bear.gun.strike.game","activeCreativeID":"3356","scenes":["1","2","6","4","5"],"campaignAdType":"Video"},{"campaignID":"8056","attribution":0,"priority":"5","appToPromote":{"appToPromoteID":"15907","usesDefaultFrameImage":"0","usesDefaultCloseImage":"0","marketURL":"https:\/\/play.google.com\/store\/apps\/details?id=com.mizo.teddy.bear.gun.strike.game","packageID":"com.mizo.teddy.bear.gun.strike.game"},"showTemplate":1,"s2s_tracking_url":"https:\/\/play.google.com\/store\/apps\/details?id=com.mizo.teddy.bear.gun.strike.game","activeCreativeID":"3361","scenes":["1","2","6","4","5"],"campaignAdType":"Icon"},{"campaignID":"8172","attribution":0,"priority":"5","appToPromote":{"appToPromoteID":"15929","usesDefaultFrameImage":"0","usesDefaultCloseImage":"0","marketURL":"https:\/\/play.google.com\/store\/apps\/details?id=com.buntoo.mosquito.robot.transform.game","packageID":"com.buntoo.mosquito.robot.transform.game"},"showTemplate":1,"s2s_tracking_url":"https:\/\/play.google.com\/store\/apps\/details?id=com.buntoo.mosquito.robot.transform.game","activeCreativeID":"3498","scenes":["1","2","6","4","5"],"campaignAdType":"Video"},{"campaignID":"8288","attribution":0,"priority":"5","appToPromote":{"appToPromoteID":"16314","usesDefaultFrameImage":"0","usesDefaultCloseImage":"0","marketURL":"https:\/\/play.google.com\/store\/apps\/details?id=com.mizo.modern.fps.shooting.game","packageID":"com.mizo.modern.fps.shooting.game"},"showTemplate":1,"s2s_tracking_url":"https:\/\/play.google.com\/store\/apps\/details?id=com.mizo.modern.fps.shooting.game","activeCreativeID":"4124","scenes":["1","2","6","4","5"],"campaignAdType":"Icon"},{"campaignID":"8289","attribution":0,"priority":"5","appToPromote":{"appToPromoteID":"16314","usesDefaultFrameImage":"0","usesDefaultCloseImage":"0","marketURL":"https:\/\/play.google.com\/store\/apps\/details?id=com.mizo.modern.fps.shooting.game","packageID":"com.mizo.modern.fps.shooting.game"},"showTemplate":1,"s2s_tracking_url":"https:\/\/play.google.com\/store\/apps\/details?id=com.mizo.modern.fps.shooting.game","activeCreativeID":"3623","scenes":["1","2","6","4","5"],"campaignAdType":"Video"},{"campaignID":"8644","attribution":0,"priority":"5","appToPromote":{"appToPromoteID":"16736","usesDefaultFrameImage":"0","usesDefaultCloseImage":"0","marketURL":"https:\/\/play.google.com\/store\/apps\/details?id=com.branches.formula.car.game","packageID":"com.tdg.F1FlyingDroneCar"},"showTemplate":1,"s2s_tracking_url":"https:\/\/play.google.com\/store\/apps\/details?id=com.branches.formula.car.game","activeCreativeID":"3999","scenes":["1","2","6","4","5"],"campaignAdType":"Interstitial"},{"campaignID":"8726","attribution":0,"priority":"5","appToPromote":{"appToPromoteID":"16019","usesDefaultFrameImage":"0","usesDefaultCloseImage":"0","marketURL":"https:\/\/play.google.com\/store\/apps\/details?id=com.happy.family.quad.bike.mountain.stunts","packageID":"com.happy.family.quad.bike.mountain.stunts"},"showTemplate":1,"s2s_tracking_url":"https:\/\/play.google.com\/store\/apps\/details?id=com.happy.family.quad.bike.mountain.stunts","activeCreativeID":"4084","scenes":["1","2","6","4","5"],"campaignAdType":"Interstitial"},{"campaignID":"8727","attribution":0,"priority":"5","appToPromote":{"appToPromoteID":"12670","usesDefaultFrameImage":"0","usesDefaultCloseImage":"0","marketURL":"https:\/\/play.google.com\/store\/apps\/details?id=com.cradley.shopping.mall.taxi.games","packageID":"com.cradley.shopping.mall.taxi.games"},"showTemplate":1,"s2s_tracking_url":"https:\/\/play.google.com\/store\/apps\/details?id=com.cradley.shopping.mall.taxi.games","activeCreativeID":"4085","scenes":["1","2","6","4","5"],"campaignAdType":"Interstitial"},{"campaignID":"8792","attribution":0,"priority":"5","appToPromote":{"appToPromoteID":"12670","usesDefaultFrameImage":"0","usesDefaultCloseImage":"0","marketURL":"https:\/\/play.google.com\/store\/apps\/details?id=com.cradley.shopping.mall.taxi.games","packageID":"com.cradley.shopping.mall.taxi.games"},"showTemplate":1,"s2s_tracking_url":"https:\/\/play.google.com\/store\/apps\/details?id=com.cradley.shopping.mall.taxi.games","activeCreativeID":"4154","scenes":["1","2","6","4","5"],"campaignAdType":"Video"}],"refreshAdRate":30,"mode":"Production","aspectRatio":"4_3","cdnPath":"https:\/\/df8ymybeo92md.cloudfront.net\/images\/","sentry_log":0,"local_logging":0,"sentry_dsn":"https:\/\/93ffa1c9a4124f67b8888a53265f751a:bbf998e04584477fa9a145838e9d3b26@sentry.io\/168994","sentry_initialization":1,"sentry_debugging":0,"bannerSizes":["1"],"aspectRatioVideo":"16_9","app_id":"1632","showPreRewardedDialogue":0,"showPostRewardedDialogue":0,"rewardCurrency":"coins","rewardValue":0,"isSkipable":1,"privacyPolicyURL":"https:\/\/www.consoliads.com\/privacy-policy\/","sessionToken":"2t7wuhiPKQ1OYVvdXz16Xm7ngIge\/oRZL6Z+J5+j+w1eFu47b3QVHtBBVjOGREE\/uwKJ561G3a8ydX9usCDUYCS7FZhYkwGw7wAElRCKQavW+Y8JmX3khM5WsO70eQkLdWz\/hUHj1Z0cTVUgPrvjjA3DrLdpbPKiLhBtZxDr2qQ="}
Session token value is set


{"appKey":"a15540f259692e0f609b4cace3e780a9","deviceID":"8637","stats":[{"campaignID":80,"packageID":"com.mizo.flip.bottle.shooting.expert","sceneStats":[{"sceneID":"22","eventStats":"386,286,186,86,86,0,0"}]}],"sdkVersion":"39","sessionToken":"2t7wuhiPKQ1OYVvdXz16Xm7ngIge\/oRZL6Z+J5+j+w1eFu47b3QVHtBBVjOGREE\/uwKJ561G3a8ydX9usCDUYCS7FZhYkwGw7wAElRCKQavW+Y8JmX3khM5WsO70eQkLdWz\/hUHj1Z0cTVUgPrvjjA3DrLdpbPKiLhBtZxDr2qQ="}
cache_ttl value is correct

Refresh Ad Rate value is correct
mode value is set

 Aspect ratio value is correct
sentry_log value is set
local_logging value is set
sentry_initialization value is set
sentry_debugging value is set
showPreRewardedDialogue value is set
showPostRewardedDialogue value is set
isSkipable value is set
{"cache_ttl":10080,"cache_ttl_rewarded":10080,"cache_ttl_banner":10080,"cache_ttl_native":10080,"cache_ttl_icon":10080,"refreshAdRate":30,"mode":"Production","aspectRatio":"4_3","cdnPath":"https:\/\/df8ymybeo92md.cloudfront.net\/images\/","sentry_log":0,"local_logging":0,"sentry_dsn":"https:\/\/93ffa1c9a4124f67b8888a53265f751a:bbf998e04584477fa9a145838e9d3b26@sentry.io\/168994","sentry_initialization":1,"sentry_debugging":0,"bannerSizes":[],"aspectRatioVideo":"16_9","app_id":"1675","showPreRewardedDialogue":0,"showPostRewardedDialogue":0,"rewardCurrency":"coins","rewardValue":0,"isSkipable":0,"privacyPolicyURL":"https:\/\/www.consoliads.com\/privacy-policy\/","sessionToken":"CVH4NOgQmnxcDko9CCoKbyp9ygslxUhD4CCdeADpnAzDSFFwWb9eKkMGjA8MnFl+hTQskCAlD\/CM8dpxqsD5J61zU8lPyR+UVW80ikQM6eH7gVel0GlijTO\/SG7xUCpgwgPlIc8j70gYprl8b0C49rsWhql17OzVk53e\/qJXRXw="}
Session token value is set


{"appKey":"b86d913485cddc89a88e3a31f2611244","deviceID":"524","stats":[{"campaignID":84,"packageID":"com.ids.kids.hospital.cashier.pro","sceneStats":[{"sceneID":"2","eventStats":"306,206,106,6,6,0,0"}]}],"sdkVersion":"39","sessionToken":"CVH4NOgQmnxcDko9CCoKbyp9ygslxUhD4CCdeADpnAzDSFFwWb9eKkMGjA8MnFl+hTQskCAlD\/CM8dpxqsD5J61zU8lPyR+UVW80ikQM6eH7gVel0GlijTO\/SG7xUCpgwgPlIc8j70gYprl8b0C49rsWhql17OzVk53e\/qJXRXw="}
cache_ttl value is correct

Refresh Ad Rate value is correct
mode value is set

 Aspect ratio value is correct
sentry_log value is set
local_logging value is set
sentry_initialization value is set
sentry_debugging value is set
showPreRewardedDialogue value is set
showPostRewardedDialogue value is set
isSkipable value is set
{"cache_ttl":10080,"cache_ttl_rewarded":10080,"cache_ttl_banner":10080,"cache_ttl_native":10080,"cache_ttl_icon":10080,"campaigns":[{"campaignID":"9384","attribution":0,"priority":"5","appToPromote":{"appToPromoteID":"13185","usesDefaultFrameImage":"0","usesDefaultCloseImage":"0","marketURL":"https:\/\/play.google.com\/store\/apps\/details?id=com.gamesarena.flying.bike.tricks.stunts&amp;referrer=utm_source=42matters.com&amp;utm_medium=api","packageID":"com.gamesarena.flying.bike.tricks.stunts"},"showTemplate":1,"s2s_tracking_url":"https:\/\/play.google.com\/store\/apps\/details?id=com.gamesarena.flying.bike.tricks.stunts&amp;referrer=utm_source=42matters.com&amp;utm_medium=api","activeCreativeID":"4829","scenes":["12","1","8","6","15","2"],"campaignAdType":"Interstitial"},{"campaignID":"9386","attribution":0,"priority":"5","appToPromote":{"appToPromoteID":"17764","usesDefaultFrameImage":"0","usesDefaultCloseImage":"0","marketURL":"https:\/\/play.google.com\/store\/apps\/details?id=com.visiblebody.atlas&amp;referrer=utm_source=42matters.com&amp;utm_medium=api","packageID":"com.gamesarena..test6324"},"showTemplate":1,"s2s_tracking_url":"https:\/\/play.google.com\/store\/apps\/details?id=com.visiblebody.atlas&amp;referrer=utm_source=42matters.com&amp;utm_medium=api","activeCreativeID":"4828","scenes":["12","1","8","6","15","2"],"campaignAdType":"Interstitial"},{"campaignID":"9389","attribution":0,"priority":"5","appToPromote":{"appToPromoteID":"13185","usesDefaultFrameImage":"0","usesDefaultCloseImage":"0","marketURL":"https:\/\/play.google.com\/store\/apps\/details?id=com.gamesarena.flying.bike.tricks.stunts&amp;referrer=utm_source=42matters.com&amp;utm_medium=api","packageID":"com.gamesarena.flying.bike.tricks.stunts"},"showTemplate":1,"s2s_tracking_url":"https:\/\/play.google.com\/store\/apps\/details?id=com.gamesarena.flying.bike.tricks.stunts&amp;referrer=utm_source=42matters.com&amp;utm_medium=api","activeCreativeID":"4829","scenes":["12","1","8","6","15","2"],"campaignAdType":"Interstitial"},{"campaignID":"9390","attribution":0,"priority":"5","appToPromote":{"appToPromoteID":"17764","usesDefaultFrameImage":"0","usesDefaultCloseImage":"0","marketURL":"https:\/\/play.google.com\/store\/apps\/details?id=com.visiblebody.atlas&amp;referrer=utm_source=42matters.com&amp;utm_medium=api","packageID":"com.gamesarena..test6324"},"showTemplate":1,"s2s_tracking_url":"https:\/\/play.google.com\/store\/apps\/details?id=com.visiblebody.atlas&amp;referrer=utm_source=42matters.com&amp;utm_medium=api","activeCreativeID":"4828","scenes":["12","1","8","6","15","2"],"campaignAdType":"Interstitial"},{"campaignID":"9249","attribution_link":"https:\/\/app.appsflyer.com\/com.lgn.gun.strike.war.train.shooting.games?pid=consoliads_int&amp;af_click_lookback=7d&amp;clickid=1722_9249_524&amp;android_id={android_id}&amp;sha1_android_id={sha1_android_id}&amp;advertising_id=524&amp;sha1_advertising_id=6632e7ca34bf65b81cadd060000fa794dc91938f&amp;af_keywords=2","attribution":1,"priority":"8","appToPromote":{"appToPromoteID":"13421","usesDefaultFrameImage":"0","usesDefaultCloseImage":"0","marketURL":"http:\/\/www.google.com","packageID":"com.appricot2d.testt"},"showTemplate":1,"s2s_tracking_url":"https:\/\/app.appsflyer.com\/com.lgn.gun.strike.war.train.shooting.games?pid=consoliads_int&amp;af_click_lookback=7d&amp;clickid=1722_9249_524&amp;android_id={android_id}&amp;sha1_android_id={sha1_android_id}&amp;advertising_id=524&amp;sha1_advertising_id=6632e7ca34bf65b81cadd060000fa794dc91938f&amp;af_keywords=2","activeCreativeID":"4679","scenes":["12","1","8","6","15","2"],"campaignAdType":"Interstitial"},{"campaignID":"9261","attribution_link":"https:\/\/app.appsflyer.com\/com.lgn.gun.strike.war.train.shooting.games?pid=consoliads_int&amp;af_click_lookback=7d&amp;clickid=1722_9261_524&amp;android_id={android_id}&amp;sha1_android_id={sha1_android_id}&amp;advertising_id=524&amp;sha1_advertising_id=6632e7ca34bf65b81cadd060000fa794dc91938f&amp;af_keywords=2","attribution":1,"priority":"8","appToPromote":{"appToPromoteID":"13421","usesDefaultFrameImage":"0","usesDefaultCloseImage":"0","marketURL":"http:\/\/www.google.com","packageID":"com.appricot2d.testt"},"showTemplate":1,"s2s_tracking_url":"https:\/\/app.appsflyer.com\/com.lgn.gun.strike.war.train.shooting.games?pid=consoliads_int&amp;af_click_lookback=7d&amp;clickid=1722_9261_524&amp;android_id={android_id}&amp;sha1_android_id={sha1_android_id}&amp;advertising_id=524&amp;sha1_advertising_id=6632e7ca34bf65b81cadd060000fa794dc91938f&amp;af_keywords=2","activeCreativeID":"4692","scenes":["12","1","8","6","15","2"],"campaignAdType":"Interstitial"},{"campaignID":"9131","attribution":0,"priority":"8","appToPromote":{"appToPromoteID":"17532","usesDefaultFrameImage":"0","usesDefaultCloseImage":"0","marketURL":"https:\/\/play.google.com\/store\/apps\/details?id=com.dhgate.buyermob","packageID":"com.dhgate.buyermob"},"showTemplate":1,"s2s_tracking_url":"https:\/\/tha.gotrackier.com\/click?campaign_id=63254\\u0026pub_id=75?p1=1722_9131_524&amp;source=6841&amp;app_name=KidsHospitalCashierPro&amp;gaid=524","activeCreativeID":"4483","scenes":["12","1","8","6","15","2"],"campaignAdType":"Interstitial"},{"campaignID":"561","attribution":0,"priority":"6","appToPromote":{"appToPromoteID":"5026","usesDefaultFrameImage":"0","usesDefaultCloseImage":"0","marketURL":"https:\/\/play.google.com\/store\/apps\/details?id=com.as.cashupapp","packageID":"com.as.cashupapp"},"showTemplate":1,"s2s_tracking_url":"https:\/\/play.google.com\/store\/apps\/details?id=com.as.cashupapp","activeCreativeID":"652","scenes":["12","1","8","6","15","2"],"campaignAdType":"Interstitial"},{"campaignID":"570","attribution":0,"priority":"6","appToPromote":{"appToPromoteID":"3802","usesDefaultFrameImage":"0","usesDefaultCloseImage":"0","marketURL":"https:\/\/play.google.com\/store\/apps\/details?id=com.Madxstudios.Flickshootsoccer","packageID":"com.Madxstudios.Flickshootsoccer"},"showTemplate":1,"s2s_tracking_url":"https:\/\/play.google.com\/store\/apps\/details?id=com.Madxstudios.Flickshootsoccer","activeCreativeID":"661","scenes":["12","1","8","6","15","2"],"campaignAdType":"Interstitial"},{"campaignID":"588","attribution":0,"priority":"6","appToPromote":{"appToPromoteID":"5026","usesDefaultFrameImage":"0","usesDefaultCloseImage":"0","marketURL":"https:\/\/play.google.com\/store\/apps\/details?id=com.as.cashupapp","packageID":"com.as.cashupapp"},"showTemplate":1,"s2s_tracking_url":"https:\/\/play.google.com\/store\/apps\/details?id=com.as.cashupapp","activeCreativeID":"652","scenes":["12","1","8","6","15","2"],"campaignAdType":"Interstitial"},{"campaignID":"6620","attribution":0,"priority":"6","appToPromote":{"appToPromoteID":"12980","usesDefaultFrameImage":"0","usesDefaultCloseImage":"0","marketURL":"https:\/\/play.google.com\/store\/apps\/details?id=com.sx.cooking.cafe.restaurant","packageID":"com.sx.cooking.cafe.restaurant"},"showTemplate":1,"s2s_tracking_url":"https:\
[...]
Session token value is set

mode value is set

 Aspect ratio value is correct
sentry_log value is set
Session token value is set

</DebugTrace>
      </Output>
    </UnitTestResult>
    <UnitTestResult executionId="b1e3f5ca-322f-4059-bafd-be83015912b6" testId="f70c910a-cc07-24cb-0d1c-bc2c00fc396f" testName="G_SyncAppunityMainMethodCodeGenerator" computerName="DESKTOP-5AJ0SB3" duration="00:01:26.0760061" startTime="2020-12-29T11:49:15.8221996+05:00" endTime="2020-12-29T11:50:41.9034106+05:00" testType="13cdc9d9-ddb5-4fa4-a97d-d965ccfc6d4b" outcome="Passed" testListId="8c84fa94-04c1-424b-9868-57a2d4851a1d" relativeResultsDirectory="b1e3f5ca-322f-4059-bafd-be83015912b6">
      <Output>
        <DebugTrace>****************** http://52.13.174.6/sheeda/admin/api/startNewAdSession_2
****************** SELECT apps.package,apps.title,apps.companyID, apps.osID , users.userSignature, apps.appVersionCode, apps.appVersionName FROM apps 
 join users ON apps.companyID = users.companyID where apps.app_type = 'app' AND apps.sdkID &gt; 20 And users.isAdmin = 1 AND users.status = 1 ORDER BY companyID ASC
LIMIT 50



****************** 
****************** select adID from ads where ad_type != 'analytics';
****************** select adID from ads where ad_type != 'analytics' and ad_type ='interstitial'
****************** select adID from ads where ad_type != 'analytics' and ad_type ='banner'
****************** select adID from ads where ad_type != 'analytics' and ad_type ='native'
****************** select adID from ads where ad_type != 'analytics' and ad_type ='rewarded_video'
****************** SELECT sdkID, ver FROM `sdk_info` WHERE `description` LIKE '%mediation unity%' AND sdkID &gt; 2173 LIMIT 50
****************** 
****************** http://52.13.174.6/sheeda/admin/json/syncApp
****************** http://52.13.174.6/sheeda/admin/json/syncApp
****************** http://52.13.174.6/sheeda/admin/json/syncApp
****************** http://52.13.174.6/sheeda/admin/json/syncApp
****************** http://52.13.174.6/sheeda/admin/json/syncApp
****************** http://52.13.174.6/sheeda/admin/json/syncApp
****************** http://52.13.174.6/sheeda/admin/json/syncApp
****************** http://52.13.174.6/sheeda/admin/json/syncApp
Ads mediation queue value is set
child directed value is set
Sequences value is set
Is hide ads value is set
****************** http://52.13.174.6/sheeda/admin/json/syncApp
****************** http://52.13.174.6/sheeda/admin/json/syncApp
****************** http://52.13.174.6/sheeda/admin/json/syncApp
****************** http://52.13.174.6/sheeda/admin/json/syncApp
****************** http://52.13.174.6/sheeda/admin/json/syncApp
****************** http://52.13.174.6/sheeda/admin/json/syncApp
****************** http://52.13.174.6/sheeda/admin/json/syncApp
****************** http://52.13.174.6/sheeda/admin/json/syncApp
****************** http://52.13.174.6/sheeda/admin/json/syncApp
****************** http://52.13.174.6/sheeda/admin/json/syncApp
****************** http://52.13.174.6/sheeda/admin/json/syncApp
****************** http://52.13.174.6/sheeda/admin/json/syncApp
****************** http://52.13.174.6/sheeda/admin/json/syncApp
****************** http://52.13.174.6/sheeda/admin/json/syncApp
Ads mediation queue value is set
child directed value is set
Sequences value is set
Is hide ads value is set
****************** http://52.13.174.6/sheeda/admin/json/syncApp
****************** http://52.13.174.6/sheeda/admin/json/syncApp
****************** http://52.13.174.6/sheeda/admin/json/syncApp
****************** http://52.13.174.6/sheeda/admin/json/syncApp
Ads mediation queue value is set
child directed value is set
Sequences value is set
Is hide ads value is set
****************** http://52.13.174.6/sheeda/admin/json/syncApp
****************** http://52.13.174.6/sheeda/admin/json/syncApp
****************** http://52.13.174.6/sheeda/admin/json/syncApp
****************** http://52.13.174.6/sheeda/admin/json/syncApp
****************** http://52.13.174.6/sheeda/admin/json/syncApp
****************** http://52.13.174.6/sheeda/admin/json/syncApp
****************** http://52.13.174.6/sheeda/admin/json/syncApp
****************** http://52.13.174.6/sheeda/admin/json/syncApp
****************** http://52.13.174.6/sheeda/admin/json/syncApp
****************** http://52.13.174.6/sheeda/admin/json/syncApp
****************** http://52.13.174.6/sheeda/admin/json/syncApp
****************** http://52.13.174.6/sheeda/admin/json/syncApp
****************** http://52.13.174.6/sheeda/admin/json/syncApp
****************** http://52.13.174.6/sheeda/admin/json/syncApp
****************** http://52.13.174.6/sheeda/admin/json/syncApp
****************** http://52.13.174.6/sheeda/admin/json/syncApp
****************** http://52.13.174.6/sheeda/admin/json/syncApp
****************** http://52.13.174.6/sheeda/admin/json/syncApp
Ads mediation queue value is set
child directed value is set
Sequences value is set
Is hide ads value is set
****************** http://52.13.174.6/sheeda/admin/json/syncApp
****************** http://52.13.174.6/sheeda/admin/json/syncApp
****************** http://52.13.174.6/sheeda/admin/json/syncApp
****************** http://52.13.174.6/sheeda/admin/json/syncApp
****************** http://52.13.174.6/sheeda/admin/json/syncApp
****************** http://52.13.174.6/sheeda/admin/json/syncApp
****************** http://52.13.174.6/sheeda/admin/json/syncApp
****************** http://52.13.174.6/sheeda/admin/json/syncApp
Ads mediation queue value is set
child directed value is set
Sequences value is set
Is hide ads value is set
****************** http://52.13.174.6/sheeda/admin/json/syncApp
****************** http://52.13.174.6/sheeda/admin/json/syncApp
Ads mediation queue value is set
child directed value is set
Sequences value is set
Is hide ads value is set
****************** http://52.13.174.6/sheeda/admin/json/syncApp
****************** http://52.13.174.6/sheeda/admin/json/syncApp
****************** http://52.13.174.6/sheeda/admin/json/syncApp
****************** http://52.13.174.6/sheeda/admin/json/syncApp
Ads mediation queue value is set
child directed value is set
Sequences value is set
Is hide ads value is set
****************** http://52.13.174.6/sheeda/admin/json/syncApp
****************** http://52.13.174.6/sheeda/admin/json/syncApp
****************** http://52.13.174.6/sheeda/admin/json/syncApp
****************** http://52.13.174.6/sheeda/admin/json/syncApp
Ads mediation queue value is set
child directed value is set
Sequences value is set
Is hide ads value is set
****************** http://52.13.174.6/sheeda/admin/json/syncApp
****************** http://52.13.174.6/sheeda/admin/json/syncApp
****************** http://52.13.174.6/sheeda/admin/json/syncApp
****************** http://52.13.174.6/sheeda/admin/json/syncApp
****************** http://52.13.174.6/sheeda/admin/json/syncApp
****************** http://52.13.174.6/sheeda/admin/json/syncApp
****************** http://52.13.174.6/sheeda/admin/json/syncApp
****************** http://52.13.174.6/sheeda/admin/json/syncApp
****************** http://52.13.174.6/sheeda/admin/json/syncApp
****************** http://52.13.174.6/sheeda/admin/json/syncApp
****************** http://52.13.174.6/sheeda/admin/json/syncApp
****************** http://52.13.174.6/sheeda/admin/json/syncApp
****************** http://52.13.174.6/sheeda/admin/json/syncApp
****************** http://52.13.174.6/sheeda/admin/json/syncApp
****************** http://52.13.174.6/sheeda/admin/json/syncApp
****************** http://52.13.174.6/sheeda/admin/json/syncApp
****************** http://52.13.174.6/sheeda/admin/json/syncApp
****************** http://52.13.174.6/sheeda/admin/json/syncApp
Ads mediation queue value is set
child directed value is set
Sequences value is set
Is hide ads value is set
****************** http://52.13.174.6/sheeda/admin/json/syncApp
****************** http://52.13.174.6/sheeda/admin/json/syncApp
****************** http://52.13.174.6/sheeda/admin/json/syncApp
****************** http://52.13.174.6/sheeda/admin/json/syncApp
****************** http://52.13.174.6/sheeda/admin/json/syncApp
****************** http://52.13.174.6/sheeda/admin/json/syncApp
****************** http://52.13.174.6/sheeda/admin/json/syncApp
****************** http://52.13.174.6/sheeda/admin/json/syncApp
****************** http://52.13.174.6/sheeda/admin/json/syncApp
****************** http://52.13.174.6/sheeda/admin/json/syncApp
****************** http://52.13.174.6/sheeda/admin/json/syncApp
****************** http://52.13.174.6/sheeda/admin/json/syncApp
****************** http://52.13.174.6/sheeda/admin/json/syncApp
****************** http://52.13.174.6/sheeda/admin/json/syncApp
****************** http://52.13.174.6/sheeda/admin/json/syncApp
****************** http://52.13.174.6/sheeda/admin/json/syncApp
Ads mediation queue value is set
child directed value is set
Sequences value is set
Is hide ads value is set
****************** http://52.13.174.6/sheeda/admin/json/syncApp
****************** http://52.13.174.6/sheeda/admin/json/syncApp
****************** http://52.13.174.6/sheeda/admin/json/syncApp
****************** http://52.13.174.6/sheeda/admin/json/syncApp
</DebugTrace>
      </Output>
    </UnitTestResult>
    <UnitTestResult executionId="2519aae5-02bf-4485-b40d-07ab187cad13" testId="4d0749f1-2acf-bf6d-9151-b617319ecfaf" testName="F_SyncUserDeviceMainMethodCodeGenerator" computerName="DESKTOP-5AJ0SB3" duration="00:01:13.6869358" startTime="2020-12-29T11:50:41.9074087+05:00" endTime="2020-12-29T11:51:55.6023117+05:00" testType="13cdc9d9-ddb5-4fa4-a97d-d965ccfc6d4b" outcome="Passed" testListId="8c84fa94-04c1-424b-9868-57a2d4851a1d" relativeResultsDirectory="2519aae5-02bf-4485-b40d-07ab187cad13">
      <Output>
        <DebugTrace>****************** http://52.13.174.6/sheeda/admin/analytics/syncUserDevice
****************** SELECT apps.package, apps.appID, apps.osID, apps.companyID, apps.sdkID, sdk_info.ver, apps.appVersionCode, apps.appVersionName FROM apps INNER JOIN sdk_info ON apps.sdkID = sdk_info.sdkID WHERE apps.sdkID &gt; 20 LIMIT 50
****************** 
****************** select adID from ads where ad_type != 'analytics';
****************** 
****************** http://52.13.174.6/sheeda/admin/analytics/syncUserDevice
AM mode is working fine
Message value is completed
****************** http://52.13.174.6/sheeda/admin/analytics/syncUserDevice
AM mode is working fine
Message value is completed
****************** http://52.13.174.6/sheeda/admin/analytics/syncUserDevice
AM mode is working fine
Message value is completed
****************** http://52.13.174.6/sheeda/admin/analytics/syncUserDevice
AM mode is working fine
Message value is completed
****************** http://52.13.174.6/sheeda/admin/analytics/syncUserDevice
****************** http://52.13.174.6/sheeda/admin/analytics/syncUserDevice
AM mode is working fine
Message value is completed
****************** http://52.13.174.6/sheeda/admin/analytics/syncUserDevice
{"package":"com.amazing.gamez.airplane.car.transporter.pilot","appVersionCode":"","appVersionName":"","nativeApp":"0","store":"41","uniqueDeviceID":"4224","appID":"","deviceID":"","region":"","adsQueueEventStats ":[{"adID":"6","sceneID":"11"," request":"422"," impression":"422"," click":"422"}],"gssdkVersion":"3.2.2","sdkVersionID":"39","sdkVersion":"39","devMode":"0"}: message value is other then completed,http://52.13.174.6/sheeda/admin/analytics/syncUserDeviceapi is failed
****************** http://52.13.174.6/sheeda/admin/analytics/syncUserDevice
{"package":"com.amazing.gamez.airplane.car.transporter.pilot","appVersionCode":"","appVersionName":"","nativeApp":"0","store":"43","uniqueDeviceID":"4540","appID":"","deviceID":"","region":"","adsQueueEventStats ":[{"adID":"7","sceneID":"12"," request":"454"," impression":"454"," click":"454"}],"gssdkVersion":"3.2.2","sdkVersionID":"39","sdkVersion":"39","devMode":"0"}: message value is other then completed,http://52.13.174.6/sheeda/admin/analytics/syncUserDeviceapi is failed
****************** http://52.13.174.6/sheeda/admin/analytics/syncUserDevice
{"package":"com.amazing.gamez.snow.plow.truck.simulator","appVersionCode":"","appVersionName":"","nativeApp":"0","store":"41","uniqueDeviceID":"4857","appID":"","deviceID":"","region":"","adsQueueEventStats ":[{"adID":"8","sceneID":"13"," request":"486"," impression":"486"," click":"486"}],"gssdkVersion":"3.2.2","sdkVersionID":"39","sdkVersion":"39","devMode":"0"}: message value is other then completed,http://52.13.174.6/sheeda/admin/analytics/syncUserDeviceapi is failed
****************** http://52.13.174.6/sheeda/admin/analytics/syncUserDevice
AM mode is working fine
Message value is completed
****************** http://52.13.174.6/sheeda/admin/analytics/syncUserDevice
****************** http://52.13.174.6/sheeda/admin/analytics/syncUserDevice
****************** http://52.13.174.6/sheeda/admin/analytics/syncUserDevice
AM mode is working fine
Message value is completed
****************** http://52.13.174.6/sheeda/admin/analytics/syncUserDevice
AM mode is working fine
Message value is completed
****************** http://52.13.174.6/sheeda/admin/analytics/syncUserDevice
****************** http://52.13.174.6/sheeda/admin/analytics/syncUserDevice
{"package":"com.amazing.gamez.airplane.car.transporter.pilot","appVersionCode":"","appVersionName":"","nativeApp":"0","store":"42","uniqueDeviceID":"2961","appID":"","deviceID":"","region":"","adsQueueEventStats ":[{"adID":"18","sceneID":"8"," request":"296"," impression":"296"," click":"296"}],"gssdkVersion":"3.2.2","sdkVersionID":"39","sdkVersion":"39","devMode":"0"}: message value is other then completed,http://52.13.174.6/sheeda/admin/analytics/syncUserDeviceapi is failed
****************** http://52.13.174.6/sheeda/admin/analytics/syncUserDevice
{"package":"com.amazing.gamez.off.road.hill.climb","appVersionCode":"","appVersionName":"","nativeApp":"0","store":"41","uniqueDeviceID":"3278","appID":"","deviceID":"","region":"","adsQueueEventStats ":[{"adID":"19","sceneID":"9"," request":"328"," impression":"328"," click":"328"}],"gssdkVersion":"3.2.2","sdkVersionID":"39","sdkVersion":"39","devMode":"0"}: message value is other then completed,http://52.13.174.6/sheeda/admin/analytics/syncUserDeviceapi is failed
****************** http://52.13.174.6/sheeda/admin/analytics/syncUserDevice
{"package":"com.amazing.gamez.off.road.hill.climb","appVersionCode":"","appVersionName":"","nativeApp":"0","store":"43","uniqueDeviceID":"6","appID":"","deviceID":"","region":"","adsQueueEventStats ":[{"adID":"20","sceneID":"1"," request":"1"," impression":"1"," click":"1"}],"gssdkVersion":"3.2.2","sdkVersionID":"39","sdkVersion":"39","devMode":"0"}: message value is other then completed,http://52.13.174.6/sheeda/admin/analytics/syncUserDeviceapi is failed
****************** http://52.13.174.6/sheeda/admin/analytics/syncUserDevice
****************** http://52.13.174.6/sheeda/admin/analytics/syncUserDevice
AM mode is working fine
Message value is completed
****************** http://52.13.174.6/sheeda/admin/analytics/syncUserDevice
AM mode is working fine
Message value is completed
****************** http://52.13.174.6/sheeda/admin/analytics/syncUserDevice
AM mode is working fine
Message value is completed
****************** http://52.13.174.6/sheeda/admin/analytics/syncUserDevice
AM mode is working fine
Message value is completed
****************** http://52.13.174.6/sheeda/admin/analytics/syncUserDevice
{"package":"com.amazing.gamez.share.attack.survival.simulator","appVersionCode":"","appVersionName":"","nativeApp":"0","store":"42","uniqueDeviceID":"9537","appID":"","deviceID":"","region":"","adsQueueEventStats ":[{"adID":"26","sceneID":"24"," request":"953"," impression":"953"," click":"953"}],"gssdkVersion":"3.2.2","sdkVersionID":"39","sdkVersion":"39","devMode":"0"}: message value is other then completed,http://52.13.174.6/sheeda/admin/analytics/syncUserDeviceapi is failed
****************** http://52.13.174.6/sheeda/admin/analytics/syncUserDevice
****************** http://52.13.174.6/sheeda/admin/analytics/syncUserDevice
{"package":"com.amazing.gamez.counter.terrorist.force","appVersionCode":"","appVersionName":"","nativeApp":"0","store":"41","uniqueDeviceID":"2331","appID":"","deviceID":"","region":"","adsQueueEventStats ":[{"adID":"28","sceneID":"6"," request":"233"," impression":"233"," click":"233"}],"gssdkVersion":"3.2.2","sdkVersionID":"39","sdkVersion":"39","devMode":"0"}: message value is other then completed,http://52.13.174.6/sheeda/admin/analytics/syncUserDeviceapi is failed
****************** http://52.13.174.6/sheeda/admin/analytics/syncUserDevice
AM mode is working fine
Message value is completed
****************** http://52.13.174.6/sheeda/admin/analytics/syncUserDevice
AM mode is working fine
Message value is completed
****************** http://52.13.174.6/sheeda/admin/analytics/syncUserDevice
AM mode is working fine
Message value is completed
****************** http://52.13.174.6/sheeda/admin/analytics/syncUserDevice
AM mode is working fine
Message value is completed
****************** http://52.13.174.6/sheeda/admin/analytics/syncUserDevice
AM mode is working fine
Message value is completed
****************** http://52.13.174.6/sheeda/admin/analytics/syncUserDevice
AM mode is working fine
Message value is completed
****************** http://52.13.174.6/sheeda/admin/analytics/syncUserDevice
AM mode is working fine
child directed value is set
Sequences value is set
Is hide ads value is set
Mediation mode value is set
Ads mediation queue value is set
Message value is completed
****************** http://52.13.174.6/sheeda/admin/analytics/syncUserDevice
AM mode is working fine
Message value is completed
****************** http://52.13.174.6/sheeda/admin/analytics/syncUserDevice
AM mode is working fine
Message value is completed
****************** http://52.13.174.6/sheeda/admin/analytics/syncUserDevice
AM mode is working fine
Message value is completed
****************** http://52.13.174.6/sheeda/admin/analytics/syncUserDevice
AM mode is working fine
Message value is completed
****************** http://52.13.174.6/sheeda/admin/analytics/syncUserDevice
AM mode is working fine
Message value is completed
****************** http://52.13.174.6/sheeda/admin/analytics/syncUserDevice
AM mode is working fine
Message value is completed
****************** http://52.13.174.6/sheeda/admin/analytics/syncUserDevice
AM mode is working fine
Message value is completed
****************** http://52.13.174.6/sheeda/admin/analytics/syncUserDevice
AM mode is working fine
Message value is completed
****************** http://52.13.174.6/sheeda/admin/analytics/syncUserDevice
AM mode is working fine
Message value is completed
****************** http://52.13.174.6/sheeda/admin/analytics/syncUserDevice
AM mode is working fine
Message value is completed
****************** http://52.13.174.6/sheeda/admin/analytics/syncUserDevice
AM mode is working fine
Message value is completed
****************** http://52.13.174.6/sheeda/admin/analytics/syncUserDevice
AM mode is working fine
Message value is completed
****************** http://52.13.174.6/sheeda/admin/analytics/syncUserDevice
AM mode is working fine
Message value is completed
****************** http://52.13.174.6/sheeda/admin/analytics/syncUserDevice
AM mode is working fine
Message value is completed
****************** http://52.13.174.6/sheeda/admin/analytics/syncUserDevice
AM mode is working fine
Message value is completed
****************** http://52.13.174.6/sheeda/admin/analytics/syncUserDevice
AM mode is working fine
Message value is completed
****************** http://52.13.174.6/sheeda/admin/analytics/syncUserDevice
AM mode is working fine
Message value is completed
</DebugTrace>
      </Output>
    </UnitTestResult>
  </Results>
</TestRun>